<!DOCTYPE html>
<html lang="en">
<head>
	<title>Cucumber</title>
	<meta content="text/html;charset=utf-8" http-equiv="Content-Type">
	<meta name="viewport" content="width=device-width, initial-scale=1.0">
	<link rel="icon" href="data:image/svg+xml,%3Csvg%20xmlns%3D%22http%3A%2F%2Fwww.w3.org%2F2000%2Fsvg%22%20class%3D%22ml-3%20ml-md-0%22%20viewBox%3D%220%200%2040.59%2046.31%22%20width%3D%2240.59%22%20height%3D%2246.31%22%3E%0A%20%20%20%20%3Cg%3E%0A%20%20%20%20%20%20%20%20%3Cpath%20fill%3D%22%2323d96c%22%20fill-rule%3D%22evenodd%22%20d%3D%22M30.283%203.645q-.528-.317-1.08-.593a16.164%2016.164%200%2000-1.154-.518c-.124-.052-.247-.1-.372-.149-.343-.127-.689-.268-1.042-.371a19.427%2019.427%200%2010-9.792%2037.51v5.56c11.676-1.753%2022.016-10.979%2022.787-23.093.459-7.289-3.193-14.73-9.347-18.346z%22%2F%3E%0A%20%20%20%20%20%20%20%20%3Cpath%20fill%3D%22%23173647%22%20d%3D%22M15.787%2046.307v-5.935A20.472%2020.472%200%201126.959%201.015c.274.08.557.187.832.291l.248.093c.165.064.291.113.417.167.348.137.739.313%201.208.543q.589.295%201.153.633c6.393%203.756%2010.354%2011.518%209.857%2019.316-.763%2012-10.722%2022.122-23.679%2024.067zm4.8-44.214h-.026a18.366%2018.366%200%2000-3.524%2036.408l.85.165v5.18c11.392-2.224%2020.009-11.272%2020.686-21.922.448-7.033-3.1-14.018-8.83-17.383l-.008-.005A14.691%2014.691%200%200027.654%203.5a5.74%205.74%200%2000-.344-.138l-.27-.1a9.49%209.49%200%2000-.708-.249%2018.425%2018.425%200%2000-5.743-.92z%22%2F%3E%0A%20%20%20%20%20%20%20%20%3Cpath%20fill%3D%22%23173647%22%20fill-rule%3D%22evenodd%22%20d%3D%22M16.666%2010.58a1.8%201.8%200%20011.583.608%204.184%204.184%200%2001.728%201.107c.645%201.422%201.027%203.461.23%204.605a6.334%206.334%200%2001-3.981-3.087%203.236%203.236%200%2001-.347-1.339%201.957%201.957%200%20011.787-1.894zm-5.683%208.025a7.742%207.742%200%20001.218.737%205.789%205.789%200%20004.883-.138%206.116%206.116%200%2000-3.345-3.45%203.664%203.664%200%2000-1.442-.321%201.884%201.884%200%2000-.319%200%201.766%201.766%200%2000-.995%203.172zm6.1%203.433c-.777-.518-2.379-.309-3.312-.292a4.416%204.416%200%2000-1.666.352%203.5%203.5%200%2000-1.218.738%201.817%201.817%200%20001.409%203.171%203.3%203.3%200%20001.442-.321c1.436-.62%203.141-2.32%203.346-3.648zm2.61%202a6.556%206.556%200%2000-3.724%203.506%203.091%203.091%200%2000-.321%201.314%201.907%201.907%200%20003.3%201.346%207.422%207.422%200%2000.7-1.218c.621-1.333.866-3.72.046-4.948zm2.557-7.167a5.941%205.941%200%20003.7-3.167%203.243%203.243%200%2000.319-1.346%201.915%201.915%200%2000-1.794-1.954%201.832%201.832%200%2000-1.6.641%207.382%207.382%200%2000-.705%201.218c-.62%201.434-.842%203.48.081%204.603zm4.208%2012.115a3.244%203.244%200%2000-.321-1.345%205.869%205.869%200%2000-3.554-3.269%205.386%205.386%200%2000-.226%204.711%204.147%204.147%200%2000.7%201.121c1.133%201.23%203.505.32%203.402-1.218zm4.2-6.28a7.466%207.466%200%2000-1.217-.7%204.425%204.425%200%2000-1.666-.352%206.4%206.4%200%2000-3.188.555%205.959%205.959%200%20003.316%203.386%203.672%203.672%200%20001.442.32%201.8%201.8%200%20001.31-3.209z%22%2F%3E%0A%20%20%20%20%3C%2Fg%3E%0A%3C%2Fsvg%3E">
	<style>
body{padding:0;margin:0}.html-formatter{max-width:1600px;min-height:100vh;margin:0 auto}
.XR3QM0DC8dUJX1FPQBu_{background-color:var(--cucumber-panel-accent-color, #e8e8e8);border:1px solid rgba(0,0,0,0)}.jjG3rnQfHnX9wBgX_idP{display:grid;grid-template-columns:repeat(12, 1fr);grid-template-rows:1fr 1fr;gap:1px;margin:0;text-align:center}.rfv832DGvJuGyzFuMjXC{grid-column-end:span 4;display:flex;flex-direction:column-reverse;justify-content:center;padding:1.5em;background-color:var(--cucumber-background-color, white);color:var(--cucumber-text-color, #222)}.ZObJrdGWGYZYqvRPTO7x,.ZObJrdGWGYZYqvRPTO7x~.rfv832DGvJuGyzFuMjXC{grid-column-end:span 3}.OFz0nWrlbIgqinwc4usO{font-weight:bold;font-size:1.25em;margin:0}.OFz0nWrlbIgqinwc4usO svg{max-width:2em}.xmSDOQ_c8MimWxT035vV{font-size:1em;margin-top:.25em;color:var(--cucumber-code-text-color, #666)}.PUJ_q_3Y8RQhAcXxakiL{display:inline-flex;gap:.25em}.PUJ_q_3Y8RQhAcXxakiL+.PUJ_q_3Y8RQhAcXxakiL{margin-left:1em}.PUJ_q_3Y8RQhAcXxakiL a{color:var(--cucumber-anchor-color, #297bde)}
.E4mSCqTkr4getx0W9smB{margin-bottom:1.5em}.E4mSCqTkr4getx0W9smB>*{border-top:0 !important}
.gUbOxW8Yux5FNeSfsI2O{position:relative;display:flex;align-items:center}.AEvAM9M_0ZxmJghPdVQs{color:var(--cucumber-anchor-color, #297bde);opacity:0;transition:all .35s ease-in-out;position:absolute;font-size:.75em;left:var(--cucumber-anchor-offset, -1.1em)}.gUbOxW8Yux5FNeSfsI2O:hover .AEvAM9M_0ZxmJghPdVQs{opacity:1}
.pzfx7tCRXyytC6g9SDxg{display:flex;align-items:center;gap:4px;background-color:rgba(0,0,0,0);color:var(--cucumber-anchor-color, #297bde);font-family:inherit;font-size:inherit;padding:0;border:0;margin:0 0 .5em 0;cursor:pointer}.pzfx7tCRXyytC6g9SDxg:hover,.pzfx7tCRXyytC6g9SDxg:focus{text-decoration:underline}
.Cbm1hRh_nuzVXaBR2dZ0{white-space:pre-wrap;font-family:ui-monospace,SFMono-Regular,Menlo,Monaco,Consolas,"Liberation Mono","Courier New",monospace;font-size:.875em;padding:.666em .75em;border-radius:.25em;margin:0;overflow-x:auto;background-color:var(--cucumber-code-background-color, #f6f8fa);color:var(--cucumber-code-text-color, #666)}.p1VipAhIVu_6GwqL_EUw{margin-right:.75em;opacity:.333}.ORaS_8RRNPuyNQTWStAR{max-width:100%;margin-top:.5em}
.gXG0xG1TJk_4pdoSxoAf{white-space:pre-wrap;font-family:ui-monospace,SFMono-Regular,Menlo,Monaco,Consolas,"Liberation Mono","Courier New",monospace;font-size:.875em;padding:.666em .75em;border-radius:.25em;margin:0;overflow-x:auto;background-color:var(--cucumber-error-background-color, #fff0f0);color:var(--cucumber-error-text-color, #bd0a2b)}
.IWgpmOz8r6Wj2YWzioT1{padding:0;margin:1em}.IWgpmOz8r6Wj2YWzioT1 a{color:var(--cucumber-anchor-color, #297bde)}
.MNkrrVMCDeB7mTXs5do4{border-collapse:collapse;margin:0}.MNkrrVMCDeB7mTXs5do4 thead tr{border-bottom:6px solid rgba(0,0,0,0)}.MNkrrVMCDeB7mTXs5do4 tr+tr{border-top:6px solid rgba(0,0,0,0)}.MNkrrVMCDeB7mTXs5do4 th,.MNkrrVMCDeB7mTXs5do4 td{padding:.4em .6em;border-width:2px;border-style:solid;border-top:none;border-bottom:none;border-color:var(--cucumber-keyword-color, #000080);color:var(--cucumber-parameter-color, #297bde)}
.buWCECLHpnDfpwKwugOX{font-family:ui-monospace,SFMono-Regular,Menlo,Monaco,Consolas,"Liberation Mono","Courier New",monospace;color:var(--cucumber-docstring-color, #008080);padding-bottom:.25em;margin:0;overflow-x:auto}.buWCECLHpnDfpwKwugOX::before,.buWCECLHpnDfpwKwugOX::after{content:'"""';display:block;transform:translateY(0.25em)}.buWCECLHpnDfpwKwugOX::before{padding-bottom:.25em}.buWCECLHpnDfpwKwugOX::after{padding-top:.25em}
.KqWCaxcpp4sxz7A20RLA{font-weight:bold;color:var(--cucumber-keyword-color, #000080);margin-right:.5em}
.jraSbOu3Xpk7mbUgodqc{font-weight:normal;color:var(--cucumber-parameter-color, #297bde)}
.j0ln79cSlRB4hNiHeXjH[data-status=PASSED]{color:rgba(44,177,74,.667)}.j0ln79cSlRB4hNiHeXjH[data-status=SKIPPED]{color:rgba(0,160,204,.667)}.j0ln79cSlRB4hNiHeXjH[data-status=PENDING]{color:rgba(255,173,51,.667)}.j0ln79cSlRB4hNiHeXjH[data-status=UNDEFINED]{color:rgba(255,173,51,.667)}.j0ln79cSlRB4hNiHeXjH[data-status=AMBIGUOUS]{color:rgba(244,235,253,.667)}.j0ln79cSlRB4hNiHeXjH[data-status=FAILED]{color:rgba(187,0,0,.667)}.j0ln79cSlRB4hNiHeXjH[data-status=UNKNOWN]{color:rgba(182,190,203,.667)}
.UXBAOOwgLjqbpb8XD1WL{display:flex;--cucumber-anchor-offset: -3.25em}.kDEmgsysGXM7DgTGCWfs{width:1.5em;padding-top:.1em}.rIuf66pcn5inse3YjseZ{flex-grow:1;max-width:calc(100% - 1.5em)}.rIuf66pcn5inse3YjseZ>*+*{margin-top:.25em !important}
.vf7CPB8kAcns60tKI7vY{display:inline-block;font-weight:normal;padding:0;margin:0}
.bbjk27OORIAhv9IbGaBL{padding:0;margin:1em}.bbjk27OORIAhv9IbGaBL>li{list-style:none}.bbjk27OORIAhv9IbGaBL>li+li{margin-top:.25em}
.vIGVFeZhSpvtjMv28qFg{padding:0;margin:1em}
.R_7odAGRh9ZWASbUwK3j{margin-left:1rem}
.Fdmm0s4soB2pkvNYXQbv{border-collapse:collapse;margin:0}.Fdmm0s4soB2pkvNYXQbv thead tr{border-bottom:6px solid rgba(0,0,0,0)}.Fdmm0s4soB2pkvNYXQbv tr+tr{border-top:6px solid rgba(0,0,0,0)}.Fdmm0s4soB2pkvNYXQbv th,.Fdmm0s4soB2pkvNYXQbv td{padding:.4em .6em;border-width:2px;border-style:solid;border-top:none;border-bottom:none;border-color:var(--cucumber-keyword-color, #000080);color:var(--cucumber-parameter-color, #297bde)}.Fdmm0s4soB2pkvNYXQbv th:first-child,.Fdmm0s4soB2pkvNYXQbv td:first-child{border-left:none}.Fdmm0s4soB2pkvNYXQbv tbody tr{cursor:pointer}
.FbgC7RSK7PrGGsNDRAl2{padding:0;margin:0}.QRN0XyDjb8RR6B4I3C5w{display:inline;list-style-type:none;padding:8px 0;color:var(--cucumber-tag-color, #808000)}.QRN0XyDjb8RR6B4I3C5w:not(:last-child){margin-right:10px}
.ETQctlyGyWWjcMYVPHxW{transform:rotate(45deg)}
.X9zF5mRApmhkNHKRv89A{padding:0;margin:1em}.X9zF5mRApmhkNHKRv89A>li{list-style:none}.X9zF5mRApmhkNHKRv89A>li+li{margin-top:.25em}
.aNBioFoTxXGy8fl89aVN{padding-top:.35em;padding-left:.5em;padding-right:.5em}.uH0tV61h4vEwGIdnLhmB{border:1px solid var(--cucumber-panel-accent-color, #e8e8e8);border-radius:2px}.tIbY7PZ2bzsj9dKjbfxb+.tIbY7PZ2bzsj9dKjbfxb{border-top:1px solid var(--cucumber-panel-accent-color, #e8e8e8)}.oxCzU1rC8VLhLfVMMrX2{box-sizing:border-box;width:100%;padding:.75em 1em;border:none;background-color:var(--cucumber-panel-background-color, #f4f4f4);color:var(--cucumber-panel-text-color, #444);cursor:pointer;text-align:left}.oxCzU1rC8VLhLfVMMrX2:hover{background-color:var(--cucumber-panel-accent-color, #e8e8e8)}.g2StHf8iOGfwMQe5f9rk{transform-origin:center center;transition:transform .2s linear}.oxCzU1rC8VLhLfVMMrX2[aria-expanded=true] .g2StHf8iOGfwMQe5f9rk,.oxCzU1rC8VLhLfVMMrX2[aria-selected=true] .g2StHf8iOGfwMQe5f9rk{transform:rotate(90deg)}.aSGVb3Tv5B8Nz24vToKW{padding:1.25em}
.rioeqbTEi_lL8FESsJqA{display:flex;flex-direction:column;align-items:center;gap:.5em;padding-bottom:1.5em;text-align:center}.xvCoYo7NPDqD900sFMjr{font-size:3em;opacity:.125}
.qCGgrwvVkkINDRfqpvsj{box-sizing:border-box;display:flex;align-items:center;justify-content:space-between;width:100%;padding:1em;border:1px solid var(--cucumber-panel-accent-color, #e8e8e8);background-color:var(--cucumber-panel-background-color, #f4f4f4);color:var(--cucumber-panel-text-color, #444)}.bnRegjcAB_MU3kCnU0eO{position:relative;margin-top:-0.5em}.DnlYJBmP1_AfFSU3KSgD{position:absolute;left:0;margin-left:.4em;top:.5em;opacity:.666}.XhufRLVTP4kJj55pWlZQ{box-sizing:border-box;width:100%;padding:.5em 0 .5em 1.5em;font-family:inherit;font-size:inherit;background-color:rgba(0,0,0,0);color:var(--cucumber-text-color, #222);border:1px solid #ced4da;border-radius:.3em}.Pj6CVtDA4EslW8OfcTI9{display:block;font-size:.75em;line-height:1em;margin-top:.3em}.Pj6CVtDA4EslW8OfcTI9 a{color:var(--cucumber-anchor-color, #297bde)}.JPICQf5NjLq2IqfrDM06{display:flex;align-items:center;gap:.5em}.i7Lu8mj6UiHXs3uZahvK{display:flex;align-items:center;gap:.5em;list-style:none;padding:0;margin:0}.di7wOxuS_2Y1X70JnH4C{opacity:.666}.ue2HaGqIjpPqXt_Q__wa{display:flex;align-items:center;gap:1px;accent-color:var(--cucumber-anchor-color, #297bde)}
.jGf5f1r0vW6ApPrFIznv{list-style:none;display:flex;width:100%;padding:0;margin:0}.VlpRuYBlXtcShawgxgzA{box-sizing:border-box;flex-grow:1;min-width:11em;padding:.333em 2.5em;background-color:#000;color:#fff;white-space:nowrap;text-align:center;text-transform:uppercase}.VlpRuYBlXtcShawgxgzA[data-status=PASSED]{background-color:#2cb14a}.VlpRuYBlXtcShawgxgzA[data-status=SKIPPED]{background-color:#00a0cc}.VlpRuYBlXtcShawgxgzA[data-status=PENDING]{background-color:#ffad33}.VlpRuYBlXtcShawgxgzA[data-status=UNDEFINED]{background-color:#ffad33}.VlpRuYBlXtcShawgxgzA[data-status=AMBIGUOUS]{background-color:#f4ebfd}.VlpRuYBlXtcShawgxgzA[data-status=FAILED]{background-color:#b00}.VlpRuYBlXtcShawgxgzA[data-status=UNKNOWN]{background-color:#b6becb}
.g84sy6xgJUyJIzpsyG5S{font-size:14px;font-family:"Inter var",ui-sans-serif,system-ui,-apple-system,BlinkMacSystemFont,"Segoe UI",Roboto,"Helvetica Neue",Arial,"Noto Sans",sans-serif,"Apple Color Emoji","Segoe UI Emoji","Segoe UI Symbol","Noto Color Emoji";color:var(--cucumber-text-color, #222);background:var(--cucumber-background-color, white)}.S07ZPK5i38Whpt0ARQ6p{--cucumber-background-color: #1d1d26;--cucumber-text-color: #c9c9d1;--cucumber-anchor-color: #4caaee;--cucumber-keyword-color: #d89077;--cucumber-parameter-color: #4caaee;--cucumber-tag-color: #85a658;--cucumber-docstring-color: #66a565;--cucumber-error-background-color: #cf6679;--cucumber-error-text-color: #222;--cucumber-code-background-color: #282a36;--cucumber-code-text-color: #f8f8f2;--cucumber-panel-background-color: #282a36;--cucumber-panel-accent-color: #313442;--cucumber-panel-text-color: #f8f8f2}@media all and (prefers-color-scheme: dark){.pPHXjw4HiiEZ76UmW2np{--cucumber-background-color: #1d1d26;--cucumber-text-color: #c9c9d1;--cucumber-anchor-color: #4caaee;--cucumber-keyword-color: #d89077;--cucumber-parameter-color: #4caaee;--cucumber-tag-color: #85a658;--cucumber-docstring-color: #66a565;--cucumber-error-background-color: #cf6679;--cucumber-error-text-color: #222;--cucumber-code-background-color: #282a36;--cucumber-code-text-color: #f8f8f2;--cucumber-panel-background-color: #282a36;--cucumber-panel-accent-color: #313442;--cucumber-panel-text-color: #f8f8f2}}

	</style>
</head>
<body>
<div id="content">
</div>
<script>
window.CUCUMBER_MESSAGES = [{"meta":{"protocolVersion":"22.0.0","implementation":{"name":"cucumber-jvm","version":"7.15.0"},"runtime":{"name":"OpenJDK 64-Bit Server VM","version":"17.0.17+10-LTS"},"os":{"name":"Windows 10"},"cpu":{"name":"amd64"}}},{"testRunStarted":{"timestamp":{"seconds":1770714910,"nanos":954779400}}},{"source":{"uri":"file:///C:/dev/SauceLabsGherkin/src/test/resources/features/1_POEI2-633,POEI2-651.feature","data":"\r\n\r\nFeature: Authentification\r\n\r\n\t@POEI2-633 @POEI2-705 @POEI2-720\r\n\tScenario Outline: OK : Authentification avec différents comptes\r\n\t\tGiven l'utilisateur est sur la page de connexion\r\n\t\t    When il saisit le login \"<login>\"\r\n\t\t    And il saisit le mot de passe \"<password>\"\r\n\t\t    And il clique sur le bouton de connexion\r\n\t\t    Then le résultat de la connexion est \"<resultat>\"\r\n\t\t\r\n\t\t    Examples:\r\n\t\t      | login                     | password        | resultat |\r\n\t\t      | standard_user             | secret_sauce    | succes   |\r\n\t\t      | locked_out_user           | secret_sauce    | erreur   |\r\n\t\t      | problem_user              | secret_sauce    | succes   |\r\n\t\t      | performance_glitch_user   | secret_sauce    | succes   |\r\n\t\t      | standard_user             | wrong_password  | erreur   |\r\n\t\t\r\n\t@POEI2-651 @POEI2-705\r\n\tScenario Outline: Authentification avec différents comptes\r\n\t\tGiven l'utilisateur est sur la page de connexion\r\n\t\t      When il saisit le login \"<username>\" et le mot de passe \"<password>\"\r\n\t\t      Then le statut de la connexion devrait être \"<status>\"\r\n\t\t\r\n\t\t      Examples:\r\n\t\t        | username | password | status |\r\n\t\t        | standard_user | secret_sauce | success |\r\n\t\t        | locked_out_user | secret_sauce | failed |\r\n\t\t        \r\n\t\t\r\n","mediaType":"text/x.cucumber.gherkin+plain"}},{"gherkinDocument":{"uri":"file:///C:/dev/SauceLabsGherkin/src/test/resources/features/1_POEI2-633,POEI2-651.feature","feature":{"location":{"line":3,"column":1},"tags":[],"language":"en","keyword":"Feature","name":"Authentification","description":"","children":[{"scenario":{"location":{"line":6,"column":2},"tags":[{"location":{"line":5,"column":2},"name":"@POEI2-633","id":"e46a1322-486a-4951-aa2a-b49f8b45b462"},{"location":{"line":5,"column":13},"name":"@POEI2-705","id":"e52fec68-0132-4144-85e9-66d0e81ae525"},{"location":{"line":5,"column":24},"name":"@POEI2-720","id":"49147a28-8bf9-4531-9834-9bfd73f3df0e"}],"keyword":"Scenario Outline","name":"OK : Authentification avec différents comptes","description":"","steps":[{"location":{"line":7,"column":3},"keyword":"Given ","keywordType":"Context","text":"l'utilisateur est sur la page de connexion","id":"010d523e-708f-4e8a-8c8d-816a2c9e84b5"},{"location":{"line":8,"column":7},"keyword":"When ","keywordType":"Action","text":"il saisit le login \"<login>\"","id":"f4291d11-530e-4408-8d72-805671cd7486"},{"location":{"line":9,"column":7},"keyword":"And ","keywordType":"Conjunction","text":"il saisit le mot de passe \"<password>\"","id":"e829f171-6d6a-476d-ba66-61ec3929cafd"},{"location":{"line":10,"column":7},"keyword":"And ","keywordType":"Conjunction","text":"il clique sur le bouton de connexion","id":"d76ce952-659d-4374-84a3-a7ccf5392646"},{"location":{"line":11,"column":7},"keyword":"Then ","keywordType":"Outcome","text":"le résultat de la connexion est \"<resultat>\"","id":"5ff84b3a-463e-4a39-8fcb-ec9a5b05d339"}],"examples":[{"location":{"line":13,"column":7},"tags":[],"keyword":"Examples","name":"","description":"","tableHeader":{"location":{"line":14,"column":9},"cells":[{"location":{"line":14,"column":11},"value":"login"},{"location":{"line":14,"column":39},"value":"password"},{"location":{"line":14,"column":57},"value":"resultat"}],"id":"1b4659ac-b04a-4e87-a2c9-6dca5793a27f"},"tableBody":[{"location":{"line":15,"column":9},"cells":[{"location":{"line":15,"column":11},"value":"standard_user"},{"location":{"line":15,"column":39},"value":"secret_sauce"},{"location":{"line":15,"column":57},"value":"succes"}],"id":"8201e034-50ac-48bd-ad1f-60aa5df60ce7"},{"location":{"line":16,"column":9},"cells":[{"location":{"line":16,"column":11},"value":"locked_out_user"},{"location":{"line":16,"column":39},"value":"secret_sauce"},{"location":{"line":16,"column":57},"value":"erreur"}],"id":"6e21533c-9ad3-4352-ad6c-39c0f77d6038"},{"location":{"line":17,"column":9},"cells":[{"location":{"line":17,"column":11},"value":"problem_user"},{"location":{"line":17,"column":39},"value":"secret_sauce"},{"location":{"line":17,"column":57},"value":"succes"}],"id":"a6d09b0d-d015-4a31-a458-194771594327"},{"location":{"line":18,"column":9},"cells":[{"location":{"line":18,"column":11},"value":"performance_glitch_user"},{"location":{"line":18,"column":39},"value":"secret_sauce"},{"location":{"line":18,"column":57},"value":"succes"}],"id":"86dd7545-2704-40b0-a3c1-af5aafcef324"},{"location":{"line":19,"column":9},"cells":[{"location":{"line":19,"column":11},"value":"standard_user"},{"location":{"line":19,"column":39},"value":"wrong_password"},{"location":{"line":19,"column":57},"value":"erreur"}],"id":"49da3144-b636-41a7-b3e3-90c4a85a6a8c"}],"id":"176a5fcc-5052-4aef-8f8b-92ed0227219f"}],"id":"bcb358b7-874c-422f-bfaf-1113d73c0366"}},{"scenario":{"location":{"line":22,"column":2},"tags":[{"location":{"line":21,"column":2},"name":"@POEI2-651","id":"223922c9-c34c-4265-91cd-69f6e7ed9422"},{"location":{"line":21,"column":13},"name":"@POEI2-705","id":"d1abb305-d013-4bee-a828-1ee3e6da6e85"}],"keyword":"Scenario Outline","name":"Authentification avec différents comptes","description":"","steps":[{"location":{"line":23,"column":3},"keyword":"Given ","keywordType":"Context","text":"l'utilisateur est sur la page de connexion","id":"7115f3f3-8da5-4c66-b30d-26f70fe6c77a"},{"location":{"line":24,"column":9},"keyword":"When ","keywordType":"Action","text":"il saisit le login \"<username>\" et le mot de passe \"<password>\"","id":"f789e1e5-a0c6-4c64-8fda-fd68f5f22bc7"},{"location":{"line":25,"column":9},"keyword":"Then ","keywordType":"Outcome","text":"le statut de la connexion devrait être \"<status>\"","id":"adff3b6a-6eb6-4b46-927f-f2ef7453c05d"}],"examples":[{"location":{"line":27,"column":9},"tags":[],"keyword":"Examples","name":"","description":"","tableHeader":{"location":{"line":28,"column":11},"cells":[{"location":{"line":28,"column":13},"value":"username"},{"location":{"line":28,"column":24},"value":"password"},{"location":{"line":28,"column":35},"value":"status"}],"id":"b9f3ef65-0f9f-40a4-a7df-a09358dca629"},"tableBody":[{"location":{"line":29,"column":11},"cells":[{"location":{"line":29,"column":13},"value":"standard_user"},{"location":{"line":29,"column":29},"value":"secret_sauce"},{"location":{"line":29,"column":44},"value":"success"}],"id":"024d8e8e-77cf-4dbb-870d-fda42faba880"},{"location":{"line":30,"column":11},"cells":[{"location":{"line":30,"column":13},"value":"locked_out_user"},{"location":{"line":30,"column":31},"value":"secret_sauce"},{"location":{"line":30,"column":46},"value":"failed"}],"id":"5b402810-4c7b-4282-9c47-b9548ca47e52"}],"id":"1acfe0ca-1297-452a-a8a2-bce6e16aab99"}],"id":"a30f2a34-2c4a-482e-8525-8b258eeeb930"}}]},"comments":[]}},{"pickle":{"id":"b1f437f7-571f-4517-939d-db3bb2e91d18","uri":"file:///C:/dev/SauceLabsGherkin/src/test/resources/features/1_POEI2-633,POEI2-651.feature","name":"OK : Authentification avec différents comptes","language":"en","steps":[{"astNodeIds":["010d523e-708f-4e8a-8c8d-816a2c9e84b5","8201e034-50ac-48bd-ad1f-60aa5df60ce7"],"id":"5af2f600-679d-4571-a228-a6b45d472955","type":"Context","text":"l'utilisateur est sur la page de connexion"},{"astNodeIds":["f4291d11-530e-4408-8d72-805671cd7486","8201e034-50ac-48bd-ad1f-60aa5df60ce7"],"id":"4a73c1d3-8645-4507-97f1-bbbcebd49404","type":"Action","text":"il saisit le login \"standard_user\""},{"astNodeIds":["e829f171-6d6a-476d-ba66-61ec3929cafd","8201e034-50ac-48bd-ad1f-60aa5df60ce7"],"id":"7a450763-3950-4156-92f8-14e0514e5b87","type":"Action","text":"il saisit le mot de passe \"secret_sauce\""},{"astNodeIds":["d76ce952-659d-4374-84a3-a7ccf5392646","8201e034-50ac-48bd-ad1f-60aa5df60ce7"],"id":"a879e118-fdee-4149-94eb-2578ee10f762","type":"Action","text":"il clique sur le bouton de connexion"},{"astNodeIds":["5ff84b3a-463e-4a39-8fcb-ec9a5b05d339","8201e034-50ac-48bd-ad1f-60aa5df60ce7"],"id":"2f0b9540-9f31-45cf-98cc-aa8e7d84958f","type":"Outcome","text":"le résultat de la connexion est \"succes\""}],"tags":[{"name":"@POEI2-633","astNodeId":"e46a1322-486a-4951-aa2a-b49f8b45b462"},{"name":"@POEI2-705","astNodeId":"e52fec68-0132-4144-85e9-66d0e81ae525"},{"name":"@POEI2-720","astNodeId":"49147a28-8bf9-4531-9834-9bfd73f3df0e"}],"astNodeIds":["bcb358b7-874c-422f-bfaf-1113d73c0366","8201e034-50ac-48bd-ad1f-60aa5df60ce7"]}},{"pickle":{"id":"2281be18-127a-46c7-99dd-0bbcc9669c1d","uri":"file:///C:/dev/SauceLabsGherkin/src/test/resources/features/1_POEI2-633,POEI2-651.feature","name":"OK : Authentification avec différents comptes","language":"en","steps":[{"astNodeIds":["010d523e-708f-4e8a-8c8d-816a2c9e84b5","6e21533c-9ad3-4352-ad6c-39c0f77d6038"],"id":"28d00433-8afd-4780-ad91-8aaf0033ea35","type":"Context","text":"l'utilisateur est sur la page de connexion"},{"astNodeIds":["f4291d11-530e-4408-8d72-805671cd7486","6e21533c-9ad3-4352-ad6c-39c0f77d6038"],"id":"bf206ac0-4f48-4585-bf81-7a26e4954fd5","type":"Action","text":"il saisit le login \"locked_out_user\""},{"astNodeIds":["e829f171-6d6a-476d-ba66-61ec3929cafd","6e21533c-9ad3-4352-ad6c-39c0f77d6038"],"id":"7638e2b6-e0b9-4825-be24-17f43fe9c252","type":"Action","text":"il saisit le mot de passe \"secret_sauce\""},{"astNodeIds":["d76ce952-659d-4374-84a3-a7ccf5392646","6e21533c-9ad3-4352-ad6c-39c0f77d6038"],"id":"c41eda17-6d60-4248-aa33-b2798f229878","type":"Action","text":"il clique sur le bouton de connexion"},{"astNodeIds":["5ff84b3a-463e-4a39-8fcb-ec9a5b05d339","6e21533c-9ad3-4352-ad6c-39c0f77d6038"],"id":"47d8ddba-a354-40ca-8be4-ea50216eb15f","type":"Outcome","text":"le résultat de la connexion est \"erreur\""}],"tags":[{"name":"@POEI2-633","astNodeId":"e46a1322-486a-4951-aa2a-b49f8b45b462"},{"name":"@POEI2-705","astNodeId":"e52fec68-0132-4144-85e9-66d0e81ae525"},{"name":"@POEI2-720","astNodeId":"49147a28-8bf9-4531-9834-9bfd73f3df0e"}],"astNodeIds":["bcb358b7-874c-422f-bfaf-1113d73c0366","6e21533c-9ad3-4352-ad6c-39c0f77d6038"]}},{"pickle":{"id":"773343fb-6de8-4f5c-b754-7e3f936543d2","uri":"file:///C:/dev/SauceLabsGherkin/src/test/resources/features/1_POEI2-633,POEI2-651.feature","name":"OK : Authentification avec différents comptes","language":"en","steps":[{"astNodeIds":["010d523e-708f-4e8a-8c8d-816a2c9e84b5","a6d09b0d-d015-4a31-a458-194771594327"],"id":"f5977908-de4d-4f0b-8f99-41e617f63db3","type":"Context","text":"l'utilisateur est sur la page de connexion"},{"astNodeIds":["f4291d11-530e-4408-8d72-805671cd7486","a6d09b0d-d015-4a31-a458-194771594327"],"id":"226f82e3-b648-491e-aa01-2d9652160ead","type":"Action","text":"il saisit le login \"problem_user\""},{"astNodeIds":["e829f171-6d6a-476d-ba66-61ec3929cafd","a6d09b0d-d015-4a31-a458-194771594327"],"id":"46170015-e4af-4c9f-9ff8-6fd89fc80a95","type":"Action","text":"il saisit le mot de passe \"secret_sauce\""},{"astNodeIds":["d76ce952-659d-4374-84a3-a7ccf5392646","a6d09b0d-d015-4a31-a458-194771594327"],"id":"f64025ce-6d0e-40a7-be72-ab31ea9ca2d2","type":"Action","text":"il clique sur le bouton de connexion"},{"astNodeIds":["5ff84b3a-463e-4a39-8fcb-ec9a5b05d339","a6d09b0d-d015-4a31-a458-194771594327"],"id":"9722bde9-b038-4341-890f-05e1ed89d454","type":"Outcome","text":"le résultat de la connexion est \"succes\""}],"tags":[{"name":"@POEI2-633","astNodeId":"e46a1322-486a-4951-aa2a-b49f8b45b462"},{"name":"@POEI2-705","astNodeId":"e52fec68-0132-4144-85e9-66d0e81ae525"},{"name":"@POEI2-720","astNodeId":"49147a28-8bf9-4531-9834-9bfd73f3df0e"}],"astNodeIds":["bcb358b7-874c-422f-bfaf-1113d73c0366","a6d09b0d-d015-4a31-a458-194771594327"]}},{"pickle":{"id":"d5db21de-ba03-4c3c-8514-cd0e22d7087c","uri":"file:///C:/dev/SauceLabsGherkin/src/test/resources/features/1_POEI2-633,POEI2-651.feature","name":"OK : Authentification avec différents comptes","language":"en","steps":[{"astNodeIds":["010d523e-708f-4e8a-8c8d-816a2c9e84b5","86dd7545-2704-40b0-a3c1-af5aafcef324"],"id":"58d0a107-72c2-41e2-b44b-6a07b47ca8c0","type":"Context","text":"l'utilisateur est sur la page de connexion"},{"astNodeIds":["f4291d11-530e-4408-8d72-805671cd7486","86dd7545-2704-40b0-a3c1-af5aafcef324"],"id":"c1f61ebb-25a5-43d2-841a-cf3356851ff1","type":"Action","text":"il saisit le login \"performance_glitch_user\""},{"astNodeIds":["e829f171-6d6a-476d-ba66-61ec3929cafd","86dd7545-2704-40b0-a3c1-af5aafcef324"],"id":"624f8512-3ff4-48e8-973c-fe5e523dbf95","type":"Action","text":"il saisit le mot de passe \"secret_sauce\""},{"astNodeIds":["d76ce952-659d-4374-84a3-a7ccf5392646","86dd7545-2704-40b0-a3c1-af5aafcef324"],"id":"6f836a52-0908-45d3-ba64-e553168ff475","type":"Action","text":"il clique sur le bouton de connexion"},{"astNodeIds":["5ff84b3a-463e-4a39-8fcb-ec9a5b05d339","86dd7545-2704-40b0-a3c1-af5aafcef324"],"id":"0cad9d70-36e1-4180-b7bb-d8f1fe17e79b","type":"Outcome","text":"le résultat de la connexion est \"succes\""}],"tags":[{"name":"@POEI2-633","astNodeId":"e46a1322-486a-4951-aa2a-b49f8b45b462"},{"name":"@POEI2-705","astNodeId":"e52fec68-0132-4144-85e9-66d0e81ae525"},{"name":"@POEI2-720","astNodeId":"49147a28-8bf9-4531-9834-9bfd73f3df0e"}],"astNodeIds":["bcb358b7-874c-422f-bfaf-1113d73c0366","86dd7545-2704-40b0-a3c1-af5aafcef324"]}},{"pickle":{"id":"b69a368b-1c01-4e01-8eec-2af894b9da21","uri":"file:///C:/dev/SauceLabsGherkin/src/test/resources/features/1_POEI2-633,POEI2-651.feature","name":"OK : Authentification avec différents comptes","language":"en","steps":[{"astNodeIds":["010d523e-708f-4e8a-8c8d-816a2c9e84b5","49da3144-b636-41a7-b3e3-90c4a85a6a8c"],"id":"64c131a7-53bc-43ea-b1fc-1b5f280a13cd","type":"Context","text":"l'utilisateur est sur la page de connexion"},{"astNodeIds":["f4291d11-530e-4408-8d72-805671cd7486","49da3144-b636-41a7-b3e3-90c4a85a6a8c"],"id":"d9d241a8-557a-466f-9dbb-d1a7475292d7","type":"Action","text":"il saisit le login \"standard_user\""},{"astNodeIds":["e829f171-6d6a-476d-ba66-61ec3929cafd","49da3144-b636-41a7-b3e3-90c4a85a6a8c"],"id":"e9a8485c-5c0a-4015-904f-2b5904e13d5b","type":"Action","text":"il saisit le mot de passe \"wrong_password\""},{"astNodeIds":["d76ce952-659d-4374-84a3-a7ccf5392646","49da3144-b636-41a7-b3e3-90c4a85a6a8c"],"id":"d5586db6-bae2-4185-88a2-5996fd186d8d","type":"Action","text":"il clique sur le bouton de connexion"},{"astNodeIds":["5ff84b3a-463e-4a39-8fcb-ec9a5b05d339","49da3144-b636-41a7-b3e3-90c4a85a6a8c"],"id":"0dc49312-59d9-4c7b-9624-3c3ac464eeb1","type":"Outcome","text":"le résultat de la connexion est \"erreur\""}],"tags":[{"name":"@POEI2-633","astNodeId":"e46a1322-486a-4951-aa2a-b49f8b45b462"},{"name":"@POEI2-705","astNodeId":"e52fec68-0132-4144-85e9-66d0e81ae525"},{"name":"@POEI2-720","astNodeId":"49147a28-8bf9-4531-9834-9bfd73f3df0e"}],"astNodeIds":["bcb358b7-874c-422f-bfaf-1113d73c0366","49da3144-b636-41a7-b3e3-90c4a85a6a8c"]}},{"pickle":{"id":"72204064-f60f-45d6-b2d2-73ee2bbf8020","uri":"file:///C:/dev/SauceLabsGherkin/src/test/resources/features/1_POEI2-633,POEI2-651.feature","name":"Authentification avec différents comptes","language":"en","steps":[{"astNodeIds":["7115f3f3-8da5-4c66-b30d-26f70fe6c77a","024d8e8e-77cf-4dbb-870d-fda42faba880"],"id":"30ae8569-1bef-42e5-936a-2cbc758215fb","type":"Context","text":"l'utilisateur est sur la page de connexion"},{"astNodeIds":["f789e1e5-a0c6-4c64-8fda-fd68f5f22bc7","024d8e8e-77cf-4dbb-870d-fda42faba880"],"id":"494f4949-7331-42b2-a439-52fce74de9e1","type":"Action","text":"il saisit le login \"standard_user\" et le mot de passe \"secret_sauce\""},{"astNodeIds":["adff3b6a-6eb6-4b46-927f-f2ef7453c05d","024d8e8e-77cf-4dbb-870d-fda42faba880"],"id":"58451fd6-3848-44f1-a16f-d67ad181211a","type":"Outcome","text":"le statut de la connexion devrait être \"success\""}],"tags":[{"name":"@POEI2-651","astNodeId":"223922c9-c34c-4265-91cd-69f6e7ed9422"},{"name":"@POEI2-705","astNodeId":"d1abb305-d013-4bee-a828-1ee3e6da6e85"}],"astNodeIds":["a30f2a34-2c4a-482e-8525-8b258eeeb930","024d8e8e-77cf-4dbb-870d-fda42faba880"]}},{"pickle":{"id":"f24ee268-6347-4541-be6e-1e57f070e837","uri":"file:///C:/dev/SauceLabsGherkin/src/test/resources/features/1_POEI2-633,POEI2-651.feature","name":"Authentification avec différents comptes","language":"en","steps":[{"astNodeIds":["7115f3f3-8da5-4c66-b30d-26f70fe6c77a","5b402810-4c7b-4282-9c47-b9548ca47e52"],"id":"db931ed3-7f49-45a7-be1a-32311b60fa78","type":"Context","text":"l'utilisateur est sur la page de connexion"},{"astNodeIds":["f789e1e5-a0c6-4c64-8fda-fd68f5f22bc7","5b402810-4c7b-4282-9c47-b9548ca47e52"],"id":"20f67c6e-2dd2-4fd4-a1b3-715c37649a29","type":"Action","text":"il saisit le login \"locked_out_user\" et le mot de passe \"secret_sauce\""},{"astNodeIds":["adff3b6a-6eb6-4b46-927f-f2ef7453c05d","5b402810-4c7b-4282-9c47-b9548ca47e52"],"id":"f6a1f699-4db2-41fe-83a5-aa48adcea6b1","type":"Outcome","text":"le statut de la connexion devrait être \"failed\""}],"tags":[{"name":"@POEI2-651","astNodeId":"223922c9-c34c-4265-91cd-69f6e7ed9422"},{"name":"@POEI2-705","astNodeId":"d1abb305-d013-4bee-a828-1ee3e6da6e85"}],"astNodeIds":["a30f2a34-2c4a-482e-8525-8b258eeeb930","5b402810-4c7b-4282-9c47-b9548ca47e52"]}},{"testCase":{"id":"9cc2ce3b-282d-4125-90f3-e3df4286613e","pickleId":"b1f437f7-571f-4517-939d-db3bb2e91d18","testSteps":[{"hookId":"9ea3fcae-e1f5-467f-ad70-988025ef79e0","id":"3530f007-ba59-4678-9c91-364a87e880c3"},{"id":"1fb8b518-0dcf-4383-9966-afbb70631414","pickleStepId":"5af2f600-679d-4571-a228-a6b45d472955","stepDefinitionIds":["aacc1cec-56d7-4c53-a75f-1e8dbf463c26"],"stepMatchArgumentsLists":[{"stepMatchArguments":[]}]},{"id":"9d3b6a21-de1d-4158-a53d-9c08a16ff255","pickleStepId":"4a73c1d3-8645-4507-97f1-bbbcebd49404","stepMatchArgumentsLists":[{"stepMatchArguments":[]}]},{"id":"27e78b8d-c382-4561-aa18-7b60244b252b","pickleStepId":"7a450763-3950-4156-92f8-14e0514e5b87","stepMatchArgumentsLists":[{"stepMatchArguments":[]}]},{"id":"d656373a-3755-4c2b-9f92-44b96dd1c7e3","pickleStepId":"a879e118-fdee-4149-94eb-2578ee10f762","stepMatchArgumentsLists":[{"stepMatchArguments":[]}]},{"id":"ff545205-addb-41e0-915d-464c145d55ae","pickleStepId":"2f0b9540-9f31-45cf-98cc-aa8e7d84958f","stepMatchArgumentsLists":[{"stepMatchArguments":[]}]},{"hookId":"67439102-098e-4f65-83e2-dcce9eb92852","id":"dbae81f9-3790-4fd1-bf92-95cd1eaa8939"}]}},{"testCaseStarted":{"attempt":0,"id":"45dd1b02-a117-4944-b988-7ae4a582e7ed","testCaseId":"9cc2ce3b-282d-4125-90f3-e3df4286613e","workerId":"main","timestamp":{"seconds":1770714911,"nanos":92610500}}},{"testStepStarted":{"testCaseStartedId":"45dd1b02-a117-4944-b988-7ae4a582e7ed","testStepId":"3530f007-ba59-4678-9c91-364a87e880c3","timestamp":{"seconds":1770714911,"nanos":92610500}}},{"testStepFinished":{"testCaseStartedId":"45dd1b02-a117-4944-b988-7ae4a582e7ed","testStepId":"3530f007-ba59-4678-9c91-364a87e880c3","testStepResult":{"duration":{"seconds":4,"nanos":467556300},"message":"io.cucumber.core.exception.CucumberException: Failed to instantiate class com.example.automation.configuration.Hooks\r\n\tat io.cucumber.core.backend.DefaultObjectFactory.cacheNewInstance(DefaultObjectFactory.java:67)\r\n\tat io.cucumber.core.backend.DefaultObjectFactory.getInstance(DefaultObjectFactory.java:45)\r\n\tat io.cucumber.java.AbstractGlueDefinition.invokeMethod(AbstractGlueDefinition.java:47)\r\n\tat io.cucumber.java.JavaHookDefinition.execute(JavaHookDefinition.java:64)\r\n\tat io.cucumber.core.runner.CoreHookDefinition.execute(CoreHookDefinition.java:46)\r\n\tat io.cucumber.core.runner.HookDefinitionMatch.runStep(HookDefinitionMatch.java:21)\r\n\tat io.cucumber.core.runner.ExecutionMode$1.execute(ExecutionMode.java:10)\r\n\tat io.cucumber.core.runner.TestStep.executeStep(TestStep.java:84)\r\n\tat io.cucumber.core.runner.TestStep.run(TestStep.java:56)\r\n\tat io.cucumber.core.runner.TestCase.run(TestCase.java:78)\r\n\tat io.cucumber.core.runner.Runner.runPickle(Runner.java:75)\r\n\tat io.cucumber.junit.PickleRunners$NoStepDescriptions.lambda$run$0(PickleRunners.java:151)\r\n\tat io.cucumber.core.runtime.CucumberExecutionContext.lambda$runTestCase$5(CucumberExecutionContext.java:137)\r\n\tat io.cucumber.core.runtime.RethrowingThrowableCollector.executeAndThrow(RethrowingThrowableCollector.java:23)\r\n\tat io.cucumber.core.runtime.CucumberExecutionContext.runTestCase(CucumberExecutionContext.java:137)\r\n\tat io.cucumber.junit.PickleRunners$NoStepDescriptions.run(PickleRunners.java:148)\r\n\tat io.cucumber.junit.FeatureRunner.runChild(FeatureRunner.java:144)\r\n\tat io.cucumber.junit.FeatureRunner.runChild(FeatureRunner.java:28)\r\n\tat org.junit.runners.ParentRunner$4.run(ParentRunner.java:331)\r\n\tat org.junit.runners.ParentRunner$1.schedule(ParentRunner.java:79)\r\n\tat org.junit.runners.ParentRunner.runChildren(ParentRunner.java:329)\r\n\tat org.junit.runners.ParentRunner.access$100(ParentRunner.java:66)\r\n\tat org.junit.runners.ParentRunner$2.evaluate(ParentRunner.java:293)\r\n\tat org.junit.runners.ParentRunner$3.evaluate(ParentRunner.java:306)\r\n\tat org.junit.runners.ParentRunner.run(ParentRunner.java:413)\r\n\tat io.cucumber.junit.FeatureRunner.run(FeatureRunner.java:137)\r\n\tat io.cucumber.junit.Cucumber.runChild(Cucumber.java:196)\r\n\tat io.cucumber.junit.Cucumber.runChild(Cucumber.java:89)\r\n\tat org.junit.runners.ParentRunner$4.run(ParentRunner.java:331)\r\n\tat org.junit.runners.ParentRunner$1.schedule(ParentRunner.java:79)\r\n\tat org.junit.runners.ParentRunner.runChildren(ParentRunner.java:329)\r\n\tat org.junit.runners.ParentRunner.access$100(ParentRunner.java:66)\r\n\tat org.junit.runners.ParentRunner$2.evaluate(ParentRunner.java:293)\r\n\tat io.cucumber.core.runtime.CucumberExecutionContext.lambda$runFeatures$6(CucumberExecutionContext.java:148)\r\n\tat io.cucumber.core.runtime.CucumberExecutionContext.execute(CucumberExecutionContext.java:163)\r\n\tat io.cucumber.core.runtime.CucumberExecutionContext.runFeatures(CucumberExecutionContext.java:146)\r\n\tat io.cucumber.junit.Cucumber$StartAndFinishTestRun.evaluate(Cucumber.java:226)\r\n\tat org.junit.internal.runners.statements.RunAfters.evaluate(RunAfters.java:27)\r\n\tat org.junit.runners.ParentRunner$3.evaluate(ParentRunner.java:306)\r\n\tat org.junit.runners.ParentRunner.run(ParentRunner.java:413)\r\n\tat org.junit.runner.JUnitCore.run(JUnitCore.java:137)\r\n\tat com.intellij.junit4.JUnit4IdeaTestRunner.startRunnerWithArgs(JUnit4IdeaTestRunner.java:69)\r\n\tat com.intellij.rt.junit.IdeaTestRunner$Repeater$1.execute(IdeaTestRunner.java:38)\r\n\tat com.intellij.rt.execution.junit.TestsRepeater.repeat(TestsRepeater.java:11)\r\n\tat com.intellij.rt.junit.IdeaTestRunner$Repeater.startRunnerWithArgs(IdeaTestRunner.java:35)\r\n\tat com.intellij.rt.junit.JUnitStarter.prepareStreamsAndStart(JUnitStarter.java:237)\r\n\tat com.intellij.rt.junit.JUnitStarter.main(JUnitStarter.java:58)\r\nCaused by: java.lang.reflect.InvocationTargetException\r\n\tat java.base/jdk.internal.reflect.NativeConstructorAccessorImpl.newInstance0(Native Method)\r\n\tat java.base/jdk.internal.reflect.NativeConstructorAccessorImpl.newInstance(NativeConstructorAccessorImpl.java:77)\r\n\tat java.base/jdk.internal.reflect.DelegatingConstructorAccessorImpl.newInstance(DelegatingConstructorAccessorImpl.java:45)\r\n\tat java.base/java.lang.reflect.Constructor.newInstanceWithCaller(Constructor.java:500)\r\n\tat java.base/java.lang.reflect.Constructor.newInstance(Constructor.java:481)\r\n\tat io.cucumber.core.backend.DefaultObjectFactory.cacheNewInstance(DefaultObjectFactory.java:53)\r\n\t... 46 more\r\nCaused by: org.openqa.selenium.SessionNotCreatedException: Could not start a new session. Possible causes are invalid address of the remote server or browser start-up failure. \nHost info: host: 'DESKTOP-6IM55F2', ip: '172.16.14.190'\nBuild info: version: '4.16.1', revision: '9b4c83354e'\nSystem info: os.name: 'Windows 10', os.arch: 'amd64', os.version: '10.0', java.version: '17.0.17'\nDriver info: org.openqa.selenium.remote.RemoteWebDriver\nCommand: [null, newSession {capabilities=[Capabilities {browserName: MicrosoftEdge, ms:edgeOptions: {args: [], extensions: []}}]}]\nCapabilities {browserName: MicrosoftEdge, ms:edgeOptions: {args: [], extensions: []}}\r\n\tat org.openqa.selenium.remote.RemoteWebDriver.execute(RemoteWebDriver.java:541)\r\n\tat org.openqa.selenium.remote.RemoteWebDriver.startSession(RemoteWebDriver.java:237)\r\n\tat org.openqa.selenium.remote.RemoteWebDriver.<init>(RemoteWebDriver.java:164)\r\n\tat org.openqa.selenium.remote.RemoteWebDriver.<init>(RemoteWebDriver.java:144)\r\n\tat com.example.automation.configuration.DriverFactory.getDriver(DriverFactory.java:38)\r\n\tat com.example.automation.configuration.Hooks.<init>(Hooks.java:26)\r\n\t... 52 more\r\nCaused by: java.io.UncheckedIOException: java.net.ConnectException\r\n\tat org.openqa.selenium.remote.http.jdk.JdkHttpClient.execute0(JdkHttpClient.java:442)\r\n\tat org.openqa.selenium.remote.http.AddSeleniumUserAgent.lambda$apply$0(AddSeleniumUserAgent.java:42)\r\n\tat org.openqa.selenium.remote.http.Filter.lambda$andFinally$1(Filter.java:55)\r\n\tat org.openqa.selenium.remote.http.jdk.JdkHttpClient.execute(JdkHttpClient.java:358)\r\n\tat org.openqa.selenium.remote.tracing.TracedHttpClient.execute(TracedHttpClient.java:54)\r\n\tat org.openqa.selenium.remote.ProtocolHandshake.createSession(ProtocolHandshake.java:115)\r\n\tat org.openqa.selenium.remote.ProtocolHandshake.createSession(ProtocolHandshake.java:96)\r\n\tat org.openqa.selenium.remote.ProtocolHandshake.createSession(ProtocolHandshake.java:68)\r\n\tat org.openqa.selenium.remote.HttpCommandExecutor.execute(HttpCommandExecutor.java:163)\r\n\tat org.openqa.selenium.remote.TracedCommandExecutor.execute(TracedCommandExecutor.java:51)\r\n\tat org.openqa.selenium.remote.RemoteWebDriver.execute(RemoteWebDriver.java:523)\r\n\t... 57 more\r\nCaused by: java.net.ConnectException\r\n\tat java.net.http/jdk.internal.net.http.common.Utils.toConnectException(Utils.java:1107)\r\n\tat java.net.http/jdk.internal.net.http.PlainHttpConnection.connectAsync(PlainHttpConnection.java:203)\r\n\tat java.net.http/jdk.internal.net.http.PlainHttpConnection.checkRetryConnect(PlainHttpConnection.java:238)\r\n\tat java.net.http/jdk.internal.net.http.PlainHttpConnection.lambda$connectAsync$1(PlainHttpConnection.java:214)\r\n\tat java.base/java.util.concurrent.CompletableFuture.uniHandle(CompletableFuture.java:934)\r\n\tat java.base/java.util.concurrent.CompletableFuture$UniHandle.tryFire(CompletableFuture.java:911)\r\n\tat java.base/java.util.concurrent.CompletableFuture.postComplete(CompletableFuture.java:510)\r\n\tat java.base/java.util.concurrent.CompletableFuture$AsyncSupply.run$$$capture(CompletableFuture.java:1773)\r\n\tat java.base/java.util.concurrent.CompletableFuture$AsyncSupply.run(CompletableFuture.java)\r\n\tat --- Async.Stack.Trace --- (captured by IntelliJ IDEA debugger)\r\n\tat java.base/java.util.concurrent.CompletableFuture$AsyncSupply.<init>(CompletableFuture.java:1754)\r\n\tat java.base/java.util.concurrent.CompletableFuture.completeAsync(CompletableFuture.java:2673)\r\n\tat java.net.http/jdk.internal.net.http.PlainHttpConnection$ConnectEvent.handle(PlainHttpConnection.java:150)\r\n\tat java.net.http/jdk.internal.net.http.HttpClientImpl$SelectorManager.handleEvent(HttpClientImpl.java:1402)\r\n\tat java.net.http/jdk.internal.net.http.HttpClientImpl$SelectorManager.lambda$run$3(HttpClientImpl.java:1347)\r\n\tat java.base/java.util.ArrayList.forEach(ArrayList.java:1511)\r\n\tat java.net.http/jdk.internal.net.http.HttpClientImpl$SelectorManager.run(HttpClientImpl.java:1347)\r\nCaused by: java.nio.channels.ClosedChannelException\r\n\tat java.base/sun.nio.ch.SocketChannelImpl.ensureOpen(SocketChannelImpl.java:195)\r\n\tat java.base/sun.nio.ch.SocketChannelImpl.beginConnect(SocketChannelImpl.java:760)\r\n\tat java.base/sun.nio.ch.SocketChannelImpl.connect(SocketChannelImpl.java:848)\r\n\tat java.net.http/jdk.internal.net.http.PlainHttpConnection.lambda$connectAsync$0(PlainHttpConnection.java:187)\r\n\tat java.base/java.security.AccessController.doPrivileged(AccessController.java:569)\r\n\tat java.net.http/jdk.internal.net.http.PlainHttpConnection.connectAsync(PlainHttpConnection.java:189)\r\n\t... 15 more\r\n","status":"FAILED","exception":{"type":"io.cucumber.core.exception.CucumberException","message":"Failed to instantiate class com.example.automation.configuration.Hooks"}},"timestamp":{"seconds":1770714915,"nanos":560166800}}},{"testStepStarted":{"testCaseStartedId":"45dd1b02-a117-4944-b988-7ae4a582e7ed","testStepId":"1fb8b518-0dcf-4383-9966-afbb70631414","timestamp":{"seconds":1770714915,"nanos":575814500}}},{"testStepFinished":{"testCaseStartedId":"45dd1b02-a117-4944-b988-7ae4a582e7ed","testStepId":"1fb8b518-0dcf-4383-9966-afbb70631414","testStepResult":{"duration":{"seconds":0,"nanos":4909200},"status":"SKIPPED"},"timestamp":{"seconds":1770714915,"nanos":580723700}}},{"testStepStarted":{"testCaseStartedId":"45dd1b02-a117-4944-b988-7ae4a582e7ed","testStepId":"9d3b6a21-de1d-4158-a53d-9c08a16ff255","timestamp":{"seconds":1770714915,"nanos":581744100}}},{"testStepFinished":{"testCaseStartedId":"45dd1b02-a117-4944-b988-7ae4a582e7ed","testStepId":"9d3b6a21-de1d-4158-a53d-9c08a16ff255","testStepResult":{"duration":{"seconds":0,"nanos":0},"status":"SKIPPED"},"timestamp":{"seconds":1770714915,"nanos":581744100}}},{"testStepStarted":{"testCaseStartedId":"45dd1b02-a117-4944-b988-7ae4a582e7ed","testStepId":"27e78b8d-c382-4561-aa18-7b60244b252b","timestamp":{"seconds":1770714915,"nanos":581744100}}},{"testStepFinished":{"testCaseStartedId":"45dd1b02-a117-4944-b988-7ae4a582e7ed","testStepId":"27e78b8d-c382-4561-aa18-7b60244b252b","testStepResult":{"duration":{"seconds":0,"nanos":0},"status":"SKIPPED"},"timestamp":{"seconds":1770714915,"nanos":581744100}}},{"testStepStarted":{"testCaseStartedId":"45dd1b02-a117-4944-b988-7ae4a582e7ed","testStepId":"d656373a-3755-4c2b-9f92-44b96dd1c7e3","timestamp":{"seconds":1770714915,"nanos":581744100}}},{"testStepFinished":{"testCaseStartedId":"45dd1b02-a117-4944-b988-7ae4a582e7ed","testStepId":"d656373a-3755-4c2b-9f92-44b96dd1c7e3","testStepResult":{"duration":{"seconds":0,"nanos":1006300},"status":"SKIPPED"},"timestamp":{"seconds":1770714915,"nanos":582750400}}},{"testStepStarted":{"testCaseStartedId":"45dd1b02-a117-4944-b988-7ae4a582e7ed","testStepId":"ff545205-addb-41e0-915d-464c145d55ae","timestamp":{"seconds":1770714915,"nanos":582797100}}},{"testStepFinished":{"testCaseStartedId":"45dd1b02-a117-4944-b988-7ae4a582e7ed","testStepId":"ff545205-addb-41e0-915d-464c145d55ae","testStepResult":{"duration":{"seconds":0,"nanos":0},"status":"SKIPPED"},"timestamp":{"seconds":1770714915,"nanos":582797100}}},{"testStepStarted":{"testCaseStartedId":"45dd1b02-a117-4944-b988-7ae4a582e7ed","testStepId":"dbae81f9-3790-4fd1-bf92-95cd1eaa8939","timestamp":{"seconds":1770714915,"nanos":582797100}}},{"testStepFinished":{"testCaseStartedId":"45dd1b02-a117-4944-b988-7ae4a582e7ed","testStepId":"dbae81f9-3790-4fd1-bf92-95cd1eaa8939","testStepResult":{"duration":{"seconds":4,"nanos":86955400},"message":"io.cucumber.core.exception.CucumberException: Failed to instantiate class com.example.automation.configuration.Hooks\r\n\tat io.cucumber.core.backend.DefaultObjectFactory.cacheNewInstance(DefaultObjectFactory.java:67)\r\n\tat io.cucumber.core.backend.DefaultObjectFactory.getInstance(DefaultObjectFactory.java:45)\r\n\tat io.cucumber.java.AbstractGlueDefinition.invokeMethod(AbstractGlueDefinition.java:47)\r\n\tat io.cucumber.java.JavaHookDefinition.execute(JavaHookDefinition.java:64)\r\n\tat io.cucumber.core.runner.CoreHookDefinition.execute(CoreHookDefinition.java:46)\r\n\tat io.cucumber.core.runner.HookDefinitionMatch.runStep(HookDefinitionMatch.java:21)\r\n\tat io.cucumber.core.runner.ExecutionMode$1.execute(ExecutionMode.java:10)\r\n\tat io.cucumber.core.runner.TestStep.executeStep(TestStep.java:84)\r\n\tat io.cucumber.core.runner.TestStep.run(TestStep.java:56)\r\n\tat io.cucumber.core.runner.TestCase.run(TestCase.java:90)\r\n\tat io.cucumber.core.runner.Runner.runPickle(Runner.java:75)\r\n\tat io.cucumber.junit.PickleRunners$NoStepDescriptions.lambda$run$0(PickleRunners.java:151)\r\n\tat io.cucumber.core.runtime.CucumberExecutionContext.lambda$runTestCase$5(CucumberExecutionContext.java:137)\r\n\tat io.cucumber.core.runtime.RethrowingThrowableCollector.executeAndThrow(RethrowingThrowableCollector.java:23)\r\n\tat io.cucumber.core.runtime.CucumberExecutionContext.runTestCase(CucumberExecutionContext.java:137)\r\n\tat io.cucumber.junit.PickleRunners$NoStepDescriptions.run(PickleRunners.java:148)\r\n\tat io.cucumber.junit.FeatureRunner.runChild(FeatureRunner.java:144)\r\n\tat io.cucumber.junit.FeatureRunner.runChild(FeatureRunner.java:28)\r\n\tat org.junit.runners.ParentRunner$4.run(ParentRunner.java:331)\r\n\tat org.junit.runners.ParentRunner$1.schedule(ParentRunner.java:79)\r\n\tat org.junit.runners.ParentRunner.runChildren(ParentRunner.java:329)\r\n\tat org.junit.runners.ParentRunner.access$100(ParentRunner.java:66)\r\n\tat org.junit.runners.ParentRunner$2.evaluate(ParentRunner.java:293)\r\n\tat org.junit.runners.ParentRunner$3.evaluate(ParentRunner.java:306)\r\n\tat org.junit.runners.ParentRunner.run(ParentRunner.java:413)\r\n\tat io.cucumber.junit.FeatureRunner.run(FeatureRunner.java:137)\r\n\tat io.cucumber.junit.Cucumber.runChild(Cucumber.java:196)\r\n\tat io.cucumber.junit.Cucumber.runChild(Cucumber.java:89)\r\n\tat org.junit.runners.ParentRunner$4.run(ParentRunner.java:331)\r\n\tat org.junit.runners.ParentRunner$1.schedule(ParentRunner.java:79)\r\n\tat org.junit.runners.ParentRunner.runChildren(ParentRunner.java:329)\r\n\tat org.junit.runners.ParentRunner.access$100(ParentRunner.java:66)\r\n\tat org.junit.runners.ParentRunner$2.evaluate(ParentRunner.java:293)\r\n\tat io.cucumber.core.runtime.CucumberExecutionContext.lambda$runFeatures$6(CucumberExecutionContext.java:148)\r\n\tat io.cucumber.core.runtime.CucumberExecutionContext.execute(CucumberExecutionContext.java:163)\r\n\tat io.cucumber.core.runtime.CucumberExecutionContext.runFeatures(CucumberExecutionContext.java:146)\r\n\tat io.cucumber.junit.Cucumber$StartAndFinishTestRun.evaluate(Cucumber.java:226)\r\n\tat org.junit.internal.runners.statements.RunAfters.evaluate(RunAfters.java:27)\r\n\tat org.junit.runners.ParentRunner$3.evaluate(ParentRunner.java:306)\r\n\tat org.junit.runners.ParentRunner.run(ParentRunner.java:413)\r\n\tat org.junit.runner.JUnitCore.run(JUnitCore.java:137)\r\n\tat com.intellij.junit4.JUnit4IdeaTestRunner.startRunnerWithArgs(JUnit4IdeaTestRunner.java:69)\r\n\tat com.intellij.rt.junit.IdeaTestRunner$Repeater$1.execute(IdeaTestRunner.java:38)\r\n\tat com.intellij.rt.execution.junit.TestsRepeater.repeat(TestsRepeater.java:11)\r\n\tat com.intellij.rt.junit.IdeaTestRunner$Repeater.startRunnerWithArgs(IdeaTestRunner.java:35)\r\n\tat com.intellij.rt.junit.JUnitStarter.prepareStreamsAndStart(JUnitStarter.java:237)\r\n\tat com.intellij.rt.junit.JUnitStarter.main(JUnitStarter.java:58)\r\nCaused by: java.lang.reflect.InvocationTargetException\r\n\tat java.base/jdk.internal.reflect.NativeConstructorAccessorImpl.newInstance0(Native Method)\r\n\tat java.base/jdk.internal.reflect.NativeConstructorAccessorImpl.newInstance(NativeConstructorAccessorImpl.java:77)\r\n\tat java.base/jdk.internal.reflect.DelegatingConstructorAccessorImpl.newInstance(DelegatingConstructorAccessorImpl.java:45)\r\n\tat java.base/java.lang.reflect.Constructor.newInstanceWithCaller(Constructor.java:500)\r\n\tat java.base/java.lang.reflect.Constructor.newInstance(Constructor.java:481)\r\n\tat io.cucumber.core.backend.DefaultObjectFactory.cacheNewInstance(DefaultObjectFactory.java:53)\r\n\t... 46 more\r\nCaused by: org.openqa.selenium.SessionNotCreatedException: Could not start a new session. Possible causes are invalid address of the remote server or browser start-up failure. \nHost info: host: 'DESKTOP-6IM55F2', ip: '172.16.14.190'\nBuild info: version: '4.16.1', revision: '9b4c83354e'\nSystem info: os.name: 'Windows 10', os.arch: 'amd64', os.version: '10.0', java.version: '17.0.17'\nDriver info: org.openqa.selenium.remote.RemoteWebDriver\nCommand: [null, newSession {capabilities=[Capabilities {browserName: MicrosoftEdge, ms:edgeOptions: {args: [], extensions: []}}]}]\nCapabilities {browserName: MicrosoftEdge, ms:edgeOptions: {args: [], extensions: []}}\r\n\tat org.openqa.selenium.remote.RemoteWebDriver.execute(RemoteWebDriver.java:541)\r\n\tat org.openqa.selenium.remote.RemoteWebDriver.startSession(RemoteWebDriver.java:237)\r\n\tat org.openqa.selenium.remote.RemoteWebDriver.<init>(RemoteWebDriver.java:164)\r\n\tat org.openqa.selenium.remote.RemoteWebDriver.<init>(RemoteWebDriver.java:144)\r\n\tat com.example.automation.configuration.DriverFactory.getDriver(DriverFactory.java:38)\r\n\tat com.example.automation.configuration.Hooks.<init>(Hooks.java:26)\r\n\t... 52 more\r\nCaused by: java.io.UncheckedIOException: java.net.ConnectException\r\n\tat org.openqa.selenium.remote.http.jdk.JdkHttpClient.execute0(JdkHttpClient.java:442)\r\n\tat org.openqa.selenium.remote.http.AddSeleniumUserAgent.lambda$apply$0(AddSeleniumUserAgent.java:42)\r\n\tat org.openqa.selenium.remote.http.Filter.lambda$andFinally$1(Filter.java:55)\r\n\tat org.openqa.selenium.remote.http.jdk.JdkHttpClient.execute(JdkHttpClient.java:358)\r\n\tat org.openqa.selenium.remote.tracing.TracedHttpClient.execute(TracedHttpClient.java:54)\r\n\tat org.openqa.selenium.remote.ProtocolHandshake.createSession(ProtocolHandshake.java:115)\r\n\tat org.openqa.selenium.remote.ProtocolHandshake.createSession(ProtocolHandshake.java:96)\r\n\tat org.openqa.selenium.remote.ProtocolHandshake.createSession(ProtocolHandshake.java:68)\r\n\tat org.openqa.selenium.remote.HttpCommandExecutor.execute(HttpCommandExecutor.java:163)\r\n\tat org.openqa.selenium.remote.TracedCommandExecutor.execute(TracedCommandExecutor.java:51)\r\n\tat org.openqa.selenium.remote.RemoteWebDriver.execute(RemoteWebDriver.java:523)\r\n\t... 57 more\r\nCaused by: java.net.ConnectException\r\n\tat java.net.http/jdk.internal.net.http.common.Utils.toConnectException(Utils.java:1107)\r\n\tat java.net.http/jdk.internal.net.http.PlainHttpConnection.connectAsync(PlainHttpConnection.java:203)\r\n\tat java.net.http/jdk.internal.net.http.PlainHttpConnection.checkRetryConnect(PlainHttpConnection.java:238)\r\n\tat java.net.http/jdk.internal.net.http.PlainHttpConnection.lambda$connectAsync$1(PlainHttpConnection.java:214)\r\n\tat java.base/java.util.concurrent.CompletableFuture.uniHandle(CompletableFuture.java:934)\r\n\tat java.base/java.util.concurrent.CompletableFuture$UniHandle.tryFire(CompletableFuture.java:911)\r\n\tat java.base/java.util.concurrent.CompletableFuture.postComplete(CompletableFuture.java:510)\r\n\tat java.base/java.util.concurrent.CompletableFuture$AsyncSupply.run$$$capture(CompletableFuture.java:1773)\r\n\tat java.base/java.util.concurrent.CompletableFuture$AsyncSupply.run(CompletableFuture.java)\r\n\tat --- Async.Stack.Trace --- (captured by IntelliJ IDEA debugger)\r\n\tat java.base/java.util.concurrent.CompletableFuture$AsyncSupply.<init>(CompletableFuture.java:1754)\r\n\tat java.base/java.util.concurrent.CompletableFuture.completeAsync(CompletableFuture.java:2673)\r\n\tat java.net.http/jdk.internal.net.http.PlainHttpConnection$ConnectEvent.handle(PlainHttpConnection.java:150)\r\n\tat java.net.http/jdk.internal.net.http.HttpClientImpl$SelectorManager.handleEvent(HttpClientImpl.java:1402)\r\n\tat java.net.http/jdk.internal.net.http.HttpClientImpl$SelectorManager.lambda$run$3(HttpClientImpl.java:1347)\r\n\tat java.base/java.util.ArrayList.forEach(ArrayList.java:1511)\r\n\tat java.net.http/jdk.internal.net.http.HttpClientImpl$SelectorManager.run(HttpClientImpl.java:1347)\r\nCaused by: java.nio.channels.ClosedChannelException\r\n\tat java.base/sun.nio.ch.SocketChannelImpl.ensureOpen(SocketChannelImpl.java:195)\r\n\tat java.base/sun.nio.ch.SocketChannelImpl.beginConnect(SocketChannelImpl.java:760)\r\n\tat java.base/sun.nio.ch.SocketChannelImpl.connect(SocketChannelImpl.java:848)\r\n\tat java.net.http/jdk.internal.net.http.PlainHttpConnection.lambda$connectAsync$0(PlainHttpConnection.java:187)\r\n\tat java.base/java.security.AccessController.doPrivileged(AccessController.java:569)\r\n\tat java.net.http/jdk.internal.net.http.PlainHttpConnection.connectAsync(PlainHttpConnection.java:189)\r\n\t... 15 more\r\n","status":"FAILED","exception":{"type":"io.cucumber.core.exception.CucumberException","message":"Failed to instantiate class com.example.automation.configuration.Hooks"}},"timestamp":{"seconds":1770714919,"nanos":669752500}}},{"testCaseFinished":{"testCaseStartedId":"45dd1b02-a117-4944-b988-7ae4a582e7ed","timestamp":{"seconds":1770714919,"nanos":669752500},"willBeRetried":false}},{"testCase":{"id":"022dbd07-242e-48e2-a4c5-9f993db8be11","pickleId":"2281be18-127a-46c7-99dd-0bbcc9669c1d","testSteps":[{"hookId":"9ea3fcae-e1f5-467f-ad70-988025ef79e0","id":"5cc9a56b-b6a3-40e9-bb40-3327284f0e4b"},{"id":"bd87fe36-bd59-45c8-a63b-ed4d8de251a3","pickleStepId":"28d00433-8afd-4780-ad91-8aaf0033ea35","stepDefinitionIds":["ff410039-8a8d-4523-9464-a5b89859b1a6"],"stepMatchArgumentsLists":[{"stepMatchArguments":[]}]},{"id":"c3ecc257-78d8-4033-baef-d29035621ae4","pickleStepId":"bf206ac0-4f48-4585-bf81-7a26e4954fd5","stepMatchArgumentsLists":[{"stepMatchArguments":[]}]},{"id":"9108efc0-5695-4847-83aa-a51aee441ab6","pickleStepId":"7638e2b6-e0b9-4825-be24-17f43fe9c252","stepMatchArgumentsLists":[{"stepMatchArguments":[]}]},{"id":"5d795246-969f-4e7e-8868-c3d9d2926fb9","pickleStepId":"c41eda17-6d60-4248-aa33-b2798f229878","stepMatchArgumentsLists":[{"stepMatchArguments":[]}]},{"id":"55fe1791-04ac-4474-91c0-01884390d64a","pickleStepId":"47d8ddba-a354-40ca-8be4-ea50216eb15f","stepMatchArgumentsLists":[{"stepMatchArguments":[]}]},{"hookId":"67439102-098e-4f65-83e2-dcce9eb92852","id":"295df234-3243-418d-96c3-568f2a93f15b"}]}},{"testCaseStarted":{"attempt":0,"id":"4e6cf0af-20fa-4f03-9798-7b53aee58bdb","testCaseId":"022dbd07-242e-48e2-a4c5-9f993db8be11","workerId":"main","timestamp":{"seconds":1770714919,"nanos":698174900}}},{"testStepStarted":{"testCaseStartedId":"4e6cf0af-20fa-4f03-9798-7b53aee58bdb","testStepId":"5cc9a56b-b6a3-40e9-bb40-3327284f0e4b","timestamp":{"seconds":1770714919,"nanos":698174900}}},{"testStepFinished":{"testCaseStartedId":"4e6cf0af-20fa-4f03-9798-7b53aee58bdb","testStepId":"5cc9a56b-b6a3-40e9-bb40-3327284f0e4b","testStepResult":{"duration":{"seconds":4,"nanos":87693700},"message":"io.cucumber.core.exception.CucumberException: Failed to instantiate class com.example.automation.configuration.Hooks\r\n\tat io.cucumber.core.backend.DefaultObjectFactory.cacheNewInstance(DefaultObjectFactory.java:67)\r\n\tat io.cucumber.core.backend.DefaultObjectFactory.getInstance(DefaultObjectFactory.java:45)\r\n\tat io.cucumber.java.AbstractGlueDefinition.invokeMethod(AbstractGlueDefinition.java:47)\r\n\tat io.cucumber.java.JavaHookDefinition.execute(JavaHookDefinition.java:64)\r\n\tat io.cucumber.core.runner.CoreHookDefinition.execute(CoreHookDefinition.java:46)\r\n\tat io.cucumber.core.runner.HookDefinitionMatch.runStep(HookDefinitionMatch.java:21)\r\n\tat io.cucumber.core.runner.ExecutionMode$1.execute(ExecutionMode.java:10)\r\n\tat io.cucumber.core.runner.TestStep.executeStep(TestStep.java:84)\r\n\tat io.cucumber.core.runner.TestStep.run(TestStep.java:56)\r\n\tat io.cucumber.core.runner.TestCase.run(TestCase.java:78)\r\n\tat io.cucumber.core.runner.Runner.runPickle(Runner.java:75)\r\n\tat io.cucumber.junit.PickleRunners$NoStepDescriptions.lambda$run$0(PickleRunners.java:151)\r\n\tat io.cucumber.core.runtime.CucumberExecutionContext.lambda$runTestCase$5(CucumberExecutionContext.java:137)\r\n\tat io.cucumber.core.runtime.RethrowingThrowableCollector.executeAndThrow(RethrowingThrowableCollector.java:23)\r\n\tat io.cucumber.core.runtime.CucumberExecutionContext.runTestCase(CucumberExecutionContext.java:137)\r\n\tat io.cucumber.junit.PickleRunners$NoStepDescriptions.run(PickleRunners.java:148)\r\n\tat io.cucumber.junit.FeatureRunner.runChild(FeatureRunner.java:144)\r\n\tat io.cucumber.junit.FeatureRunner.runChild(FeatureRunner.java:28)\r\n\tat org.junit.runners.ParentRunner$4.run(ParentRunner.java:331)\r\n\tat org.junit.runners.ParentRunner$1.schedule(ParentRunner.java:79)\r\n\tat org.junit.runners.ParentRunner.runChildren(ParentRunner.java:329)\r\n\tat org.junit.runners.ParentRunner.access$100(ParentRunner.java:66)\r\n\tat org.junit.runners.ParentRunner$2.evaluate(ParentRunner.java:293)\r\n\tat org.junit.runners.ParentRunner$3.evaluate(ParentRunner.java:306)\r\n\tat org.junit.runners.ParentRunner.run(ParentRunner.java:413)\r\n\tat io.cucumber.junit.FeatureRunner.run(FeatureRunner.java:137)\r\n\tat io.cucumber.junit.Cucumber.runChild(Cucumber.java:196)\r\n\tat io.cucumber.junit.Cucumber.runChild(Cucumber.java:89)\r\n\tat org.junit.runners.ParentRunner$4.run(ParentRunner.java:331)\r\n\tat org.junit.runners.ParentRunner$1.schedule(ParentRunner.java:79)\r\n\tat org.junit.runners.ParentRunner.runChildren(ParentRunner.java:329)\r\n\tat org.junit.runners.ParentRunner.access$100(ParentRunner.java:66)\r\n\tat org.junit.runners.ParentRunner$2.evaluate(ParentRunner.java:293)\r\n\tat io.cucumber.core.runtime.CucumberExecutionContext.lambda$runFeatures$6(CucumberExecutionContext.java:148)\r\n\tat io.cucumber.core.runtime.CucumberExecutionContext.execute(CucumberExecutionContext.java:163)\r\n\tat io.cucumber.core.runtime.CucumberExecutionContext.runFeatures(CucumberExecutionContext.java:146)\r\n\tat io.cucumber.junit.Cucumber$StartAndFinishTestRun.evaluate(Cucumber.java:226)\r\n\tat org.junit.internal.runners.statements.RunAfters.evaluate(RunAfters.java:27)\r\n\tat org.junit.runners.ParentRunner$3.evaluate(ParentRunner.java:306)\r\n\tat org.junit.runners.ParentRunner.run(ParentRunner.java:413)\r\n\tat org.junit.runner.JUnitCore.run(JUnitCore.java:137)\r\n\tat com.intellij.junit4.JUnit4IdeaTestRunner.startRunnerWithArgs(JUnit4IdeaTestRunner.java:69)\r\n\tat com.intellij.rt.junit.IdeaTestRunner$Repeater$1.execute(IdeaTestRunner.java:38)\r\n\tat com.intellij.rt.execution.junit.TestsRepeater.repeat(TestsRepeater.java:11)\r\n\tat com.intellij.rt.junit.IdeaTestRunner$Repeater.startRunnerWithArgs(IdeaTestRunner.java:35)\r\n\tat com.intellij.rt.junit.JUnitStarter.prepareStreamsAndStart(JUnitStarter.java:237)\r\n\tat com.intellij.rt.junit.JUnitStarter.main(JUnitStarter.java:58)\r\nCaused by: java.lang.reflect.InvocationTargetException\r\n\tat java.base/jdk.internal.reflect.NativeConstructorAccessorImpl.newInstance0(Native Method)\r\n\tat java.base/jdk.internal.reflect.NativeConstructorAccessorImpl.newInstance(NativeConstructorAccessorImpl.java:77)\r\n\tat java.base/jdk.internal.reflect.DelegatingConstructorAccessorImpl.newInstance(DelegatingConstructorAccessorImpl.java:45)\r\n\tat java.base/java.lang.reflect.Constructor.newInstanceWithCaller(Constructor.java:500)\r\n\tat java.base/java.lang.reflect.Constructor.newInstance(Constructor.java:481)\r\n\tat io.cucumber.core.backend.DefaultObjectFactory.cacheNewInstance(DefaultObjectFactory.java:53)\r\n\t... 46 more\r\nCaused by: org.openqa.selenium.SessionNotCreatedException: Could not start a new session. Possible causes are invalid address of the remote server or browser start-up failure. \nHost info: host: 'DESKTOP-6IM55F2', ip: '172.16.14.190'\nBuild info: version: '4.16.1', revision: '9b4c83354e'\nSystem info: os.name: 'Windows 10', os.arch: 'amd64', os.version: '10.0', java.version: '17.0.17'\nDriver info: org.openqa.selenium.remote.RemoteWebDriver\nCommand: [null, newSession {capabilities=[Capabilities {browserName: MicrosoftEdge, ms:edgeOptions: {args: [], extensions: []}}]}]\nCapabilities {browserName: MicrosoftEdge, ms:edgeOptions: {args: [], extensions: []}}\r\n\tat org.openqa.selenium.remote.RemoteWebDriver.execute(RemoteWebDriver.java:541)\r\n\tat org.openqa.selenium.remote.RemoteWebDriver.startSession(RemoteWebDriver.java:237)\r\n\tat org.openqa.selenium.remote.RemoteWebDriver.<init>(RemoteWebDriver.java:164)\r\n\tat org.openqa.selenium.remote.RemoteWebDriver.<init>(RemoteWebDriver.java:144)\r\n\tat com.example.automation.configuration.DriverFactory.getDriver(DriverFactory.java:38)\r\n\tat com.example.automation.configuration.Hooks.<init>(Hooks.java:26)\r\n\t... 52 more\r\nCaused by: java.io.UncheckedIOException: java.net.ConnectException\r\n\tat org.openqa.selenium.remote.http.jdk.JdkHttpClient.execute0(JdkHttpClient.java:442)\r\n\tat org.openqa.selenium.remote.http.AddSeleniumUserAgent.lambda$apply$0(AddSeleniumUserAgent.java:42)\r\n\tat org.openqa.selenium.remote.http.Filter.lambda$andFinally$1(Filter.java:55)\r\n\tat org.openqa.selenium.remote.http.jdk.JdkHttpClient.execute(JdkHttpClient.java:358)\r\n\tat org.openqa.selenium.remote.tracing.TracedHttpClient.execute(TracedHttpClient.java:54)\r\n\tat org.openqa.selenium.remote.ProtocolHandshake.createSession(ProtocolHandshake.java:115)\r\n\tat org.openqa.selenium.remote.ProtocolHandshake.createSession(ProtocolHandshake.java:96)\r\n\tat org.openqa.selenium.remote.ProtocolHandshake.createSession(ProtocolHandshake.java:68)\r\n\tat org.openqa.selenium.remote.HttpCommandExecutor.execute(HttpCommandExecutor.java:163)\r\n\tat org.openqa.selenium.remote.TracedCommandExecutor.execute(TracedCommandExecutor.java:51)\r\n\tat org.openqa.selenium.remote.RemoteWebDriver.execute(RemoteWebDriver.java:523)\r\n\t... 57 more\r\nCaused by: java.net.ConnectException\r\n\tat java.net.http/jdk.internal.net.http.common.Utils.toConnectException(Utils.java:1107)\r\n\tat java.net.http/jdk.internal.net.http.PlainHttpConnection.connectAsync(PlainHttpConnection.java:203)\r\n\tat java.net.http/jdk.internal.net.http.PlainHttpConnection.checkRetryConnect(PlainHttpConnection.java:238)\r\n\tat java.net.http/jdk.internal.net.http.PlainHttpConnection.lambda$connectAsync$1(PlainHttpConnection.java:214)\r\n\tat java.base/java.util.concurrent.CompletableFuture.uniHandle(CompletableFuture.java:934)\r\n\tat java.base/java.util.concurrent.CompletableFuture$UniHandle.tryFire(CompletableFuture.java:911)\r\n\tat java.base/java.util.concurrent.CompletableFuture.postComplete(CompletableFuture.java:510)\r\n\tat java.base/java.util.concurrent.CompletableFuture$AsyncSupply.run$$$capture(CompletableFuture.java:1773)\r\n\tat java.base/java.util.concurrent.CompletableFuture$AsyncSupply.run(CompletableFuture.java)\r\n\tat --- Async.Stack.Trace --- (captured by IntelliJ IDEA debugger)\r\n\tat java.base/java.util.concurrent.CompletableFuture$AsyncSupply.<init>(CompletableFuture.java:1754)\r\n\tat java.base/java.util.concurrent.CompletableFuture.completeAsync(CompletableFuture.java:2673)\r\n\tat java.net.http/jdk.internal.net.http.PlainHttpConnection$ConnectEvent.handle(PlainHttpConnection.java:150)\r\n\tat java.net.http/jdk.internal.net.http.HttpClientImpl$SelectorManager.handleEvent(HttpClientImpl.java:1402)\r\n\tat java.net.http/jdk.internal.net.http.HttpClientImpl$SelectorManager.lambda$run$3(HttpClientImpl.java:1347)\r\n\tat java.base/java.util.ArrayList.forEach(ArrayList.java:1511)\r\n\tat java.net.http/jdk.internal.net.http.HttpClientImpl$SelectorManager.run(HttpClientImpl.java:1347)\r\nCaused by: java.nio.channels.ClosedChannelException\r\n\tat java.base/sun.nio.ch.SocketChannelImpl.ensureOpen(SocketChannelImpl.java:195)\r\n\tat java.base/sun.nio.ch.SocketChannelImpl.beginConnect(SocketChannelImpl.java:760)\r\n\tat java.base/sun.nio.ch.SocketChannelImpl.connect(SocketChannelImpl.java:848)\r\n\tat java.net.http/jdk.internal.net.http.PlainHttpConnection.lambda$connectAsync$0(PlainHttpConnection.java:187)\r\n\tat java.base/java.security.AccessController.doPrivileged(AccessController.java:569)\r\n\tat java.net.http/jdk.internal.net.http.PlainHttpConnection.connectAsync(PlainHttpConnection.java:189)\r\n\t... 15 more\r\n","status":"FAILED","exception":{"type":"io.cucumber.core.exception.CucumberException","message":"Failed to instantiate class com.example.automation.configuration.Hooks"}},"timestamp":{"seconds":1770714923,"nanos":785868600}}},{"testStepStarted":{"testCaseStartedId":"4e6cf0af-20fa-4f03-9798-7b53aee58bdb","testStepId":"bd87fe36-bd59-45c8-a63b-ed4d8de251a3","timestamp":{"seconds":1770714923,"nanos":785868600}}},{"testStepFinished":{"testCaseStartedId":"4e6cf0af-20fa-4f03-9798-7b53aee58bdb","testStepId":"bd87fe36-bd59-45c8-a63b-ed4d8de251a3","testStepResult":{"duration":{"seconds":0,"nanos":0},"status":"SKIPPED"},"timestamp":{"seconds":1770714923,"nanos":785868600}}},{"testStepStarted":{"testCaseStartedId":"4e6cf0af-20fa-4f03-9798-7b53aee58bdb","testStepId":"c3ecc257-78d8-4033-baef-d29035621ae4","timestamp":{"seconds":1770714923,"nanos":785868600}}},{"testStepFinished":{"testCaseStartedId":"4e6cf0af-20fa-4f03-9798-7b53aee58bdb","testStepId":"c3ecc257-78d8-4033-baef-d29035621ae4","testStepResult":{"duration":{"seconds":0,"nanos":0},"status":"SKIPPED"},"timestamp":{"seconds":1770714923,"nanos":785868600}}},{"testStepStarted":{"testCaseStartedId":"4e6cf0af-20fa-4f03-9798-7b53aee58bdb","testStepId":"9108efc0-5695-4847-83aa-a51aee441ab6","timestamp":{"seconds":1770714923,"nanos":785868600}}},{"testStepFinished":{"testCaseStartedId":"4e6cf0af-20fa-4f03-9798-7b53aee58bdb","testStepId":"9108efc0-5695-4847-83aa-a51aee441ab6","testStepResult":{"duration":{"seconds":0,"nanos":0},"status":"SKIPPED"},"timestamp":{"seconds":1770714923,"nanos":785868600}}},{"testStepStarted":{"testCaseStartedId":"4e6cf0af-20fa-4f03-9798-7b53aee58bdb","testStepId":"5d795246-969f-4e7e-8868-c3d9d2926fb9","timestamp":{"seconds":1770714923,"nanos":785868600}}},{"testStepFinished":{"testCaseStartedId":"4e6cf0af-20fa-4f03-9798-7b53aee58bdb","testStepId":"5d795246-969f-4e7e-8868-c3d9d2926fb9","testStepResult":{"duration":{"seconds":0,"nanos":0},"status":"SKIPPED"},"timestamp":{"seconds":1770714923,"nanos":785868600}}},{"testStepStarted":{"testCaseStartedId":"4e6cf0af-20fa-4f03-9798-7b53aee58bdb","testStepId":"55fe1791-04ac-4474-91c0-01884390d64a","timestamp":{"seconds":1770714923,"nanos":785868600}}},{"testStepFinished":{"testCaseStartedId":"4e6cf0af-20fa-4f03-9798-7b53aee58bdb","testStepId":"55fe1791-04ac-4474-91c0-01884390d64a","testStepResult":{"duration":{"seconds":0,"nanos":0},"status":"SKIPPED"},"timestamp":{"seconds":1770714923,"nanos":785868600}}},{"testStepStarted":{"testCaseStartedId":"4e6cf0af-20fa-4f03-9798-7b53aee58bdb","testStepId":"295df234-3243-418d-96c3-568f2a93f15b","timestamp":{"seconds":1770714923,"nanos":785868600}}},{"testStepFinished":{"testCaseStartedId":"4e6cf0af-20fa-4f03-9798-7b53aee58bdb","testStepId":"295df234-3243-418d-96c3-568f2a93f15b","testStepResult":{"duration":{"seconds":4,"nanos":70278600},"message":"io.cucumber.core.exception.CucumberException: Failed to instantiate class com.example.automation.configuration.Hooks\r\n\tat io.cucumber.core.backend.DefaultObjectFactory.cacheNewInstance(DefaultObjectFactory.java:67)\r\n\tat io.cucumber.core.backend.DefaultObjectFactory.getInstance(DefaultObjectFactory.java:45)\r\n\tat io.cucumber.java.AbstractGlueDefinition.invokeMethod(AbstractGlueDefinition.java:47)\r\n\tat io.cucumber.java.JavaHookDefinition.execute(JavaHookDefinition.java:64)\r\n\tat io.cucumber.core.runner.CoreHookDefinition.execute(CoreHookDefinition.java:46)\r\n\tat io.cucumber.core.runner.HookDefinitionMatch.runStep(HookDefinitionMatch.java:21)\r\n\tat io.cucumber.core.runner.ExecutionMode$1.execute(ExecutionMode.java:10)\r\n\tat io.cucumber.core.runner.TestStep.executeStep(TestStep.java:84)\r\n\tat io.cucumber.core.runner.TestStep.run(TestStep.java:56)\r\n\tat io.cucumber.core.runner.TestCase.run(TestCase.java:90)\r\n\tat io.cucumber.core.runner.Runner.runPickle(Runner.java:75)\r\n\tat io.cucumber.junit.PickleRunners$NoStepDescriptions.lambda$run$0(PickleRunners.java:151)\r\n\tat io.cucumber.core.runtime.CucumberExecutionContext.lambda$runTestCase$5(CucumberExecutionContext.java:137)\r\n\tat io.cucumber.core.runtime.RethrowingThrowableCollector.executeAndThrow(RethrowingThrowableCollector.java:23)\r\n\tat io.cucumber.core.runtime.CucumberExecutionContext.runTestCase(CucumberExecutionContext.java:137)\r\n\tat io.cucumber.junit.PickleRunners$NoStepDescriptions.run(PickleRunners.java:148)\r\n\tat io.cucumber.junit.FeatureRunner.runChild(FeatureRunner.java:144)\r\n\tat io.cucumber.junit.FeatureRunner.runChild(FeatureRunner.java:28)\r\n\tat org.junit.runners.ParentRunner$4.run(ParentRunner.java:331)\r\n\tat org.junit.runners.ParentRunner$1.schedule(ParentRunner.java:79)\r\n\tat org.junit.runners.ParentRunner.runChildren(ParentRunner.java:329)\r\n\tat org.junit.runners.ParentRunner.access$100(ParentRunner.java:66)\r\n\tat org.junit.runners.ParentRunner$2.evaluate(ParentRunner.java:293)\r\n\tat org.junit.runners.ParentRunner$3.evaluate(ParentRunner.java:306)\r\n\tat org.junit.runners.ParentRunner.run(ParentRunner.java:413)\r\n\tat io.cucumber.junit.FeatureRunner.run(FeatureRunner.java:137)\r\n\tat io.cucumber.junit.Cucumber.runChild(Cucumber.java:196)\r\n\tat io.cucumber.junit.Cucumber.runChild(Cucumber.java:89)\r\n\tat org.junit.runners.ParentRunner$4.run(ParentRunner.java:331)\r\n\tat org.junit.runners.ParentRunner$1.schedule(ParentRunner.java:79)\r\n\tat org.junit.runners.ParentRunner.runChildren(ParentRunner.java:329)\r\n\tat org.junit.runners.ParentRunner.access$100(ParentRunner.java:66)\r\n\tat org.junit.runners.ParentRunner$2.evaluate(ParentRunner.java:293)\r\n\tat io.cucumber.core.runtime.CucumberExecutionContext.lambda$runFeatures$6(CucumberExecutionContext.java:148)\r\n\tat io.cucumber.core.runtime.CucumberExecutionContext.execute(CucumberExecutionContext.java:163)\r\n\tat io.cucumber.core.runtime.CucumberExecutionContext.runFeatures(CucumberExecutionContext.java:146)\r\n\tat io.cucumber.junit.Cucumber$StartAndFinishTestRun.evaluate(Cucumber.java:226)\r\n\tat org.junit.internal.runners.statements.RunAfters.evaluate(RunAfters.java:27)\r\n\tat org.junit.runners.ParentRunner$3.evaluate(ParentRunner.java:306)\r\n\tat org.junit.runners.ParentRunner.run(ParentRunner.java:413)\r\n\tat org.junit.runner.JUnitCore.run(JUnitCore.java:137)\r\n\tat com.intellij.junit4.JUnit4IdeaTestRunner.startRunnerWithArgs(JUnit4IdeaTestRunner.java:69)\r\n\tat com.intellij.rt.junit.IdeaTestRunner$Repeater$1.execute(IdeaTestRunner.java:38)\r\n\tat com.intellij.rt.execution.junit.TestsRepeater.repeat(TestsRepeater.java:11)\r\n\tat com.intellij.rt.junit.IdeaTestRunner$Repeater.startRunnerWithArgs(IdeaTestRunner.java:35)\r\n\tat com.intellij.rt.junit.JUnitStarter.prepareStreamsAndStart(JUnitStarter.java:237)\r\n\tat com.intellij.rt.junit.JUnitStarter.main(JUnitStarter.java:58)\r\nCaused by: java.lang.reflect.InvocationTargetException\r\n\tat java.base/jdk.internal.reflect.NativeConstructorAccessorImpl.newInstance0(Native Method)\r\n\tat java.base/jdk.internal.reflect.NativeConstructorAccessorImpl.newInstance(NativeConstructorAccessorImpl.java:77)\r\n\tat java.base/jdk.internal.reflect.DelegatingConstructorAccessorImpl.newInstance(DelegatingConstructorAccessorImpl.java:45)\r\n\tat java.base/java.lang.reflect.Constructor.newInstanceWithCaller(Constructor.java:500)\r\n\tat java.base/java.lang.reflect.Constructor.newInstance(Constructor.java:481)\r\n\tat io.cucumber.core.backend.DefaultObjectFactory.cacheNewInstance(DefaultObjectFactory.java:53)\r\n\t... 46 more\r\nCaused by: org.openqa.selenium.SessionNotCreatedException: Could not start a new session. Possible causes are invalid address of the remote server or browser start-up failure. \nHost info: host: 'DESKTOP-6IM55F2', ip: '172.16.14.190'\nBuild info: version: '4.16.1', revision: '9b4c83354e'\nSystem info: os.name: 'Windows 10', os.arch: 'amd64', os.version: '10.0', java.version: '17.0.17'\nDriver info: org.openqa.selenium.remote.RemoteWebDriver\nCommand: [null, newSession {capabilities=[Capabilities {browserName: MicrosoftEdge, ms:edgeOptions: {args: [], extensions: []}}]}]\nCapabilities {browserName: MicrosoftEdge, ms:edgeOptions: {args: [], extensions: []}}\r\n\tat org.openqa.selenium.remote.RemoteWebDriver.execute(RemoteWebDriver.java:541)\r\n\tat org.openqa.selenium.remote.RemoteWebDriver.startSession(RemoteWebDriver.java:237)\r\n\tat org.openqa.selenium.remote.RemoteWebDriver.<init>(RemoteWebDriver.java:164)\r\n\tat org.openqa.selenium.remote.RemoteWebDriver.<init>(RemoteWebDriver.java:144)\r\n\tat com.example.automation.configuration.DriverFactory.getDriver(DriverFactory.java:38)\r\n\tat com.example.automation.configuration.Hooks.<init>(Hooks.java:26)\r\n\t... 52 more\r\nCaused by: java.io.UncheckedIOException: java.net.ConnectException\r\n\tat org.openqa.selenium.remote.http.jdk.JdkHttpClient.execute0(JdkHttpClient.java:442)\r\n\tat org.openqa.selenium.remote.http.AddSeleniumUserAgent.lambda$apply$0(AddSeleniumUserAgent.java:42)\r\n\tat org.openqa.selenium.remote.http.Filter.lambda$andFinally$1(Filter.java:55)\r\n\tat org.openqa.selenium.remote.http.jdk.JdkHttpClient.execute(JdkHttpClient.java:358)\r\n\tat org.openqa.selenium.remote.tracing.TracedHttpClient.execute(TracedHttpClient.java:54)\r\n\tat org.openqa.selenium.remote.ProtocolHandshake.createSession(ProtocolHandshake.java:115)\r\n\tat org.openqa.selenium.remote.ProtocolHandshake.createSession(ProtocolHandshake.java:96)\r\n\tat org.openqa.selenium.remote.ProtocolHandshake.createSession(ProtocolHandshake.java:68)\r\n\tat org.openqa.selenium.remote.HttpCommandExecutor.execute(HttpCommandExecutor.java:163)\r\n\tat org.openqa.selenium.remote.TracedCommandExecutor.execute(TracedCommandExecutor.java:51)\r\n\tat org.openqa.selenium.remote.RemoteWebDriver.execute(RemoteWebDriver.java:523)\r\n\t... 57 more\r\nCaused by: java.net.ConnectException\r\n\tat java.net.http/jdk.internal.net.http.common.Utils.toConnectException(Utils.java:1107)\r\n\tat java.net.http/jdk.internal.net.http.PlainHttpConnection.connectAsync(PlainHttpConnection.java:203)\r\n\tat java.net.http/jdk.internal.net.http.PlainHttpConnection.checkRetryConnect(PlainHttpConnection.java:238)\r\n\tat java.net.http/jdk.internal.net.http.PlainHttpConnection.lambda$connectAsync$1(PlainHttpConnection.java:214)\r\n\tat java.base/java.util.concurrent.CompletableFuture.uniHandle(CompletableFuture.java:934)\r\n\tat java.base/java.util.concurrent.CompletableFuture$UniHandle.tryFire(CompletableFuture.java:911)\r\n\tat java.base/java.util.concurrent.CompletableFuture.postComplete(CompletableFuture.java:510)\r\n\tat java.base/java.util.concurrent.CompletableFuture$AsyncSupply.run$$$capture(CompletableFuture.java:1773)\r\n\tat java.base/java.util.concurrent.CompletableFuture$AsyncSupply.run(CompletableFuture.java)\r\n\tat --- Async.Stack.Trace --- (captured by IntelliJ IDEA debugger)\r\n\tat java.base/java.util.concurrent.CompletableFuture$AsyncSupply.<init>(CompletableFuture.java:1754)\r\n\tat java.base/java.util.concurrent.CompletableFuture.completeAsync(CompletableFuture.java:2673)\r\n\tat java.net.http/jdk.internal.net.http.PlainHttpConnection$ConnectEvent.handle(PlainHttpConnection.java:150)\r\n\tat java.net.http/jdk.internal.net.http.HttpClientImpl$SelectorManager.handleEvent(HttpClientImpl.java:1402)\r\n\tat java.net.http/jdk.internal.net.http.HttpClientImpl$SelectorManager.lambda$run$3(HttpClientImpl.java:1347)\r\n\tat java.base/java.util.ArrayList.forEach(ArrayList.java:1511)\r\n\tat java.net.http/jdk.internal.net.http.HttpClientImpl$SelectorManager.run(HttpClientImpl.java:1347)\r\nCaused by: java.nio.channels.ClosedChannelException\r\n\tat java.base/sun.nio.ch.SocketChannelImpl.ensureOpen(SocketChannelImpl.java:195)\r\n\tat java.base/sun.nio.ch.SocketChannelImpl.beginConnect(SocketChannelImpl.java:760)\r\n\tat java.base/sun.nio.ch.SocketChannelImpl.connect(SocketChannelImpl.java:848)\r\n\tat java.net.http/jdk.internal.net.http.PlainHttpConnection.lambda$connectAsync$0(PlainHttpConnection.java:187)\r\n\tat java.base/java.security.AccessController.doPrivileged(AccessController.java:569)\r\n\tat java.net.http/jdk.internal.net.http.PlainHttpConnection.connectAsync(PlainHttpConnection.java:189)\r\n\t... 15 more\r\n","status":"FAILED","exception":{"type":"io.cucumber.core.exception.CucumberException","message":"Failed to instantiate class com.example.automation.configuration.Hooks"}},"timestamp":{"seconds":1770714927,"nanos":856147200}}},{"testCaseFinished":{"testCaseStartedId":"4e6cf0af-20fa-4f03-9798-7b53aee58bdb","timestamp":{"seconds":1770714927,"nanos":859357900},"willBeRetried":false}},{"testCase":{"id":"6670ddc7-dd39-4f3e-8821-7b43ada31f3e","pickleId":"773343fb-6de8-4f5c-b754-7e3f936543d2","testSteps":[{"hookId":"9ea3fcae-e1f5-467f-ad70-988025ef79e0","id":"0fd22d63-bea2-4eca-90bb-2836f29a7e59"},{"id":"7ea5821b-3679-4b21-b840-9c560ae7790c","pickleStepId":"f5977908-de4d-4f0b-8f99-41e617f63db3","stepDefinitionIds":["9b34ee01-ade3-49e5-90a0-99649c358494"],"stepMatchArgumentsLists":[{"stepMatchArguments":[]}]},{"id":"18610b17-0a1d-4498-8de8-856df7d9189e","pickleStepId":"226f82e3-b648-491e-aa01-2d9652160ead","stepMatchArgumentsLists":[{"stepMatchArguments":[]}]},{"id":"73e5cb49-bdc3-44aa-bf8b-b578fcdcd013","pickleStepId":"46170015-e4af-4c9f-9ff8-6fd89fc80a95","stepMatchArgumentsLists":[{"stepMatchArguments":[]}]},{"id":"710bfd7f-1c55-490f-9ee5-521fdd41195b","pickleStepId":"f64025ce-6d0e-40a7-be72-ab31ea9ca2d2","stepMatchArgumentsLists":[{"stepMatchArguments":[]}]},{"id":"65abde96-ec0b-47cf-8c2a-7fc6deb0cdc5","pickleStepId":"9722bde9-b038-4341-890f-05e1ed89d454","stepMatchArgumentsLists":[{"stepMatchArguments":[]}]},{"hookId":"67439102-098e-4f65-83e2-dcce9eb92852","id":"fe786e15-9355-407c-81de-40edecc1eda2"}]}},{"testCaseStarted":{"attempt":0,"id":"ea3d9683-fe8a-417b-9819-d33f1b839e1f","testCaseId":"6670ddc7-dd39-4f3e-8821-7b43ada31f3e","workerId":"main","timestamp":{"seconds":1770714927,"nanos":872497100}}},{"testStepStarted":{"testCaseStartedId":"ea3d9683-fe8a-417b-9819-d33f1b839e1f","testStepId":"0fd22d63-bea2-4eca-90bb-2836f29a7e59","timestamp":{"seconds":1770714927,"nanos":873235800}}},{"testStepFinished":{"testCaseStartedId":"ea3d9683-fe8a-417b-9819-d33f1b839e1f","testStepId":"0fd22d63-bea2-4eca-90bb-2836f29a7e59","testStepResult":{"duration":{"seconds":4,"nanos":56093400},"message":"io.cucumber.core.exception.CucumberException: Failed to instantiate class com.example.automation.configuration.Hooks\r\n\tat io.cucumber.core.backend.DefaultObjectFactory.cacheNewInstance(DefaultObjectFactory.java:67)\r\n\tat io.cucumber.core.backend.DefaultObjectFactory.getInstance(DefaultObjectFactory.java:45)\r\n\tat io.cucumber.java.AbstractGlueDefinition.invokeMethod(AbstractGlueDefinition.java:47)\r\n\tat io.cucumber.java.JavaHookDefinition.execute(JavaHookDefinition.java:64)\r\n\tat io.cucumber.core.runner.CoreHookDefinition.execute(CoreHookDefinition.java:46)\r\n\tat io.cucumber.core.runner.HookDefinitionMatch.runStep(HookDefinitionMatch.java:21)\r\n\tat io.cucumber.core.runner.ExecutionMode$1.execute(ExecutionMode.java:10)\r\n\tat io.cucumber.core.runner.TestStep.executeStep(TestStep.java:84)\r\n\tat io.cucumber.core.runner.TestStep.run(TestStep.java:56)\r\n\tat io.cucumber.core.runner.TestCase.run(TestCase.java:78)\r\n\tat io.cucumber.core.runner.Runner.runPickle(Runner.java:75)\r\n\tat io.cucumber.junit.PickleRunners$NoStepDescriptions.lambda$run$0(PickleRunners.java:151)\r\n\tat io.cucumber.core.runtime.CucumberExecutionContext.lambda$runTestCase$5(CucumberExecutionContext.java:137)\r\n\tat io.cucumber.core.runtime.RethrowingThrowableCollector.executeAndThrow(RethrowingThrowableCollector.java:23)\r\n\tat io.cucumber.core.runtime.CucumberExecutionContext.runTestCase(CucumberExecutionContext.java:137)\r\n\tat io.cucumber.junit.PickleRunners$NoStepDescriptions.run(PickleRunners.java:148)\r\n\tat io.cucumber.junit.FeatureRunner.runChild(FeatureRunner.java:144)\r\n\tat io.cucumber.junit.FeatureRunner.runChild(FeatureRunner.java:28)\r\n\tat org.junit.runners.ParentRunner$4.run(ParentRunner.java:331)\r\n\tat org.junit.runners.ParentRunner$1.schedule(ParentRunner.java:79)\r\n\tat org.junit.runners.ParentRunner.runChildren(ParentRunner.java:329)\r\n\tat org.junit.runners.ParentRunner.access$100(ParentRunner.java:66)\r\n\tat org.junit.runners.ParentRunner$2.evaluate(ParentRunner.java:293)\r\n\tat org.junit.runners.ParentRunner$3.evaluate(ParentRunner.java:306)\r\n\tat org.junit.runners.ParentRunner.run(ParentRunner.java:413)\r\n\tat io.cucumber.junit.FeatureRunner.run(FeatureRunner.java:137)\r\n\tat io.cucumber.junit.Cucumber.runChild(Cucumber.java:196)\r\n\tat io.cucumber.junit.Cucumber.runChild(Cucumber.java:89)\r\n\tat org.junit.runners.ParentRunner$4.run(ParentRunner.java:331)\r\n\tat org.junit.runners.ParentRunner$1.schedule(ParentRunner.java:79)\r\n\tat org.junit.runners.ParentRunner.runChildren(ParentRunner.java:329)\r\n\tat org.junit.runners.ParentRunner.access$100(ParentRunner.java:66)\r\n\tat org.junit.runners.ParentRunner$2.evaluate(ParentRunner.java:293)\r\n\tat io.cucumber.core.runtime.CucumberExecutionContext.lambda$runFeatures$6(CucumberExecutionContext.java:148)\r\n\tat io.cucumber.core.runtime.CucumberExecutionContext.execute(CucumberExecutionContext.java:163)\r\n\tat io.cucumber.core.runtime.CucumberExecutionContext.runFeatures(CucumberExecutionContext.java:146)\r\n\tat io.cucumber.junit.Cucumber$StartAndFinishTestRun.evaluate(Cucumber.java:226)\r\n\tat org.junit.internal.runners.statements.RunAfters.evaluate(RunAfters.java:27)\r\n\tat org.junit.runners.ParentRunner$3.evaluate(ParentRunner.java:306)\r\n\tat org.junit.runners.ParentRunner.run(ParentRunner.java:413)\r\n\tat org.junit.runner.JUnitCore.run(JUnitCore.java:137)\r\n\tat com.intellij.junit4.JUnit4IdeaTestRunner.startRunnerWithArgs(JUnit4IdeaTestRunner.java:69)\r\n\tat com.intellij.rt.junit.IdeaTestRunner$Repeater$1.execute(IdeaTestRunner.java:38)\r\n\tat com.intellij.rt.execution.junit.TestsRepeater.repeat(TestsRepeater.java:11)\r\n\tat com.intellij.rt.junit.IdeaTestRunner$Repeater.startRunnerWithArgs(IdeaTestRunner.java:35)\r\n\tat com.intellij.rt.junit.JUnitStarter.prepareStreamsAndStart(JUnitStarter.java:237)\r\n\tat com.intellij.rt.junit.JUnitStarter.main(JUnitStarter.java:58)\r\nCaused by: java.lang.reflect.InvocationTargetException\r\n\tat java.base/jdk.internal.reflect.NativeConstructorAccessorImpl.newInstance0(Native Method)\r\n\tat java.base/jdk.internal.reflect.NativeConstructorAccessorImpl.newInstance(NativeConstructorAccessorImpl.java:77)\r\n\tat java.base/jdk.internal.reflect.DelegatingConstructorAccessorImpl.newInstance(DelegatingConstructorAccessorImpl.java:45)\r\n\tat java.base/java.lang.reflect.Constructor.newInstanceWithCaller(Constructor.java:500)\r\n\tat java.base/java.lang.reflect.Constructor.newInstance(Constructor.java:481)\r\n\tat io.cucumber.core.backend.DefaultObjectFactory.cacheNewInstance(DefaultObjectFactory.java:53)\r\n\t... 46 more\r\nCaused by: org.openqa.selenium.SessionNotCreatedException: Could not start a new session. Possible causes are invalid address of the remote server or browser start-up failure. \nHost info: host: 'DESKTOP-6IM55F2', ip: '172.16.14.190'\nBuild info: version: '4.16.1', revision: '9b4c83354e'\nSystem info: os.name: 'Windows 10', os.arch: 'amd64', os.version: '10.0', java.version: '17.0.17'\nDriver info: org.openqa.selenium.remote.RemoteWebDriver\nCommand: [null, newSession {capabilities=[Capabilities {browserName: MicrosoftEdge, ms:edgeOptions: {args: [], extensions: []}}]}]\nCapabilities {browserName: MicrosoftEdge, ms:edgeOptions: {args: [], extensions: []}}\r\n\tat org.openqa.selenium.remote.RemoteWebDriver.execute(RemoteWebDriver.java:541)\r\n\tat org.openqa.selenium.remote.RemoteWebDriver.startSession(RemoteWebDriver.java:237)\r\n\tat org.openqa.selenium.remote.RemoteWebDriver.<init>(RemoteWebDriver.java:164)\r\n\tat org.openqa.selenium.remote.RemoteWebDriver.<init>(RemoteWebDriver.java:144)\r\n\tat com.example.automation.configuration.DriverFactory.getDriver(DriverFactory.java:38)\r\n\tat com.example.automation.configuration.Hooks.<init>(Hooks.java:26)\r\n\t... 52 more\r\nCaused by: java.io.UncheckedIOException: java.net.ConnectException\r\n\tat org.openqa.selenium.remote.http.jdk.JdkHttpClient.execute0(JdkHttpClient.java:442)\r\n\tat org.openqa.selenium.remote.http.AddSeleniumUserAgent.lambda$apply$0(AddSeleniumUserAgent.java:42)\r\n\tat org.openqa.selenium.remote.http.Filter.lambda$andFinally$1(Filter.java:55)\r\n\tat org.openqa.selenium.remote.http.jdk.JdkHttpClient.execute(JdkHttpClient.java:358)\r\n\tat org.openqa.selenium.remote.tracing.TracedHttpClient.execute(TracedHttpClient.java:54)\r\n\tat org.openqa.selenium.remote.ProtocolHandshake.createSession(ProtocolHandshake.java:115)\r\n\tat org.openqa.selenium.remote.ProtocolHandshake.createSession(ProtocolHandshake.java:96)\r\n\tat org.openqa.selenium.remote.ProtocolHandshake.createSession(ProtocolHandshake.java:68)\r\n\tat org.openqa.selenium.remote.HttpCommandExecutor.execute(HttpCommandExecutor.java:163)\r\n\tat org.openqa.selenium.remote.TracedCommandExecutor.execute(TracedCommandExecutor.java:51)\r\n\tat org.openqa.selenium.remote.RemoteWebDriver.execute(RemoteWebDriver.java:523)\r\n\t... 57 more\r\nCaused by: java.net.ConnectException\r\n\tat java.net.http/jdk.internal.net.http.common.Utils.toConnectException(Utils.java:1107)\r\n\tat java.net.http/jdk.internal.net.http.PlainHttpConnection.connectAsync(PlainHttpConnection.java:203)\r\n\tat java.net.http/jdk.internal.net.http.PlainHttpConnection.checkRetryConnect(PlainHttpConnection.java:238)\r\n\tat java.net.http/jdk.internal.net.http.PlainHttpConnection.lambda$connectAsync$1(PlainHttpConnection.java:214)\r\n\tat java.base/java.util.concurrent.CompletableFuture.uniHandle(CompletableFuture.java:934)\r\n\tat java.base/java.util.concurrent.CompletableFuture$UniHandle.tryFire(CompletableFuture.java:911)\r\n\tat java.base/java.util.concurrent.CompletableFuture.postComplete(CompletableFuture.java:510)\r\n\tat java.base/java.util.concurrent.CompletableFuture$AsyncSupply.run$$$capture(CompletableFuture.java:1773)\r\n\tat java.base/java.util.concurrent.CompletableFuture$AsyncSupply.run(CompletableFuture.java)\r\n\tat --- Async.Stack.Trace --- (captured by IntelliJ IDEA debugger)\r\n\tat java.base/java.util.concurrent.CompletableFuture$AsyncSupply.<init>(CompletableFuture.java:1754)\r\n\tat java.base/java.util.concurrent.CompletableFuture.completeAsync(CompletableFuture.java:2673)\r\n\tat java.net.http/jdk.internal.net.http.PlainHttpConnection$ConnectEvent.handle(PlainHttpConnection.java:150)\r\n\tat java.net.http/jdk.internal.net.http.HttpClientImpl$SelectorManager.handleEvent(HttpClientImpl.java:1402)\r\n\tat java.net.http/jdk.internal.net.http.HttpClientImpl$SelectorManager.lambda$run$3(HttpClientImpl.java:1347)\r\n\tat java.base/java.util.ArrayList.forEach(ArrayList.java:1511)\r\n\tat java.net.http/jdk.internal.net.http.HttpClientImpl$SelectorManager.run(HttpClientImpl.java:1347)\r\nCaused by: java.nio.channels.ClosedChannelException\r\n\tat java.base/sun.nio.ch.SocketChannelImpl.ensureOpen(SocketChannelImpl.java:195)\r\n\tat java.base/sun.nio.ch.SocketChannelImpl.beginConnect(SocketChannelImpl.java:760)\r\n\tat java.base/sun.nio.ch.SocketChannelImpl.connect(SocketChannelImpl.java:848)\r\n\tat java.net.http/jdk.internal.net.http.PlainHttpConnection.lambda$connectAsync$0(PlainHttpConnection.java:187)\r\n\tat java.base/java.security.AccessController.doPrivileged(AccessController.java:569)\r\n\tat java.net.http/jdk.internal.net.http.PlainHttpConnection.connectAsync(PlainHttpConnection.java:189)\r\n\t... 15 more\r\n","status":"FAILED","exception":{"type":"io.cucumber.core.exception.CucumberException","message":"Failed to instantiate class com.example.automation.configuration.Hooks"}},"timestamp":{"seconds":1770714931,"nanos":929329200}}},{"testStepStarted":{"testCaseStartedId":"ea3d9683-fe8a-417b-9819-d33f1b839e1f","testStepId":"7ea5821b-3679-4b21-b840-9c560ae7790c","timestamp":{"seconds":1770714931,"nanos":929692200}}},{"testStepFinished":{"testCaseStartedId":"ea3d9683-fe8a-417b-9819-d33f1b839e1f","testStepId":"7ea5821b-3679-4b21-b840-9c560ae7790c","testStepResult":{"duration":{"seconds":0,"nanos":0},"status":"SKIPPED"},"timestamp":{"seconds":1770714931,"nanos":929692200}}},{"testStepStarted":{"testCaseStartedId":"ea3d9683-fe8a-417b-9819-d33f1b839e1f","testStepId":"18610b17-0a1d-4498-8de8-856df7d9189e","timestamp":{"seconds":1770714931,"nanos":936418000}}},{"testStepFinished":{"testCaseStartedId":"ea3d9683-fe8a-417b-9819-d33f1b839e1f","testStepId":"18610b17-0a1d-4498-8de8-856df7d9189e","testStepResult":{"duration":{"seconds":0,"nanos":0},"status":"SKIPPED"},"timestamp":{"seconds":1770714931,"nanos":936418000}}},{"testStepStarted":{"testCaseStartedId":"ea3d9683-fe8a-417b-9819-d33f1b839e1f","testStepId":"73e5cb49-bdc3-44aa-bf8b-b578fcdcd013","timestamp":{"seconds":1770714931,"nanos":936418000}}},{"testStepFinished":{"testCaseStartedId":"ea3d9683-fe8a-417b-9819-d33f1b839e1f","testStepId":"73e5cb49-bdc3-44aa-bf8b-b578fcdcd013","testStepResult":{"duration":{"seconds":0,"nanos":0},"status":"SKIPPED"},"timestamp":{"seconds":1770714931,"nanos":936418000}}},{"testStepStarted":{"testCaseStartedId":"ea3d9683-fe8a-417b-9819-d33f1b839e1f","testStepId":"710bfd7f-1c55-490f-9ee5-521fdd41195b","timestamp":{"seconds":1770714931,"nanos":937429800}}},{"testStepFinished":{"testCaseStartedId":"ea3d9683-fe8a-417b-9819-d33f1b839e1f","testStepId":"710bfd7f-1c55-490f-9ee5-521fdd41195b","testStepResult":{"duration":{"seconds":0,"nanos":0},"status":"SKIPPED"},"timestamp":{"seconds":1770714931,"nanos":937429800}}},{"testStepStarted":{"testCaseStartedId":"ea3d9683-fe8a-417b-9819-d33f1b839e1f","testStepId":"65abde96-ec0b-47cf-8c2a-7fc6deb0cdc5","timestamp":{"seconds":1770714931,"nanos":938318000}}},{"testStepFinished":{"testCaseStartedId":"ea3d9683-fe8a-417b-9819-d33f1b839e1f","testStepId":"65abde96-ec0b-47cf-8c2a-7fc6deb0cdc5","testStepResult":{"duration":{"seconds":0,"nanos":0},"status":"SKIPPED"},"timestamp":{"seconds":1770714931,"nanos":938318000}}},{"testStepStarted":{"testCaseStartedId":"ea3d9683-fe8a-417b-9819-d33f1b839e1f","testStepId":"fe786e15-9355-407c-81de-40edecc1eda2","timestamp":{"seconds":1770714931,"nanos":938318000}}},{"testStepFinished":{"testCaseStartedId":"ea3d9683-fe8a-417b-9819-d33f1b839e1f","testStepId":"fe786e15-9355-407c-81de-40edecc1eda2","testStepResult":{"duration":{"seconds":4,"nanos":68124300},"message":"io.cucumber.core.exception.CucumberException: Failed to instantiate class com.example.automation.configuration.Hooks\r\n\tat io.cucumber.core.backend.DefaultObjectFactory.cacheNewInstance(DefaultObjectFactory.java:67)\r\n\tat io.cucumber.core.backend.DefaultObjectFactory.getInstance(DefaultObjectFactory.java:45)\r\n\tat io.cucumber.java.AbstractGlueDefinition.invokeMethod(AbstractGlueDefinition.java:47)\r\n\tat io.cucumber.java.JavaHookDefinition.execute(JavaHookDefinition.java:64)\r\n\tat io.cucumber.core.runner.CoreHookDefinition.execute(CoreHookDefinition.java:46)\r\n\tat io.cucumber.core.runner.HookDefinitionMatch.runStep(HookDefinitionMatch.java:21)\r\n\tat io.cucumber.core.runner.ExecutionMode$1.execute(ExecutionMode.java:10)\r\n\tat io.cucumber.core.runner.TestStep.executeStep(TestStep.java:84)\r\n\tat io.cucumber.core.runner.TestStep.run(TestStep.java:56)\r\n\tat io.cucumber.core.runner.TestCase.run(TestCase.java:90)\r\n\tat io.cucumber.core.runner.Runner.runPickle(Runner.java:75)\r\n\tat io.cucumber.junit.PickleRunners$NoStepDescriptions.lambda$run$0(PickleRunners.java:151)\r\n\tat io.cucumber.core.runtime.CucumberExecutionContext.lambda$runTestCase$5(CucumberExecutionContext.java:137)\r\n\tat io.cucumber.core.runtime.RethrowingThrowableCollector.executeAndThrow(RethrowingThrowableCollector.java:23)\r\n\tat io.cucumber.core.runtime.CucumberExecutionContext.runTestCase(CucumberExecutionContext.java:137)\r\n\tat io.cucumber.junit.PickleRunners$NoStepDescriptions.run(PickleRunners.java:148)\r\n\tat io.cucumber.junit.FeatureRunner.runChild(FeatureRunner.java:144)\r\n\tat io.cucumber.junit.FeatureRunner.runChild(FeatureRunner.java:28)\r\n\tat org.junit.runners.ParentRunner$4.run(ParentRunner.java:331)\r\n\tat org.junit.runners.ParentRunner$1.schedule(ParentRunner.java:79)\r\n\tat org.junit.runners.ParentRunner.runChildren(ParentRunner.java:329)\r\n\tat org.junit.runners.ParentRunner.access$100(ParentRunner.java:66)\r\n\tat org.junit.runners.ParentRunner$2.evaluate(ParentRunner.java:293)\r\n\tat org.junit.runners.ParentRunner$3.evaluate(ParentRunner.java:306)\r\n\tat org.junit.runners.ParentRunner.run(ParentRunner.java:413)\r\n\tat io.cucumber.junit.FeatureRunner.run(FeatureRunner.java:137)\r\n\tat io.cucumber.junit.Cucumber.runChild(Cucumber.java:196)\r\n\tat io.cucumber.junit.Cucumber.runChild(Cucumber.java:89)\r\n\tat org.junit.runners.ParentRunner$4.run(ParentRunner.java:331)\r\n\tat org.junit.runners.ParentRunner$1.schedule(ParentRunner.java:79)\r\n\tat org.junit.runners.ParentRunner.runChildren(ParentRunner.java:329)\r\n\tat org.junit.runners.ParentRunner.access$100(ParentRunner.java:66)\r\n\tat org.junit.runners.ParentRunner$2.evaluate(ParentRunner.java:293)\r\n\tat io.cucumber.core.runtime.CucumberExecutionContext.lambda$runFeatures$6(CucumberExecutionContext.java:148)\r\n\tat io.cucumber.core.runtime.CucumberExecutionContext.execute(CucumberExecutionContext.java:163)\r\n\tat io.cucumber.core.runtime.CucumberExecutionContext.runFeatures(CucumberExecutionContext.java:146)\r\n\tat io.cucumber.junit.Cucumber$StartAndFinishTestRun.evaluate(Cucumber.java:226)\r\n\tat org.junit.internal.runners.statements.RunAfters.evaluate(RunAfters.java:27)\r\n\tat org.junit.runners.ParentRunner$3.evaluate(ParentRunner.java:306)\r\n\tat org.junit.runners.ParentRunner.run(ParentRunner.java:413)\r\n\tat org.junit.runner.JUnitCore.run(JUnitCore.java:137)\r\n\tat com.intellij.junit4.JUnit4IdeaTestRunner.startRunnerWithArgs(JUnit4IdeaTestRunner.java:69)\r\n\tat com.intellij.rt.junit.IdeaTestRunner$Repeater$1.execute(IdeaTestRunner.java:38)\r\n\tat com.intellij.rt.execution.junit.TestsRepeater.repeat(TestsRepeater.java:11)\r\n\tat com.intellij.rt.junit.IdeaTestRunner$Repeater.startRunnerWithArgs(IdeaTestRunner.java:35)\r\n\tat com.intellij.rt.junit.JUnitStarter.prepareStreamsAndStart(JUnitStarter.java:237)\r\n\tat com.intellij.rt.junit.JUnitStarter.main(JUnitStarter.java:58)\r\nCaused by: java.lang.reflect.InvocationTargetException\r\n\tat java.base/jdk.internal.reflect.NativeConstructorAccessorImpl.newInstance0(Native Method)\r\n\tat java.base/jdk.internal.reflect.NativeConstructorAccessorImpl.newInstance(NativeConstructorAccessorImpl.java:77)\r\n\tat java.base/jdk.internal.reflect.DelegatingConstructorAccessorImpl.newInstance(DelegatingConstructorAccessorImpl.java:45)\r\n\tat java.base/java.lang.reflect.Constructor.newInstanceWithCaller(Constructor.java:500)\r\n\tat java.base/java.lang.reflect.Constructor.newInstance(Constructor.java:481)\r\n\tat io.cucumber.core.backend.DefaultObjectFactory.cacheNewInstance(DefaultObjectFactory.java:53)\r\n\t... 46 more\r\nCaused by: org.openqa.selenium.SessionNotCreatedException: Could not start a new session. Possible causes are invalid address of the remote server or browser start-up failure. \nHost info: host: 'DESKTOP-6IM55F2', ip: '172.16.14.190'\nBuild info: version: '4.16.1', revision: '9b4c83354e'\nSystem info: os.name: 'Windows 10', os.arch: 'amd64', os.version: '10.0', java.version: '17.0.17'\nDriver info: org.openqa.selenium.remote.RemoteWebDriver\nCommand: [null, newSession {capabilities=[Capabilities {browserName: MicrosoftEdge, ms:edgeOptions: {args: [], extensions: []}}]}]\nCapabilities {browserName: MicrosoftEdge, ms:edgeOptions: {args: [], extensions: []}}\r\n\tat org.openqa.selenium.remote.RemoteWebDriver.execute(RemoteWebDriver.java:541)\r\n\tat org.openqa.selenium.remote.RemoteWebDriver.startSession(RemoteWebDriver.java:237)\r\n\tat org.openqa.selenium.remote.RemoteWebDriver.<init>(RemoteWebDriver.java:164)\r\n\tat org.openqa.selenium.remote.RemoteWebDriver.<init>(RemoteWebDriver.java:144)\r\n\tat com.example.automation.configuration.DriverFactory.getDriver(DriverFactory.java:38)\r\n\tat com.example.automation.configuration.Hooks.<init>(Hooks.java:26)\r\n\t... 52 more\r\nCaused by: java.io.UncheckedIOException: java.net.ConnectException\r\n\tat org.openqa.selenium.remote.http.jdk.JdkHttpClient.execute0(JdkHttpClient.java:442)\r\n\tat org.openqa.selenium.remote.http.AddSeleniumUserAgent.lambda$apply$0(AddSeleniumUserAgent.java:42)\r\n\tat org.openqa.selenium.remote.http.Filter.lambda$andFinally$1(Filter.java:55)\r\n\tat org.openqa.selenium.remote.http.jdk.JdkHttpClient.execute(JdkHttpClient.java:358)\r\n\tat org.openqa.selenium.remote.tracing.TracedHttpClient.execute(TracedHttpClient.java:54)\r\n\tat org.openqa.selenium.remote.ProtocolHandshake.createSession(ProtocolHandshake.java:115)\r\n\tat org.openqa.selenium.remote.ProtocolHandshake.createSession(ProtocolHandshake.java:96)\r\n\tat org.openqa.selenium.remote.ProtocolHandshake.createSession(ProtocolHandshake.java:68)\r\n\tat org.openqa.selenium.remote.HttpCommandExecutor.execute(HttpCommandExecutor.java:163)\r\n\tat org.openqa.selenium.remote.TracedCommandExecutor.execute(TracedCommandExecutor.java:51)\r\n\tat org.openqa.selenium.remote.RemoteWebDriver.execute(RemoteWebDriver.java:523)\r\n\t... 57 more\r\nCaused by: java.net.ConnectException\r\n\tat java.net.http/jdk.internal.net.http.common.Utils.toConnectException(Utils.java:1107)\r\n\tat java.net.http/jdk.internal.net.http.PlainHttpConnection.connectAsync(PlainHttpConnection.java:203)\r\n\tat java.net.http/jdk.internal.net.http.PlainHttpConnection.checkRetryConnect(PlainHttpConnection.java:238)\r\n\tat java.net.http/jdk.internal.net.http.PlainHttpConnection.lambda$connectAsync$1(PlainHttpConnection.java:214)\r\n\tat java.base/java.util.concurrent.CompletableFuture.uniHandle(CompletableFuture.java:934)\r\n\tat java.base/java.util.concurrent.CompletableFuture$UniHandle.tryFire(CompletableFuture.java:911)\r\n\tat java.base/java.util.concurrent.CompletableFuture.postComplete(CompletableFuture.java:510)\r\n\tat java.base/java.util.concurrent.CompletableFuture$AsyncSupply.run$$$capture(CompletableFuture.java:1773)\r\n\tat java.base/java.util.concurrent.CompletableFuture$AsyncSupply.run(CompletableFuture.java)\r\n\tat --- Async.Stack.Trace --- (captured by IntelliJ IDEA debugger)\r\n\tat java.base/java.util.concurrent.CompletableFuture$AsyncSupply.<init>(CompletableFuture.java:1754)\r\n\tat java.base/java.util.concurrent.CompletableFuture.completeAsync(CompletableFuture.java:2673)\r\n\tat java.net.http/jdk.internal.net.http.PlainHttpConnection$ConnectEvent.handle(PlainHttpConnection.java:150)\r\n\tat java.net.http/jdk.internal.net.http.HttpClientImpl$SelectorManager.handleEvent(HttpClientImpl.java:1402)\r\n\tat java.net.http/jdk.internal.net.http.HttpClientImpl$SelectorManager.lambda$run$3(HttpClientImpl.java:1347)\r\n\tat java.base/java.util.ArrayList.forEach(ArrayList.java:1511)\r\n\tat java.net.http/jdk.internal.net.http.HttpClientImpl$SelectorManager.run(HttpClientImpl.java:1347)\r\nCaused by: java.nio.channels.ClosedChannelException\r\n\tat java.base/sun.nio.ch.SocketChannelImpl.ensureOpen(SocketChannelImpl.java:195)\r\n\tat java.base/sun.nio.ch.SocketChannelImpl.beginConnect(SocketChannelImpl.java:760)\r\n\tat java.base/sun.nio.ch.SocketChannelImpl.connect(SocketChannelImpl.java:848)\r\n\tat java.net.http/jdk.internal.net.http.PlainHttpConnection.lambda$connectAsync$0(PlainHttpConnection.java:187)\r\n\tat java.base/java.security.AccessController.doPrivileged(AccessController.java:569)\r\n\tat java.net.http/jdk.internal.net.http.PlainHttpConnection.connectAsync(PlainHttpConnection.java:189)\r\n\t... 15 more\r\n","status":"FAILED","exception":{"type":"io.cucumber.core.exception.CucumberException","message":"Failed to instantiate class com.example.automation.configuration.Hooks"}},"timestamp":{"seconds":1770714936,"nanos":6442300}}},{"testCaseFinished":{"testCaseStartedId":"ea3d9683-fe8a-417b-9819-d33f1b839e1f","timestamp":{"seconds":1770714936,"nanos":11440500},"willBeRetried":false}},{"testCase":{"id":"c44ee484-8e4b-4c4e-98fc-8284171e19bc","pickleId":"d5db21de-ba03-4c3c-8514-cd0e22d7087c","testSteps":[{"hookId":"9ea3fcae-e1f5-467f-ad70-988025ef79e0","id":"b5b9144e-f328-4135-b5bf-6b4ccabdb6cf"},{"id":"5d527296-a098-439e-95ec-801e94298051","pickleStepId":"58d0a107-72c2-41e2-b44b-6a07b47ca8c0","stepDefinitionIds":["41ddf980-ddd1-41d6-8376-3d1f0cdd4761"],"stepMatchArgumentsLists":[{"stepMatchArguments":[]}]},{"id":"a89a455d-36c5-46af-b6a8-238615e9e273","pickleStepId":"c1f61ebb-25a5-43d2-841a-cf3356851ff1","stepMatchArgumentsLists":[{"stepMatchArguments":[]}]},{"id":"263a187a-f4ef-4a77-a05b-c278d81a6b2e","pickleStepId":"624f8512-3ff4-48e8-973c-fe5e523dbf95","stepMatchArgumentsLists":[{"stepMatchArguments":[]}]},{"id":"2cec32e9-e9d6-4ee6-bfcb-e10549cf4f0c","pickleStepId":"6f836a52-0908-45d3-ba64-e553168ff475","stepMatchArgumentsLists":[{"stepMatchArguments":[]}]},{"id":"f8bc323f-5309-4ac8-8280-da6634c15fea","pickleStepId":"0cad9d70-36e1-4180-b7bb-d8f1fe17e79b","stepMatchArgumentsLists":[{"stepMatchArguments":[]}]},{"hookId":"67439102-098e-4f65-83e2-dcce9eb92852","id":"238bd042-e8df-4ac2-b3bf-867f02e491db"}]}},{"testCaseStarted":{"attempt":0,"id":"95cc4923-3ee6-46b4-a14f-1eafa52f78e9","testCaseId":"c44ee484-8e4b-4c4e-98fc-8284171e19bc","workerId":"main","timestamp":{"seconds":1770714936,"nanos":35611400}}},{"testStepStarted":{"testCaseStartedId":"95cc4923-3ee6-46b4-a14f-1eafa52f78e9","testStepId":"b5b9144e-f328-4135-b5bf-6b4ccabdb6cf","timestamp":{"seconds":1770714936,"nanos":36667200}}},{"testStepFinished":{"testCaseStartedId":"95cc4923-3ee6-46b4-a14f-1eafa52f78e9","testStepId":"b5b9144e-f328-4135-b5bf-6b4ccabdb6cf","testStepResult":{"duration":{"seconds":4,"nanos":56788400},"message":"io.cucumber.core.exception.CucumberException: Failed to instantiate class com.example.automation.configuration.Hooks\r\n\tat io.cucumber.core.backend.DefaultObjectFactory.cacheNewInstance(DefaultObjectFactory.java:67)\r\n\tat io.cucumber.core.backend.DefaultObjectFactory.getInstance(DefaultObjectFactory.java:45)\r\n\tat io.cucumber.java.AbstractGlueDefinition.invokeMethod(AbstractGlueDefinition.java:47)\r\n\tat io.cucumber.java.JavaHookDefinition.execute(JavaHookDefinition.java:64)\r\n\tat io.cucumber.core.runner.CoreHookDefinition.execute(CoreHookDefinition.java:46)\r\n\tat io.cucumber.core.runner.HookDefinitionMatch.runStep(HookDefinitionMatch.java:21)\r\n\tat io.cucumber.core.runner.ExecutionMode$1.execute(ExecutionMode.java:10)\r\n\tat io.cucumber.core.runner.TestStep.executeStep(TestStep.java:84)\r\n\tat io.cucumber.core.runner.TestStep.run(TestStep.java:56)\r\n\tat io.cucumber.core.runner.TestCase.run(TestCase.java:78)\r\n\tat io.cucumber.core.runner.Runner.runPickle(Runner.java:75)\r\n\tat io.cucumber.junit.PickleRunners$NoStepDescriptions.lambda$run$0(PickleRunners.java:151)\r\n\tat io.cucumber.core.runtime.CucumberExecutionContext.lambda$runTestCase$5(CucumberExecutionContext.java:137)\r\n\tat io.cucumber.core.runtime.RethrowingThrowableCollector.executeAndThrow(RethrowingThrowableCollector.java:23)\r\n\tat io.cucumber.core.runtime.CucumberExecutionContext.runTestCase(CucumberExecutionContext.java:137)\r\n\tat io.cucumber.junit.PickleRunners$NoStepDescriptions.run(PickleRunners.java:148)\r\n\tat io.cucumber.junit.FeatureRunner.runChild(FeatureRunner.java:144)\r\n\tat io.cucumber.junit.FeatureRunner.runChild(FeatureRunner.java:28)\r\n\tat org.junit.runners.ParentRunner$4.run(ParentRunner.java:331)\r\n\tat org.junit.runners.ParentRunner$1.schedule(ParentRunner.java:79)\r\n\tat org.junit.runners.ParentRunner.runChildren(ParentRunner.java:329)\r\n\tat org.junit.runners.ParentRunner.access$100(ParentRunner.java:66)\r\n\tat org.junit.runners.ParentRunner$2.evaluate(ParentRunner.java:293)\r\n\tat org.junit.runners.ParentRunner$3.evaluate(ParentRunner.java:306)\r\n\tat org.junit.runners.ParentRunner.run(ParentRunner.java:413)\r\n\tat io.cucumber.junit.FeatureRunner.run(FeatureRunner.java:137)\r\n\tat io.cucumber.junit.Cucumber.runChild(Cucumber.java:196)\r\n\tat io.cucumber.junit.Cucumber.runChild(Cucumber.java:89)\r\n\tat org.junit.runners.ParentRunner$4.run(ParentRunner.java:331)\r\n\tat org.junit.runners.ParentRunner$1.schedule(ParentRunner.java:79)\r\n\tat org.junit.runners.ParentRunner.runChildren(ParentRunner.java:329)\r\n\tat org.junit.runners.ParentRunner.access$100(ParentRunner.java:66)\r\n\tat org.junit.runners.ParentRunner$2.evaluate(ParentRunner.java:293)\r\n\tat io.cucumber.core.runtime.CucumberExecutionContext.lambda$runFeatures$6(CucumberExecutionContext.java:148)\r\n\tat io.cucumber.core.runtime.CucumberExecutionContext.execute(CucumberExecutionContext.java:163)\r\n\tat io.cucumber.core.runtime.CucumberExecutionContext.runFeatures(CucumberExecutionContext.java:146)\r\n\tat io.cucumber.junit.Cucumber$StartAndFinishTestRun.evaluate(Cucumber.java:226)\r\n\tat org.junit.internal.runners.statements.RunAfters.evaluate(RunAfters.java:27)\r\n\tat org.junit.runners.ParentRunner$3.evaluate(ParentRunner.java:306)\r\n\tat org.junit.runners.ParentRunner.run(ParentRunner.java:413)\r\n\tat org.junit.runner.JUnitCore.run(JUnitCore.java:137)\r\n\tat com.intellij.junit4.JUnit4IdeaTestRunner.startRunnerWithArgs(JUnit4IdeaTestRunner.java:69)\r\n\tat com.intellij.rt.junit.IdeaTestRunner$Repeater$1.execute(IdeaTestRunner.java:38)\r\n\tat com.intellij.rt.execution.junit.TestsRepeater.repeat(TestsRepeater.java:11)\r\n\tat com.intellij.rt.junit.IdeaTestRunner$Repeater.startRunnerWithArgs(IdeaTestRunner.java:35)\r\n\tat com.intellij.rt.junit.JUnitStarter.prepareStreamsAndStart(JUnitStarter.java:237)\r\n\tat com.intellij.rt.junit.JUnitStarter.main(JUnitStarter.java:58)\r\nCaused by: java.lang.reflect.InvocationTargetException\r\n\tat java.base/jdk.internal.reflect.NativeConstructorAccessorImpl.newInstance0(Native Method)\r\n\tat java.base/jdk.internal.reflect.NativeConstructorAccessorImpl.newInstance(NativeConstructorAccessorImpl.java:77)\r\n\tat java.base/jdk.internal.reflect.DelegatingConstructorAccessorImpl.newInstance(DelegatingConstructorAccessorImpl.java:45)\r\n\tat java.base/java.lang.reflect.Constructor.newInstanceWithCaller(Constructor.java:500)\r\n\tat java.base/java.lang.reflect.Constructor.newInstance(Constructor.java:481)\r\n\tat io.cucumber.core.backend.DefaultObjectFactory.cacheNewInstance(DefaultObjectFactory.java:53)\r\n\t... 46 more\r\nCaused by: org.openqa.selenium.SessionNotCreatedException: Could not start a new session. Possible causes are invalid address of the remote server or browser start-up failure. \nHost info: host: 'DESKTOP-6IM55F2', ip: '172.16.14.190'\nBuild info: version: '4.16.1', revision: '9b4c83354e'\nSystem info: os.name: 'Windows 10', os.arch: 'amd64', os.version: '10.0', java.version: '17.0.17'\nDriver info: org.openqa.selenium.remote.RemoteWebDriver\nCommand: [null, newSession {capabilities=[Capabilities {browserName: MicrosoftEdge, ms:edgeOptions: {args: [], extensions: []}}]}]\nCapabilities {browserName: MicrosoftEdge, ms:edgeOptions: {args: [], extensions: []}}\r\n\tat org.openqa.selenium.remote.RemoteWebDriver.execute(RemoteWebDriver.java:541)\r\n\tat org.openqa.selenium.remote.RemoteWebDriver.startSession(RemoteWebDriver.java:237)\r\n\tat org.openqa.selenium.remote.RemoteWebDriver.<init>(RemoteWebDriver.java:164)\r\n\tat org.openqa.selenium.remote.RemoteWebDriver.<init>(RemoteWebDriver.java:144)\r\n\tat com.example.automation.configuration.DriverFactory.getDriver(DriverFactory.java:38)\r\n\tat com.example.automation.configuration.Hooks.<init>(Hooks.java:26)\r\n\t... 52 more\r\nCaused by: java.io.UncheckedIOException: java.net.ConnectException\r\n\tat org.openqa.selenium.remote.http.jdk.JdkHttpClient.execute0(JdkHttpClient.java:442)\r\n\tat org.openqa.selenium.remote.http.AddSeleniumUserAgent.lambda$apply$0(AddSeleniumUserAgent.java:42)\r\n\tat org.openqa.selenium.remote.http.Filter.lambda$andFinally$1(Filter.java:55)\r\n\tat org.openqa.selenium.remote.http.jdk.JdkHttpClient.execute(JdkHttpClient.java:358)\r\n\tat org.openqa.selenium.remote.tracing.TracedHttpClient.execute(TracedHttpClient.java:54)\r\n\tat org.openqa.selenium.remote.ProtocolHandshake.createSession(ProtocolHandshake.java:115)\r\n\tat org.openqa.selenium.remote.ProtocolHandshake.createSession(ProtocolHandshake.java:96)\r\n\tat org.openqa.selenium.remote.ProtocolHandshake.createSession(ProtocolHandshake.java:68)\r\n\tat org.openqa.selenium.remote.HttpCommandExecutor.execute(HttpCommandExecutor.java:163)\r\n\tat org.openqa.selenium.remote.TracedCommandExecutor.execute(TracedCommandExecutor.java:51)\r\n\tat org.openqa.selenium.remote.RemoteWebDriver.execute(RemoteWebDriver.java:523)\r\n\t... 57 more\r\nCaused by: java.net.ConnectException\r\n\tat java.net.http/jdk.internal.net.http.common.Utils.toConnectException(Utils.java:1107)\r\n\tat java.net.http/jdk.internal.net.http.PlainHttpConnection.connectAsync(PlainHttpConnection.java:203)\r\n\tat java.net.http/jdk.internal.net.http.PlainHttpConnection.checkRetryConnect(PlainHttpConnection.java:238)\r\n\tat java.net.http/jdk.internal.net.http.PlainHttpConnection.lambda$connectAsync$1(PlainHttpConnection.java:214)\r\n\tat java.base/java.util.concurrent.CompletableFuture.uniHandle(CompletableFuture.java:934)\r\n\tat java.base/java.util.concurrent.CompletableFuture$UniHandle.tryFire(CompletableFuture.java:911)\r\n\tat java.base/java.util.concurrent.CompletableFuture.postComplete(CompletableFuture.java:510)\r\n\tat java.base/java.util.concurrent.CompletableFuture$AsyncSupply.run$$$capture(CompletableFuture.java:1773)\r\n\tat java.base/java.util.concurrent.CompletableFuture$AsyncSupply.run(CompletableFuture.java)\r\n\tat --- Async.Stack.Trace --- (captured by IntelliJ IDEA debugger)\r\n\tat java.base/java.util.concurrent.CompletableFuture$AsyncSupply.<init>(CompletableFuture.java:1754)\r\n\tat java.base/java.util.concurrent.CompletableFuture.completeAsync(CompletableFuture.java:2673)\r\n\tat java.net.http/jdk.internal.net.http.PlainHttpConnection$ConnectEvent.handle(PlainHttpConnection.java:150)\r\n\tat java.net.http/jdk.internal.net.http.HttpClientImpl$SelectorManager.handleEvent(HttpClientImpl.java:1402)\r\n\tat java.net.http/jdk.internal.net.http.HttpClientImpl$SelectorManager.lambda$run$3(HttpClientImpl.java:1347)\r\n\tat java.base/java.util.ArrayList.forEach(ArrayList.java:1511)\r\n\tat java.net.http/jdk.internal.net.http.HttpClientImpl$SelectorManager.run(HttpClientImpl.java:1347)\r\nCaused by: java.nio.channels.ClosedChannelException\r\n\tat java.base/sun.nio.ch.SocketChannelImpl.ensureOpen(SocketChannelImpl.java:195)\r\n\tat java.base/sun.nio.ch.SocketChannelImpl.beginConnect(SocketChannelImpl.java:760)\r\n\tat java.base/sun.nio.ch.SocketChannelImpl.connect(SocketChannelImpl.java:848)\r\n\tat java.net.http/jdk.internal.net.http.PlainHttpConnection.lambda$connectAsync$0(PlainHttpConnection.java:187)\r\n\tat java.base/java.security.AccessController.doPrivileged(AccessController.java:569)\r\n\tat java.net.http/jdk.internal.net.http.PlainHttpConnection.connectAsync(PlainHttpConnection.java:189)\r\n\t... 15 more\r\n","status":"FAILED","exception":{"type":"io.cucumber.core.exception.CucumberException","message":"Failed to instantiate class com.example.automation.configuration.Hooks"}},"timestamp":{"seconds":1770714940,"nanos":93455600}}},{"testStepStarted":{"testCaseStartedId":"95cc4923-3ee6-46b4-a14f-1eafa52f78e9","testStepId":"5d527296-a098-439e-95ec-801e94298051","timestamp":{"seconds":1770714940,"nanos":99387500}}},{"testStepFinished":{"testCaseStartedId":"95cc4923-3ee6-46b4-a14f-1eafa52f78e9","testStepId":"5d527296-a098-439e-95ec-801e94298051","testStepResult":{"duration":{"seconds":0,"nanos":1003000},"status":"SKIPPED"},"timestamp":{"seconds":1770714940,"nanos":100390500}}},{"testStepStarted":{"testCaseStartedId":"95cc4923-3ee6-46b4-a14f-1eafa52f78e9","testStepId":"a89a455d-36c5-46af-b6a8-238615e9e273","timestamp":{"seconds":1770714940,"nanos":100644500}}},{"testStepFinished":{"testCaseStartedId":"95cc4923-3ee6-46b4-a14f-1eafa52f78e9","testStepId":"a89a455d-36c5-46af-b6a8-238615e9e273","testStepResult":{"duration":{"seconds":0,"nanos":0},"status":"SKIPPED"},"timestamp":{"seconds":1770714940,"nanos":100644500}}},{"testStepStarted":{"testCaseStartedId":"95cc4923-3ee6-46b4-a14f-1eafa52f78e9","testStepId":"263a187a-f4ef-4a77-a05b-c278d81a6b2e","timestamp":{"seconds":1770714940,"nanos":100959800}}},{"testStepFinished":{"testCaseStartedId":"95cc4923-3ee6-46b4-a14f-1eafa52f78e9","testStepId":"263a187a-f4ef-4a77-a05b-c278d81a6b2e","testStepResult":{"duration":{"seconds":0,"nanos":0},"status":"SKIPPED"},"timestamp":{"seconds":1770714940,"nanos":100959800}}},{"testStepStarted":{"testCaseStartedId":"95cc4923-3ee6-46b4-a14f-1eafa52f78e9","testStepId":"2cec32e9-e9d6-4ee6-bfcb-e10549cf4f0c","timestamp":{"seconds":1770714940,"nanos":100959800}}},{"testStepFinished":{"testCaseStartedId":"95cc4923-3ee6-46b4-a14f-1eafa52f78e9","testStepId":"2cec32e9-e9d6-4ee6-bfcb-e10549cf4f0c","testStepResult":{"duration":{"seconds":0,"nanos":0},"status":"SKIPPED"},"timestamp":{"seconds":1770714940,"nanos":100959800}}},{"testStepStarted":{"testCaseStartedId":"95cc4923-3ee6-46b4-a14f-1eafa52f78e9","testStepId":"f8bc323f-5309-4ac8-8280-da6634c15fea","timestamp":{"seconds":1770714940,"nanos":100959800}}},{"testStepFinished":{"testCaseStartedId":"95cc4923-3ee6-46b4-a14f-1eafa52f78e9","testStepId":"f8bc323f-5309-4ac8-8280-da6634c15fea","testStepResult":{"duration":{"seconds":0,"nanos":0},"status":"SKIPPED"},"timestamp":{"seconds":1770714940,"nanos":100959800}}},{"testStepStarted":{"testCaseStartedId":"95cc4923-3ee6-46b4-a14f-1eafa52f78e9","testStepId":"238bd042-e8df-4ac2-b3bf-867f02e491db","timestamp":{"seconds":1770714940,"nanos":100959800}}},{"testStepFinished":{"testCaseStartedId":"95cc4923-3ee6-46b4-a14f-1eafa52f78e9","testStepId":"238bd042-e8df-4ac2-b3bf-867f02e491db","testStepResult":{"duration":{"seconds":4,"nanos":38814200},"message":"io.cucumber.core.exception.CucumberException: Failed to instantiate class com.example.automation.configuration.Hooks\r\n\tat io.cucumber.core.backend.DefaultObjectFactory.cacheNewInstance(DefaultObjectFactory.java:67)\r\n\tat io.cucumber.core.backend.DefaultObjectFactory.getInstance(DefaultObjectFactory.java:45)\r\n\tat io.cucumber.java.AbstractGlueDefinition.invokeMethod(AbstractGlueDefinition.java:47)\r\n\tat io.cucumber.java.JavaHookDefinition.execute(JavaHookDefinition.java:64)\r\n\tat io.cucumber.core.runner.CoreHookDefinition.execute(CoreHookDefinition.java:46)\r\n\tat io.cucumber.core.runner.HookDefinitionMatch.runStep(HookDefinitionMatch.java:21)\r\n\tat io.cucumber.core.runner.ExecutionMode$1.execute(ExecutionMode.java:10)\r\n\tat io.cucumber.core.runner.TestStep.executeStep(TestStep.java:84)\r\n\tat io.cucumber.core.runner.TestStep.run(TestStep.java:56)\r\n\tat io.cucumber.core.runner.TestCase.run(TestCase.java:90)\r\n\tat io.cucumber.core.runner.Runner.runPickle(Runner.java:75)\r\n\tat io.cucumber.junit.PickleRunners$NoStepDescriptions.lambda$run$0(PickleRunners.java:151)\r\n\tat io.cucumber.core.runtime.CucumberExecutionContext.lambda$runTestCase$5(CucumberExecutionContext.java:137)\r\n\tat io.cucumber.core.runtime.RethrowingThrowableCollector.executeAndThrow(RethrowingThrowableCollector.java:23)\r\n\tat io.cucumber.core.runtime.CucumberExecutionContext.runTestCase(CucumberExecutionContext.java:137)\r\n\tat io.cucumber.junit.PickleRunners$NoStepDescriptions.run(PickleRunners.java:148)\r\n\tat io.cucumber.junit.FeatureRunner.runChild(FeatureRunner.java:144)\r\n\tat io.cucumber.junit.FeatureRunner.runChild(FeatureRunner.java:28)\r\n\tat org.junit.runners.ParentRunner$4.run(ParentRunner.java:331)\r\n\tat org.junit.runners.ParentRunner$1.schedule(ParentRunner.java:79)\r\n\tat org.junit.runners.ParentRunner.runChildren(ParentRunner.java:329)\r\n\tat org.junit.runners.ParentRunner.access$100(ParentRunner.java:66)\r\n\tat org.junit.runners.ParentRunner$2.evaluate(ParentRunner.java:293)\r\n\tat org.junit.runners.ParentRunner$3.evaluate(ParentRunner.java:306)\r\n\tat org.junit.runners.ParentRunner.run(ParentRunner.java:413)\r\n\tat io.cucumber.junit.FeatureRunner.run(FeatureRunner.java:137)\r\n\tat io.cucumber.junit.Cucumber.runChild(Cucumber.java:196)\r\n\tat io.cucumber.junit.Cucumber.runChild(Cucumber.java:89)\r\n\tat org.junit.runners.ParentRunner$4.run(ParentRunner.java:331)\r\n\tat org.junit.runners.ParentRunner$1.schedule(ParentRunner.java:79)\r\n\tat org.junit.runners.ParentRunner.runChildren(ParentRunner.java:329)\r\n\tat org.junit.runners.ParentRunner.access$100(ParentRunner.java:66)\r\n\tat org.junit.runners.ParentRunner$2.evaluate(ParentRunner.java:293)\r\n\tat io.cucumber.core.runtime.CucumberExecutionContext.lambda$runFeatures$6(CucumberExecutionContext.java:148)\r\n\tat io.cucumber.core.runtime.CucumberExecutionContext.execute(CucumberExecutionContext.java:163)\r\n\tat io.cucumber.core.runtime.CucumberExecutionContext.runFeatures(CucumberExecutionContext.java:146)\r\n\tat io.cucumber.junit.Cucumber$StartAndFinishTestRun.evaluate(Cucumber.java:226)\r\n\tat org.junit.internal.runners.statements.RunAfters.evaluate(RunAfters.java:27)\r\n\tat org.junit.runners.ParentRunner$3.evaluate(ParentRunner.java:306)\r\n\tat org.junit.runners.ParentRunner.run(ParentRunner.java:413)\r\n\tat org.junit.runner.JUnitCore.run(JUnitCore.java:137)\r\n\tat com.intellij.junit4.JUnit4IdeaTestRunner.startRunnerWithArgs(JUnit4IdeaTestRunner.java:69)\r\n\tat com.intellij.rt.junit.IdeaTestRunner$Repeater$1.execute(IdeaTestRunner.java:38)\r\n\tat com.intellij.rt.execution.junit.TestsRepeater.repeat(TestsRepeater.java:11)\r\n\tat com.intellij.rt.junit.IdeaTestRunner$Repeater.startRunnerWithArgs(IdeaTestRunner.java:35)\r\n\tat com.intellij.rt.junit.JUnitStarter.prepareStreamsAndStart(JUnitStarter.java:237)\r\n\tat com.intellij.rt.junit.JUnitStarter.main(JUnitStarter.java:58)\r\nCaused by: java.lang.reflect.InvocationTargetException\r\n\tat java.base/jdk.internal.reflect.NativeConstructorAccessorImpl.newInstance0(Native Method)\r\n\tat java.base/jdk.internal.reflect.NativeConstructorAccessorImpl.newInstance(NativeConstructorAccessorImpl.java:77)\r\n\tat java.base/jdk.internal.reflect.DelegatingConstructorAccessorImpl.newInstance(DelegatingConstructorAccessorImpl.java:45)\r\n\tat java.base/java.lang.reflect.Constructor.newInstanceWithCaller(Constructor.java:500)\r\n\tat java.base/java.lang.reflect.Constructor.newInstance(Constructor.java:481)\r\n\tat io.cucumber.core.backend.DefaultObjectFactory.cacheNewInstance(DefaultObjectFactory.java:53)\r\n\t... 46 more\r\nCaused by: org.openqa.selenium.SessionNotCreatedException: Could not start a new session. Possible causes are invalid address of the remote server or browser start-up failure. \nHost info: host: 'DESKTOP-6IM55F2', ip: '172.16.14.190'\nBuild info: version: '4.16.1', revision: '9b4c83354e'\nSystem info: os.name: 'Windows 10', os.arch: 'amd64', os.version: '10.0', java.version: '17.0.17'\nDriver info: org.openqa.selenium.remote.RemoteWebDriver\nCommand: [null, newSession {capabilities=[Capabilities {browserName: MicrosoftEdge, ms:edgeOptions: {args: [], extensions: []}}]}]\nCapabilities {browserName: MicrosoftEdge, ms:edgeOptions: {args: [], extensions: []}}\r\n\tat org.openqa.selenium.remote.RemoteWebDriver.execute(RemoteWebDriver.java:541)\r\n\tat org.openqa.selenium.remote.RemoteWebDriver.startSession(RemoteWebDriver.java:237)\r\n\tat org.openqa.selenium.remote.RemoteWebDriver.<init>(RemoteWebDriver.java:164)\r\n\tat org.openqa.selenium.remote.RemoteWebDriver.<init>(RemoteWebDriver.java:144)\r\n\tat com.example.automation.configuration.DriverFactory.getDriver(DriverFactory.java:38)\r\n\tat com.example.automation.configuration.Hooks.<init>(Hooks.java:26)\r\n\t... 52 more\r\nCaused by: java.io.UncheckedIOException: java.net.ConnectException\r\n\tat org.openqa.selenium.remote.http.jdk.JdkHttpClient.execute0(JdkHttpClient.java:442)\r\n\tat org.openqa.selenium.remote.http.AddSeleniumUserAgent.lambda$apply$0(AddSeleniumUserAgent.java:42)\r\n\tat org.openqa.selenium.remote.http.Filter.lambda$andFinally$1(Filter.java:55)\r\n\tat org.openqa.selenium.remote.http.jdk.JdkHttpClient.execute(JdkHttpClient.java:358)\r\n\tat org.openqa.selenium.remote.tracing.TracedHttpClient.execute(TracedHttpClient.java:54)\r\n\tat org.openqa.selenium.remote.ProtocolHandshake.createSession(ProtocolHandshake.java:115)\r\n\tat org.openqa.selenium.remote.ProtocolHandshake.createSession(ProtocolHandshake.java:96)\r\n\tat org.openqa.selenium.remote.ProtocolHandshake.createSession(ProtocolHandshake.java:68)\r\n\tat org.openqa.selenium.remote.HttpCommandExecutor.execute(HttpCommandExecutor.java:163)\r\n\tat org.openqa.selenium.remote.TracedCommandExecutor.execute(TracedCommandExecutor.java:51)\r\n\tat org.openqa.selenium.remote.RemoteWebDriver.execute(RemoteWebDriver.java:523)\r\n\t... 57 more\r\nCaused by: java.net.ConnectException\r\n\tat java.net.http/jdk.internal.net.http.common.Utils.toConnectException(Utils.java:1107)\r\n\tat java.net.http/jdk.internal.net.http.PlainHttpConnection.connectAsync(PlainHttpConnection.java:203)\r\n\tat java.net.http/jdk.internal.net.http.PlainHttpConnection.checkRetryConnect(PlainHttpConnection.java:238)\r\n\tat java.net.http/jdk.internal.net.http.PlainHttpConnection.lambda$connectAsync$1(PlainHttpConnection.java:214)\r\n\tat java.base/java.util.concurrent.CompletableFuture.uniHandle(CompletableFuture.java:934)\r\n\tat java.base/java.util.concurrent.CompletableFuture$UniHandle.tryFire(CompletableFuture.java:911)\r\n\tat java.base/java.util.concurrent.CompletableFuture.postComplete(CompletableFuture.java:510)\r\n\tat java.base/java.util.concurrent.CompletableFuture$AsyncSupply.run$$$capture(CompletableFuture.java:1773)\r\n\tat java.base/java.util.concurrent.CompletableFuture$AsyncSupply.run(CompletableFuture.java)\r\n\tat --- Async.Stack.Trace --- (captured by IntelliJ IDEA debugger)\r\n\tat java.base/java.util.concurrent.CompletableFuture$AsyncSupply.<init>(CompletableFuture.java:1754)\r\n\tat java.base/java.util.concurrent.CompletableFuture.completeAsync(CompletableFuture.java:2673)\r\n\tat java.net.http/jdk.internal.net.http.PlainHttpConnection$ConnectEvent.handle(PlainHttpConnection.java:150)\r\n\tat java.net.http/jdk.internal.net.http.HttpClientImpl$SelectorManager.handleEvent(HttpClientImpl.java:1402)\r\n\tat java.net.http/jdk.internal.net.http.HttpClientImpl$SelectorManager.lambda$run$3(HttpClientImpl.java:1347)\r\n\tat java.base/java.util.ArrayList.forEach(ArrayList.java:1511)\r\n\tat java.net.http/jdk.internal.net.http.HttpClientImpl$SelectorManager.run(HttpClientImpl.java:1347)\r\nCaused by: java.nio.channels.ClosedChannelException\r\n\tat java.base/sun.nio.ch.SocketChannelImpl.ensureOpen(SocketChannelImpl.java:195)\r\n\tat java.base/sun.nio.ch.SocketChannelImpl.beginConnect(SocketChannelImpl.java:760)\r\n\tat java.base/sun.nio.ch.SocketChannelImpl.connect(SocketChannelImpl.java:848)\r\n\tat java.net.http/jdk.internal.net.http.PlainHttpConnection.lambda$connectAsync$0(PlainHttpConnection.java:187)\r\n\tat java.base/java.security.AccessController.doPrivileged(AccessController.java:569)\r\n\tat java.net.http/jdk.internal.net.http.PlainHttpConnection.connectAsync(PlainHttpConnection.java:189)\r\n\t... 15 more\r\n","status":"FAILED","exception":{"type":"io.cucumber.core.exception.CucumberException","message":"Failed to instantiate class com.example.automation.configuration.Hooks"}},"timestamp":{"seconds":1770714944,"nanos":139774000}}},{"testCaseFinished":{"testCaseStartedId":"95cc4923-3ee6-46b4-a14f-1eafa52f78e9","timestamp":{"seconds":1770714944,"nanos":139774000},"willBeRetried":false}},{"testCase":{"id":"3eff9849-92c6-47d6-84d4-32ede1bd9c62","pickleId":"b69a368b-1c01-4e01-8eec-2af894b9da21","testSteps":[{"hookId":"9ea3fcae-e1f5-467f-ad70-988025ef79e0","id":"8663c6a8-96d0-4085-90ec-036eefdb97c8"},{"id":"10b3641d-471b-4e1d-bf54-e0abe6d47c10","pickleStepId":"64c131a7-53bc-43ea-b1fc-1b5f280a13cd","stepDefinitionIds":["49b49fa8-d2a4-4e7b-a148-a1c84e66714e"],"stepMatchArgumentsLists":[{"stepMatchArguments":[]}]},{"id":"26b41ca6-db71-41c2-b843-2d5d2c5f5d15","pickleStepId":"d9d241a8-557a-466f-9dbb-d1a7475292d7","stepMatchArgumentsLists":[{"stepMatchArguments":[]}]},{"id":"bb2e81d4-7de1-4f5a-834c-3f1320178623","pickleStepId":"e9a8485c-5c0a-4015-904f-2b5904e13d5b","stepMatchArgumentsLists":[{"stepMatchArguments":[]}]},{"id":"697e0800-a906-4b30-85cf-ef1116bab12a","pickleStepId":"d5586db6-bae2-4185-88a2-5996fd186d8d","stepMatchArgumentsLists":[{"stepMatchArguments":[]}]},{"id":"89cdae42-5533-4fc1-892a-c25509409b24","pickleStepId":"0dc49312-59d9-4c7b-9624-3c3ac464eeb1","stepMatchArgumentsLists":[{"stepMatchArguments":[]}]},{"hookId":"67439102-098e-4f65-83e2-dcce9eb92852","id":"54213c7a-4331-45a2-83c0-edc8c1daef92"}]}},{"testCaseStarted":{"attempt":0,"id":"d6912416-9e03-426a-9587-7e12b21eb997","testCaseId":"3eff9849-92c6-47d6-84d4-32ede1bd9c62","workerId":"main","timestamp":{"seconds":1770714944,"nanos":159149600}}},{"testStepStarted":{"testCaseStartedId":"d6912416-9e03-426a-9587-7e12b21eb997","testStepId":"8663c6a8-96d0-4085-90ec-036eefdb97c8","timestamp":{"seconds":1770714944,"nanos":159149600}}},{"testStepFinished":{"testCaseStartedId":"d6912416-9e03-426a-9587-7e12b21eb997","testStepId":"8663c6a8-96d0-4085-90ec-036eefdb97c8","testStepResult":{"duration":{"seconds":4,"nanos":106802800},"message":"io.cucumber.core.exception.CucumberException: Failed to instantiate class com.example.automation.configuration.Hooks\r\n\tat io.cucumber.core.backend.DefaultObjectFactory.cacheNewInstance(DefaultObjectFactory.java:67)\r\n\tat io.cucumber.core.backend.DefaultObjectFactory.getInstance(DefaultObjectFactory.java:45)\r\n\tat io.cucumber.java.AbstractGlueDefinition.invokeMethod(AbstractGlueDefinition.java:47)\r\n\tat io.cucumber.java.JavaHookDefinition.execute(JavaHookDefinition.java:64)\r\n\tat io.cucumber.core.runner.CoreHookDefinition.execute(CoreHookDefinition.java:46)\r\n\tat io.cucumber.core.runner.HookDefinitionMatch.runStep(HookDefinitionMatch.java:21)\r\n\tat io.cucumber.core.runner.ExecutionMode$1.execute(ExecutionMode.java:10)\r\n\tat io.cucumber.core.runner.TestStep.executeStep(TestStep.java:84)\r\n\tat io.cucumber.core.runner.TestStep.run(TestStep.java:56)\r\n\tat io.cucumber.core.runner.TestCase.run(TestCase.java:78)\r\n\tat io.cucumber.core.runner.Runner.runPickle(Runner.java:75)\r\n\tat io.cucumber.junit.PickleRunners$NoStepDescriptions.lambda$run$0(PickleRunners.java:151)\r\n\tat io.cucumber.core.runtime.CucumberExecutionContext.lambda$runTestCase$5(CucumberExecutionContext.java:137)\r\n\tat io.cucumber.core.runtime.RethrowingThrowableCollector.executeAndThrow(RethrowingThrowableCollector.java:23)\r\n\tat io.cucumber.core.runtime.CucumberExecutionContext.runTestCase(CucumberExecutionContext.java:137)\r\n\tat io.cucumber.junit.PickleRunners$NoStepDescriptions.run(PickleRunners.java:148)\r\n\tat io.cucumber.junit.FeatureRunner.runChild(FeatureRunner.java:144)\r\n\tat io.cucumber.junit.FeatureRunner.runChild(FeatureRunner.java:28)\r\n\tat org.junit.runners.ParentRunner$4.run(ParentRunner.java:331)\r\n\tat org.junit.runners.ParentRunner$1.schedule(ParentRunner.java:79)\r\n\tat org.junit.runners.ParentRunner.runChildren(ParentRunner.java:329)\r\n\tat org.junit.runners.ParentRunner.access$100(ParentRunner.java:66)\r\n\tat org.junit.runners.ParentRunner$2.evaluate(ParentRunner.java:293)\r\n\tat org.junit.runners.ParentRunner$3.evaluate(ParentRunner.java:306)\r\n\tat org.junit.runners.ParentRunner.run(ParentRunner.java:413)\r\n\tat io.cucumber.junit.FeatureRunner.run(FeatureRunner.java:137)\r\n\tat io.cucumber.junit.Cucumber.runChild(Cucumber.java:196)\r\n\tat io.cucumber.junit.Cucumber.runChild(Cucumber.java:89)\r\n\tat org.junit.runners.ParentRunner$4.run(ParentRunner.java:331)\r\n\tat org.junit.runners.ParentRunner$1.schedule(ParentRunner.java:79)\r\n\tat org.junit.runners.ParentRunner.runChildren(ParentRunner.java:329)\r\n\tat org.junit.runners.ParentRunner.access$100(ParentRunner.java:66)\r\n\tat org.junit.runners.ParentRunner$2.evaluate(ParentRunner.java:293)\r\n\tat io.cucumber.core.runtime.CucumberExecutionContext.lambda$runFeatures$6(CucumberExecutionContext.java:148)\r\n\tat io.cucumber.core.runtime.CucumberExecutionContext.execute(CucumberExecutionContext.java:163)\r\n\tat io.cucumber.core.runtime.CucumberExecutionContext.runFeatures(CucumberExecutionContext.java:146)\r\n\tat io.cucumber.junit.Cucumber$StartAndFinishTestRun.evaluate(Cucumber.java:226)\r\n\tat org.junit.internal.runners.statements.RunAfters.evaluate(RunAfters.java:27)\r\n\tat org.junit.runners.ParentRunner$3.evaluate(ParentRunner.java:306)\r\n\tat org.junit.runners.ParentRunner.run(ParentRunner.java:413)\r\n\tat org.junit.runner.JUnitCore.run(JUnitCore.java:137)\r\n\tat com.intellij.junit4.JUnit4IdeaTestRunner.startRunnerWithArgs(JUnit4IdeaTestRunner.java:69)\r\n\tat com.intellij.rt.junit.IdeaTestRunner$Repeater$1.execute(IdeaTestRunner.java:38)\r\n\tat com.intellij.rt.execution.junit.TestsRepeater.repeat(TestsRepeater.java:11)\r\n\tat com.intellij.rt.junit.IdeaTestRunner$Repeater.startRunnerWithArgs(IdeaTestRunner.java:35)\r\n\tat com.intellij.rt.junit.JUnitStarter.prepareStreamsAndStart(JUnitStarter.java:237)\r\n\tat com.intellij.rt.junit.JUnitStarter.main(JUnitStarter.java:58)\r\nCaused by: java.lang.reflect.InvocationTargetException\r\n\tat java.base/jdk.internal.reflect.NativeConstructorAccessorImpl.newInstance0(Native Method)\r\n\tat java.base/jdk.internal.reflect.NativeConstructorAccessorImpl.newInstance(NativeConstructorAccessorImpl.java:77)\r\n\tat java.base/jdk.internal.reflect.DelegatingConstructorAccessorImpl.newInstance(DelegatingConstructorAccessorImpl.java:45)\r\n\tat java.base/java.lang.reflect.Constructor.newInstanceWithCaller(Constructor.java:500)\r\n\tat java.base/java.lang.reflect.Constructor.newInstance(Constructor.java:481)\r\n\tat io.cucumber.core.backend.DefaultObjectFactory.cacheNewInstance(DefaultObjectFactory.java:53)\r\n\t... 46 more\r\nCaused by: org.openqa.selenium.SessionNotCreatedException: Could not start a new session. Possible causes are invalid address of the remote server or browser start-up failure. \nHost info: host: 'DESKTOP-6IM55F2', ip: '172.16.14.190'\nBuild info: version: '4.16.1', revision: '9b4c83354e'\nSystem info: os.name: 'Windows 10', os.arch: 'amd64', os.version: '10.0', java.version: '17.0.17'\nDriver info: org.openqa.selenium.remote.RemoteWebDriver\nCommand: [null, newSession {capabilities=[Capabilities {browserName: MicrosoftEdge, ms:edgeOptions: {args: [], extensions: []}}]}]\nCapabilities {browserName: MicrosoftEdge, ms:edgeOptions: {args: [], extensions: []}}\r\n\tat org.openqa.selenium.remote.RemoteWebDriver.execute(RemoteWebDriver.java:541)\r\n\tat org.openqa.selenium.remote.RemoteWebDriver.startSession(RemoteWebDriver.java:237)\r\n\tat org.openqa.selenium.remote.RemoteWebDriver.<init>(RemoteWebDriver.java:164)\r\n\tat org.openqa.selenium.remote.RemoteWebDriver.<init>(RemoteWebDriver.java:144)\r\n\tat com.example.automation.configuration.DriverFactory.getDriver(DriverFactory.java:38)\r\n\tat com.example.automation.configuration.Hooks.<init>(Hooks.java:26)\r\n\t... 52 more\r\nCaused by: java.io.UncheckedIOException: java.net.ConnectException\r\n\tat org.openqa.selenium.remote.http.jdk.JdkHttpClient.execute0(JdkHttpClient.java:442)\r\n\tat org.openqa.selenium.remote.http.AddSeleniumUserAgent.lambda$apply$0(AddSeleniumUserAgent.java:42)\r\n\tat org.openqa.selenium.remote.http.Filter.lambda$andFinally$1(Filter.java:55)\r\n\tat org.openqa.selenium.remote.http.jdk.JdkHttpClient.execute(JdkHttpClient.java:358)\r\n\tat org.openqa.selenium.remote.tracing.TracedHttpClient.execute(TracedHttpClient.java:54)\r\n\tat org.openqa.selenium.remote.ProtocolHandshake.createSession(ProtocolHandshake.java:115)\r\n\tat org.openqa.selenium.remote.ProtocolHandshake.createSession(ProtocolHandshake.java:96)\r\n\tat org.openqa.selenium.remote.ProtocolHandshake.createSession(ProtocolHandshake.java:68)\r\n\tat org.openqa.selenium.remote.HttpCommandExecutor.execute(HttpCommandExecutor.java:163)\r\n\tat org.openqa.selenium.remote.TracedCommandExecutor.execute(TracedCommandExecutor.java:51)\r\n\tat org.openqa.selenium.remote.RemoteWebDriver.execute(RemoteWebDriver.java:523)\r\n\t... 57 more\r\nCaused by: java.net.ConnectException\r\n\tat java.net.http/jdk.internal.net.http.common.Utils.toConnectException(Utils.java:1107)\r\n\tat java.net.http/jdk.internal.net.http.PlainHttpConnection.connectAsync(PlainHttpConnection.java:203)\r\n\tat java.net.http/jdk.internal.net.http.PlainHttpConnection.checkRetryConnect(PlainHttpConnection.java:238)\r\n\tat java.net.http/jdk.internal.net.http.PlainHttpConnection.lambda$connectAsync$1(PlainHttpConnection.java:214)\r\n\tat java.base/java.util.concurrent.CompletableFuture.uniHandle(CompletableFuture.java:934)\r\n\tat java.base/java.util.concurrent.CompletableFuture$UniHandle.tryFire(CompletableFuture.java:911)\r\n\tat java.base/java.util.concurrent.CompletableFuture.postComplete(CompletableFuture.java:510)\r\n\tat java.base/java.util.concurrent.CompletableFuture$AsyncSupply.run$$$capture(CompletableFuture.java:1773)\r\n\tat java.base/java.util.concurrent.CompletableFuture$AsyncSupply.run(CompletableFuture.java)\r\n\tat --- Async.Stack.Trace --- (captured by IntelliJ IDEA debugger)\r\n\tat java.base/java.util.concurrent.CompletableFuture$AsyncSupply.<init>(CompletableFuture.java:1754)\r\n\tat java.base/java.util.concurrent.CompletableFuture.completeAsync(CompletableFuture.java:2673)\r\n\tat java.net.http/jdk.internal.net.http.PlainHttpConnection$ConnectEvent.handle(PlainHttpConnection.java:150)\r\n\tat java.net.http/jdk.internal.net.http.HttpClientImpl$SelectorManager.handleEvent(HttpClientImpl.java:1402)\r\n\tat java.net.http/jdk.internal.net.http.HttpClientImpl$SelectorManager.lambda$run$3(HttpClientImpl.java:1347)\r\n\tat java.base/java.util.ArrayList.forEach(ArrayList.java:1511)\r\n\tat java.net.http/jdk.internal.net.http.HttpClientImpl$SelectorManager.run(HttpClientImpl.java:1347)\r\nCaused by: java.nio.channels.ClosedChannelException\r\n\tat java.base/sun.nio.ch.SocketChannelImpl.ensureOpen(SocketChannelImpl.java:195)\r\n\tat java.base/sun.nio.ch.SocketChannelImpl.beginConnect(SocketChannelImpl.java:760)\r\n\tat java.base/sun.nio.ch.SocketChannelImpl.connect(SocketChannelImpl.java:848)\r\n\tat java.net.http/jdk.internal.net.http.PlainHttpConnection.lambda$connectAsync$0(PlainHttpConnection.java:187)\r\n\tat java.base/java.security.AccessController.doPrivileged(AccessController.java:569)\r\n\tat java.net.http/jdk.internal.net.http.PlainHttpConnection.connectAsync(PlainHttpConnection.java:189)\r\n\t... 15 more\r\n","status":"FAILED","exception":{"type":"io.cucumber.core.exception.CucumberException","message":"Failed to instantiate class com.example.automation.configuration.Hooks"}},"timestamp":{"seconds":1770714948,"nanos":265952400}}},{"testStepStarted":{"testCaseStartedId":"d6912416-9e03-426a-9587-7e12b21eb997","testStepId":"10b3641d-471b-4e1d-bf54-e0abe6d47c10","timestamp":{"seconds":1770714948,"nanos":266942000}}},{"testStepFinished":{"testCaseStartedId":"d6912416-9e03-426a-9587-7e12b21eb997","testStepId":"10b3641d-471b-4e1d-bf54-e0abe6d47c10","testStepResult":{"duration":{"seconds":0,"nanos":0},"status":"SKIPPED"},"timestamp":{"seconds":1770714948,"nanos":266942000}}},{"testStepStarted":{"testCaseStartedId":"d6912416-9e03-426a-9587-7e12b21eb997","testStepId":"26b41ca6-db71-41c2-b843-2d5d2c5f5d15","timestamp":{"seconds":1770714948,"nanos":266942000}}},{"testStepFinished":{"testCaseStartedId":"d6912416-9e03-426a-9587-7e12b21eb997","testStepId":"26b41ca6-db71-41c2-b843-2d5d2c5f5d15","testStepResult":{"duration":{"seconds":0,"nanos":0},"status":"SKIPPED"},"timestamp":{"seconds":1770714948,"nanos":266942000}}},{"testStepStarted":{"testCaseStartedId":"d6912416-9e03-426a-9587-7e12b21eb997","testStepId":"bb2e81d4-7de1-4f5a-834c-3f1320178623","timestamp":{"seconds":1770714948,"nanos":266942000}}},{"testStepFinished":{"testCaseStartedId":"d6912416-9e03-426a-9587-7e12b21eb997","testStepId":"bb2e81d4-7de1-4f5a-834c-3f1320178623","testStepResult":{"duration":{"seconds":0,"nanos":0},"status":"SKIPPED"},"timestamp":{"seconds":1770714948,"nanos":266942000}}},{"testStepStarted":{"testCaseStartedId":"d6912416-9e03-426a-9587-7e12b21eb997","testStepId":"697e0800-a906-4b30-85cf-ef1116bab12a","timestamp":{"seconds":1770714948,"nanos":266942000}}},{"testStepFinished":{"testCaseStartedId":"d6912416-9e03-426a-9587-7e12b21eb997","testStepId":"697e0800-a906-4b30-85cf-ef1116bab12a","testStepResult":{"duration":{"seconds":0,"nanos":0},"status":"SKIPPED"},"timestamp":{"seconds":1770714948,"nanos":266942000}}},{"testStepStarted":{"testCaseStartedId":"d6912416-9e03-426a-9587-7e12b21eb997","testStepId":"89cdae42-5533-4fc1-892a-c25509409b24","timestamp":{"seconds":1770714948,"nanos":266942000}}},{"testStepFinished":{"testCaseStartedId":"d6912416-9e03-426a-9587-7e12b21eb997","testStepId":"89cdae42-5533-4fc1-892a-c25509409b24","testStepResult":{"duration":{"seconds":0,"nanos":0},"status":"SKIPPED"},"timestamp":{"seconds":1770714948,"nanos":266942000}}},{"testStepStarted":{"testCaseStartedId":"d6912416-9e03-426a-9587-7e12b21eb997","testStepId":"54213c7a-4331-45a2-83c0-edc8c1daef92","timestamp":{"seconds":1770714948,"nanos":266942000}}},{"testStepFinished":{"testCaseStartedId":"d6912416-9e03-426a-9587-7e12b21eb997","testStepId":"54213c7a-4331-45a2-83c0-edc8c1daef92","testStepResult":{"duration":{"seconds":4,"nanos":64760600},"message":"io.cucumber.core.exception.CucumberException: Failed to instantiate class com.example.automation.configuration.Hooks\r\n\tat io.cucumber.core.backend.DefaultObjectFactory.cacheNewInstance(DefaultObjectFactory.java:67)\r\n\tat io.cucumber.core.backend.DefaultObjectFactory.getInstance(DefaultObjectFactory.java:45)\r\n\tat io.cucumber.java.AbstractGlueDefinition.invokeMethod(AbstractGlueDefinition.java:47)\r\n\tat io.cucumber.java.JavaHookDefinition.execute(JavaHookDefinition.java:64)\r\n\tat io.cucumber.core.runner.CoreHookDefinition.execute(CoreHookDefinition.java:46)\r\n\tat io.cucumber.core.runner.HookDefinitionMatch.runStep(HookDefinitionMatch.java:21)\r\n\tat io.cucumber.core.runner.ExecutionMode$1.execute(ExecutionMode.java:10)\r\n\tat io.cucumber.core.runner.TestStep.executeStep(TestStep.java:84)\r\n\tat io.cucumber.core.runner.TestStep.run(TestStep.java:56)\r\n\tat io.cucumber.core.runner.TestCase.run(TestCase.java:90)\r\n\tat io.cucumber.core.runner.Runner.runPickle(Runner.java:75)\r\n\tat io.cucumber.junit.PickleRunners$NoStepDescriptions.lambda$run$0(PickleRunners.java:151)\r\n\tat io.cucumber.core.runtime.CucumberExecutionContext.lambda$runTestCase$5(CucumberExecutionContext.java:137)\r\n\tat io.cucumber.core.runtime.RethrowingThrowableCollector.executeAndThrow(RethrowingThrowableCollector.java:23)\r\n\tat io.cucumber.core.runtime.CucumberExecutionContext.runTestCase(CucumberExecutionContext.java:137)\r\n\tat io.cucumber.junit.PickleRunners$NoStepDescriptions.run(PickleRunners.java:148)\r\n\tat io.cucumber.junit.FeatureRunner.runChild(FeatureRunner.java:144)\r\n\tat io.cucumber.junit.FeatureRunner.runChild(FeatureRunner.java:28)\r\n\tat org.junit.runners.ParentRunner$4.run(ParentRunner.java:331)\r\n\tat org.junit.runners.ParentRunner$1.schedule(ParentRunner.java:79)\r\n\tat org.junit.runners.ParentRunner.runChildren(ParentRunner.java:329)\r\n\tat org.junit.runners.ParentRunner.access$100(ParentRunner.java:66)\r\n\tat org.junit.runners.ParentRunner$2.evaluate(ParentRunner.java:293)\r\n\tat org.junit.runners.ParentRunner$3.evaluate(ParentRunner.java:306)\r\n\tat org.junit.runners.ParentRunner.run(ParentRunner.java:413)\r\n\tat io.cucumber.junit.FeatureRunner.run(FeatureRunner.java:137)\r\n\tat io.cucumber.junit.Cucumber.runChild(Cucumber.java:196)\r\n\tat io.cucumber.junit.Cucumber.runChild(Cucumber.java:89)\r\n\tat org.junit.runners.ParentRunner$4.run(ParentRunner.java:331)\r\n\tat org.junit.runners.ParentRunner$1.schedule(ParentRunner.java:79)\r\n\tat org.junit.runners.ParentRunner.runChildren(ParentRunner.java:329)\r\n\tat org.junit.runners.ParentRunner.access$100(ParentRunner.java:66)\r\n\tat org.junit.runners.ParentRunner$2.evaluate(ParentRunner.java:293)\r\n\tat io.cucumber.core.runtime.CucumberExecutionContext.lambda$runFeatures$6(CucumberExecutionContext.java:148)\r\n\tat io.cucumber.core.runtime.CucumberExecutionContext.execute(CucumberExecutionContext.java:163)\r\n\tat io.cucumber.core.runtime.CucumberExecutionContext.runFeatures(CucumberExecutionContext.java:146)\r\n\tat io.cucumber.junit.Cucumber$StartAndFinishTestRun.evaluate(Cucumber.java:226)\r\n\tat org.junit.internal.runners.statements.RunAfters.evaluate(RunAfters.java:27)\r\n\tat org.junit.runners.ParentRunner$3.evaluate(ParentRunner.java:306)\r\n\tat org.junit.runners.ParentRunner.run(ParentRunner.java:413)\r\n\tat org.junit.runner.JUnitCore.run(JUnitCore.java:137)\r\n\tat com.intellij.junit4.JUnit4IdeaTestRunner.startRunnerWithArgs(JUnit4IdeaTestRunner.java:69)\r\n\tat com.intellij.rt.junit.IdeaTestRunner$Repeater$1.execute(IdeaTestRunner.java:38)\r\n\tat com.intellij.rt.execution.junit.TestsRepeater.repeat(TestsRepeater.java:11)\r\n\tat com.intellij.rt.junit.IdeaTestRunner$Repeater.startRunnerWithArgs(IdeaTestRunner.java:35)\r\n\tat com.intellij.rt.junit.JUnitStarter.prepareStreamsAndStart(JUnitStarter.java:237)\r\n\tat com.intellij.rt.junit.JUnitStarter.main(JUnitStarter.java:58)\r\nCaused by: java.lang.reflect.InvocationTargetException\r\n\tat java.base/jdk.internal.reflect.NativeConstructorAccessorImpl.newInstance0(Native Method)\r\n\tat java.base/jdk.internal.reflect.NativeConstructorAccessorImpl.newInstance(NativeConstructorAccessorImpl.java:77)\r\n\tat java.base/jdk.internal.reflect.DelegatingConstructorAccessorImpl.newInstance(DelegatingConstructorAccessorImpl.java:45)\r\n\tat java.base/java.lang.reflect.Constructor.newInstanceWithCaller(Constructor.java:500)\r\n\tat java.base/java.lang.reflect.Constructor.newInstance(Constructor.java:481)\r\n\tat io.cucumber.core.backend.DefaultObjectFactory.cacheNewInstance(DefaultObjectFactory.java:53)\r\n\t... 46 more\r\nCaused by: org.openqa.selenium.SessionNotCreatedException: Could not start a new session. Possible causes are invalid address of the remote server or browser start-up failure. \nHost info: host: 'DESKTOP-6IM55F2', ip: '172.16.14.190'\nBuild info: version: '4.16.1', revision: '9b4c83354e'\nSystem info: os.name: 'Windows 10', os.arch: 'amd64', os.version: '10.0', java.version: '17.0.17'\nDriver info: org.openqa.selenium.remote.RemoteWebDriver\nCommand: [null, newSession {capabilities=[Capabilities {browserName: MicrosoftEdge, ms:edgeOptions: {args: [], extensions: []}}]}]\nCapabilities {browserName: MicrosoftEdge, ms:edgeOptions: {args: [], extensions: []}}\r\n\tat org.openqa.selenium.remote.RemoteWebDriver.execute(RemoteWebDriver.java:541)\r\n\tat org.openqa.selenium.remote.RemoteWebDriver.startSession(RemoteWebDriver.java:237)\r\n\tat org.openqa.selenium.remote.RemoteWebDriver.<init>(RemoteWebDriver.java:164)\r\n\tat org.openqa.selenium.remote.RemoteWebDriver.<init>(RemoteWebDriver.java:144)\r\n\tat com.example.automation.configuration.DriverFactory.getDriver(DriverFactory.java:38)\r\n\tat com.example.automation.configuration.Hooks.<init>(Hooks.java:26)\r\n\t... 52 more\r\nCaused by: java.io.UncheckedIOException: java.net.ConnectException\r\n\tat org.openqa.selenium.remote.http.jdk.JdkHttpClient.execute0(JdkHttpClient.java:442)\r\n\tat org.openqa.selenium.remote.http.AddSeleniumUserAgent.lambda$apply$0(AddSeleniumUserAgent.java:42)\r\n\tat org.openqa.selenium.remote.http.Filter.lambda$andFinally$1(Filter.java:55)\r\n\tat org.openqa.selenium.remote.http.jdk.JdkHttpClient.execute(JdkHttpClient.java:358)\r\n\tat org.openqa.selenium.remote.tracing.TracedHttpClient.execute(TracedHttpClient.java:54)\r\n\tat org.openqa.selenium.remote.ProtocolHandshake.createSession(ProtocolHandshake.java:115)\r\n\tat org.openqa.selenium.remote.ProtocolHandshake.createSession(ProtocolHandshake.java:96)\r\n\tat org.openqa.selenium.remote.ProtocolHandshake.createSession(ProtocolHandshake.java:68)\r\n\tat org.openqa.selenium.remote.HttpCommandExecutor.execute(HttpCommandExecutor.java:163)\r\n\tat org.openqa.selenium.remote.TracedCommandExecutor.execute(TracedCommandExecutor.java:51)\r\n\tat org.openqa.selenium.remote.RemoteWebDriver.execute(RemoteWebDriver.java:523)\r\n\t... 57 more\r\nCaused by: java.net.ConnectException\r\n\tat java.net.http/jdk.internal.net.http.common.Utils.toConnectException(Utils.java:1107)\r\n\tat java.net.http/jdk.internal.net.http.PlainHttpConnection.connectAsync(PlainHttpConnection.java:203)\r\n\tat java.net.http/jdk.internal.net.http.PlainHttpConnection.checkRetryConnect(PlainHttpConnection.java:238)\r\n\tat java.net.http/jdk.internal.net.http.PlainHttpConnection.lambda$connectAsync$1(PlainHttpConnection.java:214)\r\n\tat java.base/java.util.concurrent.CompletableFuture.uniHandle(CompletableFuture.java:934)\r\n\tat java.base/java.util.concurrent.CompletableFuture$UniHandle.tryFire(CompletableFuture.java:911)\r\n\tat java.base/java.util.concurrent.CompletableFuture.postComplete(CompletableFuture.java:510)\r\n\tat java.base/java.util.concurrent.CompletableFuture$AsyncSupply.run$$$capture(CompletableFuture.java:1773)\r\n\tat java.base/java.util.concurrent.CompletableFuture$AsyncSupply.run(CompletableFuture.java)\r\n\tat --- Async.Stack.Trace --- (captured by IntelliJ IDEA debugger)\r\n\tat java.base/java.util.concurrent.CompletableFuture$AsyncSupply.<init>(CompletableFuture.java:1754)\r\n\tat java.base/java.util.concurrent.CompletableFuture.completeAsync(CompletableFuture.java:2673)\r\n\tat java.net.http/jdk.internal.net.http.PlainHttpConnection$ConnectEvent.handle(PlainHttpConnection.java:150)\r\n\tat java.net.http/jdk.internal.net.http.HttpClientImpl$SelectorManager.handleEvent(HttpClientImpl.java:1402)\r\n\tat java.net.http/jdk.internal.net.http.HttpClientImpl$SelectorManager.lambda$run$3(HttpClientImpl.java:1347)\r\n\tat java.base/java.util.ArrayList.forEach(ArrayList.java:1511)\r\n\tat java.net.http/jdk.internal.net.http.HttpClientImpl$SelectorManager.run(HttpClientImpl.java:1347)\r\nCaused by: java.nio.channels.ClosedChannelException\r\n\tat java.base/sun.nio.ch.SocketChannelImpl.ensureOpen(SocketChannelImpl.java:195)\r\n\tat java.base/sun.nio.ch.SocketChannelImpl.beginConnect(SocketChannelImpl.java:760)\r\n\tat java.base/sun.nio.ch.SocketChannelImpl.connect(SocketChannelImpl.java:848)\r\n\tat java.net.http/jdk.internal.net.http.PlainHttpConnection.lambda$connectAsync$0(PlainHttpConnection.java:187)\r\n\tat java.base/java.security.AccessController.doPrivileged(AccessController.java:569)\r\n\tat java.net.http/jdk.internal.net.http.PlainHttpConnection.connectAsync(PlainHttpConnection.java:189)\r\n\t... 15 more\r\n","status":"FAILED","exception":{"type":"io.cucumber.core.exception.CucumberException","message":"Failed to instantiate class com.example.automation.configuration.Hooks"}},"timestamp":{"seconds":1770714952,"nanos":331702600}}},{"testCaseFinished":{"testCaseStartedId":"d6912416-9e03-426a-9587-7e12b21eb997","timestamp":{"seconds":1770714952,"nanos":336626700},"willBeRetried":false}},{"testCase":{"id":"b76d8c85-6da3-4fbf-b45a-bad0dd14bc91","pickleId":"72204064-f60f-45d6-b2d2-73ee2bbf8020","testSteps":[{"hookId":"9ea3fcae-e1f5-467f-ad70-988025ef79e0","id":"18ef5c02-cbcc-4f42-bfba-6e3ffaafb4b8"},{"id":"8d7bd858-e1a4-441e-a3cb-f7929a29b599","pickleStepId":"30ae8569-1bef-42e5-936a-2cbc758215fb","stepDefinitionIds":["19c55770-dcb7-4ca0-afce-217cd668fbef"],"stepMatchArgumentsLists":[{"stepMatchArguments":[]}]},{"id":"e213a23c-4cd2-4b42-9e5a-28b19964c21e","pickleStepId":"494f4949-7331-42b2-a439-52fce74de9e1","stepDefinitionIds":["a96c0f84-0b7c-4e93-ba87-65bf800e53e2"],"stepMatchArgumentsLists":[{"stepMatchArguments":[{"group":{"children":[{"children":[{"children":[],"start":-1}],"start":20,"value":"standard_user"},{"children":[{"children":[],"start":-1}],"start":-1}],"start":19,"value":"\"standard_user\""},"parameterTypeName":"string"},{"group":{"children":[{"children":[{"children":[],"start":-1}],"start":55,"value":"secret_sauce"},{"children":[{"children":[],"start":-1}],"start":-1}],"start":54,"value":"\"secret_sauce\""},"parameterTypeName":"string"}]}]},{"id":"a490c64d-c4c5-4609-9326-7f79aad21d69","pickleStepId":"58451fd6-3848-44f1-a16f-d67ad181211a","stepDefinitionIds":["28da36bb-14d9-4ecb-99a2-b6cec91ba119"],"stepMatchArgumentsLists":[{"stepMatchArguments":[{"group":{"children":[{"children":[{"children":[],"start":-1}],"start":40,"value":"success"},{"children":[{"children":[],"start":-1}],"start":-1}],"start":39,"value":"\"success\""},"parameterTypeName":"string"}]}]},{"hookId":"67439102-098e-4f65-83e2-dcce9eb92852","id":"4e4f9f39-1c19-433b-a450-32d31a7a0139"}]}},{"testCaseStarted":{"attempt":0,"id":"17a8f553-0320-4c55-bdc4-34fa008bc0c0","testCaseId":"b76d8c85-6da3-4fbf-b45a-bad0dd14bc91","workerId":"main","timestamp":{"seconds":1770714952,"nanos":353574800}}},{"testStepStarted":{"testCaseStartedId":"17a8f553-0320-4c55-bdc4-34fa008bc0c0","testStepId":"18ef5c02-cbcc-4f42-bfba-6e3ffaafb4b8","timestamp":{"seconds":1770714952,"nanos":354574500}}},{"testStepFinished":{"testCaseStartedId":"17a8f553-0320-4c55-bdc4-34fa008bc0c0","testStepId":"18ef5c02-cbcc-4f42-bfba-6e3ffaafb4b8","testStepResult":{"duration":{"seconds":4,"nanos":89121600},"message":"io.cucumber.core.exception.CucumberException: Failed to instantiate class com.example.automation.configuration.Hooks\r\n\tat io.cucumber.core.backend.DefaultObjectFactory.cacheNewInstance(DefaultObjectFactory.java:67)\r\n\tat io.cucumber.core.backend.DefaultObjectFactory.getInstance(DefaultObjectFactory.java:45)\r\n\tat io.cucumber.java.AbstractGlueDefinition.invokeMethod(AbstractGlueDefinition.java:47)\r\n\tat io.cucumber.java.JavaHookDefinition.execute(JavaHookDefinition.java:64)\r\n\tat io.cucumber.core.runner.CoreHookDefinition.execute(CoreHookDefinition.java:46)\r\n\tat io.cucumber.core.runner.HookDefinitionMatch.runStep(HookDefinitionMatch.java:21)\r\n\tat io.cucumber.core.runner.ExecutionMode$1.execute(ExecutionMode.java:10)\r\n\tat io.cucumber.core.runner.TestStep.executeStep(TestStep.java:84)\r\n\tat io.cucumber.core.runner.TestStep.run(TestStep.java:56)\r\n\tat io.cucumber.core.runner.TestCase.run(TestCase.java:78)\r\n\tat io.cucumber.core.runner.Runner.runPickle(Runner.java:75)\r\n\tat io.cucumber.junit.PickleRunners$NoStepDescriptions.lambda$run$0(PickleRunners.java:151)\r\n\tat io.cucumber.core.runtime.CucumberExecutionContext.lambda$runTestCase$5(CucumberExecutionContext.java:137)\r\n\tat io.cucumber.core.runtime.RethrowingThrowableCollector.executeAndThrow(RethrowingThrowableCollector.java:23)\r\n\tat io.cucumber.core.runtime.CucumberExecutionContext.runTestCase(CucumberExecutionContext.java:137)\r\n\tat io.cucumber.junit.PickleRunners$NoStepDescriptions.run(PickleRunners.java:148)\r\n\tat io.cucumber.junit.FeatureRunner.runChild(FeatureRunner.java:144)\r\n\tat io.cucumber.junit.FeatureRunner.runChild(FeatureRunner.java:28)\r\n\tat org.junit.runners.ParentRunner$4.run(ParentRunner.java:331)\r\n\tat org.junit.runners.ParentRunner$1.schedule(ParentRunner.java:79)\r\n\tat org.junit.runners.ParentRunner.runChildren(ParentRunner.java:329)\r\n\tat org.junit.runners.ParentRunner.access$100(ParentRunner.java:66)\r\n\tat org.junit.runners.ParentRunner$2.evaluate(ParentRunner.java:293)\r\n\tat org.junit.runners.ParentRunner$3.evaluate(ParentRunner.java:306)\r\n\tat org.junit.runners.ParentRunner.run(ParentRunner.java:413)\r\n\tat io.cucumber.junit.FeatureRunner.run(FeatureRunner.java:137)\r\n\tat io.cucumber.junit.Cucumber.runChild(Cucumber.java:196)\r\n\tat io.cucumber.junit.Cucumber.runChild(Cucumber.java:89)\r\n\tat org.junit.runners.ParentRunner$4.run(ParentRunner.java:331)\r\n\tat org.junit.runners.ParentRunner$1.schedule(ParentRunner.java:79)\r\n\tat org.junit.runners.ParentRunner.runChildren(ParentRunner.java:329)\r\n\tat org.junit.runners.ParentRunner.access$100(ParentRunner.java:66)\r\n\tat org.junit.runners.ParentRunner$2.evaluate(ParentRunner.java:293)\r\n\tat io.cucumber.core.runtime.CucumberExecutionContext.lambda$runFeatures$6(CucumberExecutionContext.java:148)\r\n\tat io.cucumber.core.runtime.CucumberExecutionContext.execute(CucumberExecutionContext.java:163)\r\n\tat io.cucumber.core.runtime.CucumberExecutionContext.runFeatures(CucumberExecutionContext.java:146)\r\n\tat io.cucumber.junit.Cucumber$StartAndFinishTestRun.evaluate(Cucumber.java:226)\r\n\tat org.junit.internal.runners.statements.RunAfters.evaluate(RunAfters.java:27)\r\n\tat org.junit.runners.ParentRunner$3.evaluate(ParentRunner.java:306)\r\n\tat org.junit.runners.ParentRunner.run(ParentRunner.java:413)\r\n\tat org.junit.runner.JUnitCore.run(JUnitCore.java:137)\r\n\tat com.intellij.junit4.JUnit4IdeaTestRunner.startRunnerWithArgs(JUnit4IdeaTestRunner.java:69)\r\n\tat com.intellij.rt.junit.IdeaTestRunner$Repeater$1.execute(IdeaTestRunner.java:38)\r\n\tat com.intellij.rt.execution.junit.TestsRepeater.repeat(TestsRepeater.java:11)\r\n\tat com.intellij.rt.junit.IdeaTestRunner$Repeater.startRunnerWithArgs(IdeaTestRunner.java:35)\r\n\tat com.intellij.rt.junit.JUnitStarter.prepareStreamsAndStart(JUnitStarter.java:237)\r\n\tat com.intellij.rt.junit.JUnitStarter.main(JUnitStarter.java:58)\r\nCaused by: java.lang.reflect.InvocationTargetException\r\n\tat java.base/jdk.internal.reflect.NativeConstructorAccessorImpl.newInstance0(Native Method)\r\n\tat java.base/jdk.internal.reflect.NativeConstructorAccessorImpl.newInstance(NativeConstructorAccessorImpl.java:77)\r\n\tat java.base/jdk.internal.reflect.DelegatingConstructorAccessorImpl.newInstance(DelegatingConstructorAccessorImpl.java:45)\r\n\tat java.base/java.lang.reflect.Constructor.newInstanceWithCaller(Constructor.java:500)\r\n\tat java.base/java.lang.reflect.Constructor.newInstance(Constructor.java:481)\r\n\tat io.cucumber.core.backend.DefaultObjectFactory.cacheNewInstance(DefaultObjectFactory.java:53)\r\n\t... 46 more\r\nCaused by: org.openqa.selenium.SessionNotCreatedException: Could not start a new session. Possible causes are invalid address of the remote server or browser start-up failure. \nHost info: host: 'DESKTOP-6IM55F2', ip: '172.16.14.190'\nBuild info: version: '4.16.1', revision: '9b4c83354e'\nSystem info: os.name: 'Windows 10', os.arch: 'amd64', os.version: '10.0', java.version: '17.0.17'\nDriver info: org.openqa.selenium.remote.RemoteWebDriver\nCommand: [null, newSession {capabilities=[Capabilities {browserName: MicrosoftEdge, ms:edgeOptions: {args: [], extensions: []}}]}]\nCapabilities {browserName: MicrosoftEdge, ms:edgeOptions: {args: [], extensions: []}}\r\n\tat org.openqa.selenium.remote.RemoteWebDriver.execute(RemoteWebDriver.java:541)\r\n\tat org.openqa.selenium.remote.RemoteWebDriver.startSession(RemoteWebDriver.java:237)\r\n\tat org.openqa.selenium.remote.RemoteWebDriver.<init>(RemoteWebDriver.java:164)\r\n\tat org.openqa.selenium.remote.RemoteWebDriver.<init>(RemoteWebDriver.java:144)\r\n\tat com.example.automation.configuration.DriverFactory.getDriver(DriverFactory.java:38)\r\n\tat com.example.automation.configuration.Hooks.<init>(Hooks.java:26)\r\n\t... 52 more\r\nCaused by: java.io.UncheckedIOException: java.net.ConnectException\r\n\tat org.openqa.selenium.remote.http.jdk.JdkHttpClient.execute0(JdkHttpClient.java:442)\r\n\tat org.openqa.selenium.remote.http.AddSeleniumUserAgent.lambda$apply$0(AddSeleniumUserAgent.java:42)\r\n\tat org.openqa.selenium.remote.http.Filter.lambda$andFinally$1(Filter.java:55)\r\n\tat org.openqa.selenium.remote.http.jdk.JdkHttpClient.execute(JdkHttpClient.java:358)\r\n\tat org.openqa.selenium.remote.tracing.TracedHttpClient.execute(TracedHttpClient.java:54)\r\n\tat org.openqa.selenium.remote.ProtocolHandshake.createSession(ProtocolHandshake.java:115)\r\n\tat org.openqa.selenium.remote.ProtocolHandshake.createSession(ProtocolHandshake.java:96)\r\n\tat org.openqa.selenium.remote.ProtocolHandshake.createSession(ProtocolHandshake.java:68)\r\n\tat org.openqa.selenium.remote.HttpCommandExecutor.execute(HttpCommandExecutor.java:163)\r\n\tat org.openqa.selenium.remote.TracedCommandExecutor.execute(TracedCommandExecutor.java:51)\r\n\tat org.openqa.selenium.remote.RemoteWebDriver.execute(RemoteWebDriver.java:523)\r\n\t... 57 more\r\nCaused by: java.net.ConnectException\r\n\tat java.net.http/jdk.internal.net.http.common.Utils.toConnectException(Utils.java:1107)\r\n\tat java.net.http/jdk.internal.net.http.PlainHttpConnection.connectAsync(PlainHttpConnection.java:203)\r\n\tat java.net.http/jdk.internal.net.http.PlainHttpConnection.checkRetryConnect(PlainHttpConnection.java:238)\r\n\tat java.net.http/jdk.internal.net.http.PlainHttpConnection.lambda$connectAsync$1(PlainHttpConnection.java:214)\r\n\tat java.base/java.util.concurrent.CompletableFuture.uniHandle(CompletableFuture.java:934)\r\n\tat java.base/java.util.concurrent.CompletableFuture$UniHandle.tryFire(CompletableFuture.java:911)\r\n\tat java.base/java.util.concurrent.CompletableFuture.postComplete(CompletableFuture.java:510)\r\n\tat java.base/java.util.concurrent.CompletableFuture$AsyncSupply.run$$$capture(CompletableFuture.java:1773)\r\n\tat java.base/java.util.concurrent.CompletableFuture$AsyncSupply.run(CompletableFuture.java)\r\n\tat --- Async.Stack.Trace --- (captured by IntelliJ IDEA debugger)\r\n\tat java.base/java.util.concurrent.CompletableFuture$AsyncSupply.<init>(CompletableFuture.java:1754)\r\n\tat java.base/java.util.concurrent.CompletableFuture.completeAsync(CompletableFuture.java:2673)\r\n\tat java.net.http/jdk.internal.net.http.PlainHttpConnection$ConnectEvent.handle(PlainHttpConnection.java:150)\r\n\tat java.net.http/jdk.internal.net.http.HttpClientImpl$SelectorManager.handleEvent(HttpClientImpl.java:1402)\r\n\tat java.net.http/jdk.internal.net.http.HttpClientImpl$SelectorManager.lambda$run$3(HttpClientImpl.java:1347)\r\n\tat java.base/java.util.ArrayList.forEach(ArrayList.java:1511)\r\n\tat java.net.http/jdk.internal.net.http.HttpClientImpl$SelectorManager.run(HttpClientImpl.java:1347)\r\nCaused by: java.nio.channels.ClosedChannelException\r\n\tat java.base/sun.nio.ch.SocketChannelImpl.ensureOpen(SocketChannelImpl.java:195)\r\n\tat java.base/sun.nio.ch.SocketChannelImpl.beginConnect(SocketChannelImpl.java:760)\r\n\tat java.base/sun.nio.ch.SocketChannelImpl.connect(SocketChannelImpl.java:848)\r\n\tat java.net.http/jdk.internal.net.http.PlainHttpConnection.lambda$connectAsync$0(PlainHttpConnection.java:187)\r\n\tat java.base/java.security.AccessController.doPrivileged(AccessController.java:569)\r\n\tat java.net.http/jdk.internal.net.http.PlainHttpConnection.connectAsync(PlainHttpConnection.java:189)\r\n\t... 15 more\r\n","status":"FAILED","exception":{"type":"io.cucumber.core.exception.CucumberException","message":"Failed to instantiate class com.example.automation.configuration.Hooks"}},"timestamp":{"seconds":1770714956,"nanos":443696100}}},{"testStepStarted":{"testCaseStartedId":"17a8f553-0320-4c55-bdc4-34fa008bc0c0","testStepId":"8d7bd858-e1a4-441e-a3cb-f7929a29b599","timestamp":{"seconds":1770714956,"nanos":443696100}}},{"testStepFinished":{"testCaseStartedId":"17a8f553-0320-4c55-bdc4-34fa008bc0c0","testStepId":"8d7bd858-e1a4-441e-a3cb-f7929a29b599","testStepResult":{"duration":{"seconds":0,"nanos":0},"status":"SKIPPED"},"timestamp":{"seconds":1770714956,"nanos":443696100}}},{"testStepStarted":{"testCaseStartedId":"17a8f553-0320-4c55-bdc4-34fa008bc0c0","testStepId":"e213a23c-4cd2-4b42-9e5a-28b19964c21e","timestamp":{"seconds":1770714956,"nanos":443696100}}},{"testStepFinished":{"testCaseStartedId":"17a8f553-0320-4c55-bdc4-34fa008bc0c0","testStepId":"e213a23c-4cd2-4b42-9e5a-28b19964c21e","testStepResult":{"duration":{"seconds":0,"nanos":0},"status":"SKIPPED"},"timestamp":{"seconds":1770714956,"nanos":443696100}}},{"testStepStarted":{"testCaseStartedId":"17a8f553-0320-4c55-bdc4-34fa008bc0c0","testStepId":"a490c64d-c4c5-4609-9326-7f79aad21d69","timestamp":{"seconds":1770714956,"nanos":443696100}}},{"testStepFinished":{"testCaseStartedId":"17a8f553-0320-4c55-bdc4-34fa008bc0c0","testStepId":"a490c64d-c4c5-4609-9326-7f79aad21d69","testStepResult":{"duration":{"seconds":0,"nanos":0},"status":"SKIPPED"},"timestamp":{"seconds":1770714956,"nanos":443696100}}},{"testStepStarted":{"testCaseStartedId":"17a8f553-0320-4c55-bdc4-34fa008bc0c0","testStepId":"4e4f9f39-1c19-433b-a450-32d31a7a0139","timestamp":{"seconds":1770714956,"nanos":443696100}}},{"testStepFinished":{"testCaseStartedId":"17a8f553-0320-4c55-bdc4-34fa008bc0c0","testStepId":"4e4f9f39-1c19-433b-a450-32d31a7a0139","testStepResult":{"duration":{"seconds":4,"nanos":58983200},"message":"io.cucumber.core.exception.CucumberException: Failed to instantiate class com.example.automation.configuration.Hooks\r\n\tat io.cucumber.core.backend.DefaultObjectFactory.cacheNewInstance(DefaultObjectFactory.java:67)\r\n\tat io.cucumber.core.backend.DefaultObjectFactory.getInstance(DefaultObjectFactory.java:45)\r\n\tat io.cucumber.java.AbstractGlueDefinition.invokeMethod(AbstractGlueDefinition.java:47)\r\n\tat io.cucumber.java.JavaHookDefinition.execute(JavaHookDefinition.java:64)\r\n\tat io.cucumber.core.runner.CoreHookDefinition.execute(CoreHookDefinition.java:46)\r\n\tat io.cucumber.core.runner.HookDefinitionMatch.runStep(HookDefinitionMatch.java:21)\r\n\tat io.cucumber.core.runner.ExecutionMode$1.execute(ExecutionMode.java:10)\r\n\tat io.cucumber.core.runner.TestStep.executeStep(TestStep.java:84)\r\n\tat io.cucumber.core.runner.TestStep.run(TestStep.java:56)\r\n\tat io.cucumber.core.runner.TestCase.run(TestCase.java:90)\r\n\tat io.cucumber.core.runner.Runner.runPickle(Runner.java:75)\r\n\tat io.cucumber.junit.PickleRunners$NoStepDescriptions.lambda$run$0(PickleRunners.java:151)\r\n\tat io.cucumber.core.runtime.CucumberExecutionContext.lambda$runTestCase$5(CucumberExecutionContext.java:137)\r\n\tat io.cucumber.core.runtime.RethrowingThrowableCollector.executeAndThrow(RethrowingThrowableCollector.java:23)\r\n\tat io.cucumber.core.runtime.CucumberExecutionContext.runTestCase(CucumberExecutionContext.java:137)\r\n\tat io.cucumber.junit.PickleRunners$NoStepDescriptions.run(PickleRunners.java:148)\r\n\tat io.cucumber.junit.FeatureRunner.runChild(FeatureRunner.java:144)\r\n\tat io.cucumber.junit.FeatureRunner.runChild(FeatureRunner.java:28)\r\n\tat org.junit.runners.ParentRunner$4.run(ParentRunner.java:331)\r\n\tat org.junit.runners.ParentRunner$1.schedule(ParentRunner.java:79)\r\n\tat org.junit.runners.ParentRunner.runChildren(ParentRunner.java:329)\r\n\tat org.junit.runners.ParentRunner.access$100(ParentRunner.java:66)\r\n\tat org.junit.runners.ParentRunner$2.evaluate(ParentRunner.java:293)\r\n\tat org.junit.runners.ParentRunner$3.evaluate(ParentRunner.java:306)\r\n\tat org.junit.runners.ParentRunner.run(ParentRunner.java:413)\r\n\tat io.cucumber.junit.FeatureRunner.run(FeatureRunner.java:137)\r\n\tat io.cucumber.junit.Cucumber.runChild(Cucumber.java:196)\r\n\tat io.cucumber.junit.Cucumber.runChild(Cucumber.java:89)\r\n\tat org.junit.runners.ParentRunner$4.run(ParentRunner.java:331)\r\n\tat org.junit.runners.ParentRunner$1.schedule(ParentRunner.java:79)\r\n\tat org.junit.runners.ParentRunner.runChildren(ParentRunner.java:329)\r\n\tat org.junit.runners.ParentRunner.access$100(ParentRunner.java:66)\r\n\tat org.junit.runners.ParentRunner$2.evaluate(ParentRunner.java:293)\r\n\tat io.cucumber.core.runtime.CucumberExecutionContext.lambda$runFeatures$6(CucumberExecutionContext.java:148)\r\n\tat io.cucumber.core.runtime.CucumberExecutionContext.execute(CucumberExecutionContext.java:163)\r\n\tat io.cucumber.core.runtime.CucumberExecutionContext.runFeatures(CucumberExecutionContext.java:146)\r\n\tat io.cucumber.junit.Cucumber$StartAndFinishTestRun.evaluate(Cucumber.java:226)\r\n\tat org.junit.internal.runners.statements.RunAfters.evaluate(RunAfters.java:27)\r\n\tat org.junit.runners.ParentRunner$3.evaluate(ParentRunner.java:306)\r\n\tat org.junit.runners.ParentRunner.run(ParentRunner.java:413)\r\n\tat org.junit.runner.JUnitCore.run(JUnitCore.java:137)\r\n\tat com.intellij.junit4.JUnit4IdeaTestRunner.startRunnerWithArgs(JUnit4IdeaTestRunner.java:69)\r\n\tat com.intellij.rt.junit.IdeaTestRunner$Repeater$1.execute(IdeaTestRunner.java:38)\r\n\tat com.intellij.rt.execution.junit.TestsRepeater.repeat(TestsRepeater.java:11)\r\n\tat com.intellij.rt.junit.IdeaTestRunner$Repeater.startRunnerWithArgs(IdeaTestRunner.java:35)\r\n\tat com.intellij.rt.junit.JUnitStarter.prepareStreamsAndStart(JUnitStarter.java:237)\r\n\tat com.intellij.rt.junit.JUnitStarter.main(JUnitStarter.java:58)\r\nCaused by: java.lang.reflect.InvocationTargetException\r\n\tat java.base/jdk.internal.reflect.NativeConstructorAccessorImpl.newInstance0(Native Method)\r\n\tat java.base/jdk.internal.reflect.NativeConstructorAccessorImpl.newInstance(NativeConstructorAccessorImpl.java:77)\r\n\tat java.base/jdk.internal.reflect.DelegatingConstructorAccessorImpl.newInstance(DelegatingConstructorAccessorImpl.java:45)\r\n\tat java.base/java.lang.reflect.Constructor.newInstanceWithCaller(Constructor.java:500)\r\n\tat java.base/java.lang.reflect.Constructor.newInstance(Constructor.java:481)\r\n\tat io.cucumber.core.backend.DefaultObjectFactory.cacheNewInstance(DefaultObjectFactory.java:53)\r\n\t... 46 more\r\nCaused by: org.openqa.selenium.SessionNotCreatedException: Could not start a new session. Possible causes are invalid address of the remote server or browser start-up failure. \nHost info: host: 'DESKTOP-6IM55F2', ip: '172.16.14.190'\nBuild info: version: '4.16.1', revision: '9b4c83354e'\nSystem info: os.name: 'Windows 10', os.arch: 'amd64', os.version: '10.0', java.version: '17.0.17'\nDriver info: org.openqa.selenium.remote.RemoteWebDriver\nCommand: [null, newSession {capabilities=[Capabilities {browserName: MicrosoftEdge, ms:edgeOptions: {args: [], extensions: []}}]}]\nCapabilities {browserName: MicrosoftEdge, ms:edgeOptions: {args: [], extensions: []}}\r\n\tat org.openqa.selenium.remote.RemoteWebDriver.execute(RemoteWebDriver.java:541)\r\n\tat org.openqa.selenium.remote.RemoteWebDriver.startSession(RemoteWebDriver.java:237)\r\n\tat org.openqa.selenium.remote.RemoteWebDriver.<init>(RemoteWebDriver.java:164)\r\n\tat org.openqa.selenium.remote.RemoteWebDriver.<init>(RemoteWebDriver.java:144)\r\n\tat com.example.automation.configuration.DriverFactory.getDriver(DriverFactory.java:38)\r\n\tat com.example.automation.configuration.Hooks.<init>(Hooks.java:26)\r\n\t... 52 more\r\nCaused by: java.io.UncheckedIOException: java.net.ConnectException\r\n\tat org.openqa.selenium.remote.http.jdk.JdkHttpClient.execute0(JdkHttpClient.java:442)\r\n\tat org.openqa.selenium.remote.http.AddSeleniumUserAgent.lambda$apply$0(AddSeleniumUserAgent.java:42)\r\n\tat org.openqa.selenium.remote.http.Filter.lambda$andFinally$1(Filter.java:55)\r\n\tat org.openqa.selenium.remote.http.jdk.JdkHttpClient.execute(JdkHttpClient.java:358)\r\n\tat org.openqa.selenium.remote.tracing.TracedHttpClient.execute(TracedHttpClient.java:54)\r\n\tat org.openqa.selenium.remote.ProtocolHandshake.createSession(ProtocolHandshake.java:115)\r\n\tat org.openqa.selenium.remote.ProtocolHandshake.createSession(ProtocolHandshake.java:96)\r\n\tat org.openqa.selenium.remote.ProtocolHandshake.createSession(ProtocolHandshake.java:68)\r\n\tat org.openqa.selenium.remote.HttpCommandExecutor.execute(HttpCommandExecutor.java:163)\r\n\tat org.openqa.selenium.remote.TracedCommandExecutor.execute(TracedCommandExecutor.java:51)\r\n\tat org.openqa.selenium.remote.RemoteWebDriver.execute(RemoteWebDriver.java:523)\r\n\t... 57 more\r\nCaused by: java.net.ConnectException\r\n\tat java.net.http/jdk.internal.net.http.common.Utils.toConnectException(Utils.java:1107)\r\n\tat java.net.http/jdk.internal.net.http.PlainHttpConnection.connectAsync(PlainHttpConnection.java:203)\r\n\tat java.net.http/jdk.internal.net.http.PlainHttpConnection.checkRetryConnect(PlainHttpConnection.java:238)\r\n\tat java.net.http/jdk.internal.net.http.PlainHttpConnection.lambda$connectAsync$1(PlainHttpConnection.java:214)\r\n\tat java.base/java.util.concurrent.CompletableFuture.uniHandle(CompletableFuture.java:934)\r\n\tat java.base/java.util.concurrent.CompletableFuture$UniHandle.tryFire(CompletableFuture.java:911)\r\n\tat java.base/java.util.concurrent.CompletableFuture.postComplete(CompletableFuture.java:510)\r\n\tat java.base/java.util.concurrent.CompletableFuture$AsyncSupply.run$$$capture(CompletableFuture.java:1773)\r\n\tat java.base/java.util.concurrent.CompletableFuture$AsyncSupply.run(CompletableFuture.java)\r\n\tat --- Async.Stack.Trace --- (captured by IntelliJ IDEA debugger)\r\n\tat java.base/java.util.concurrent.CompletableFuture$AsyncSupply.<init>(CompletableFuture.java:1754)\r\n\tat java.base/java.util.concurrent.CompletableFuture.completeAsync(CompletableFuture.java:2673)\r\n\tat java.net.http/jdk.internal.net.http.PlainHttpConnection$ConnectEvent.handle(PlainHttpConnection.java:150)\r\n\tat java.net.http/jdk.internal.net.http.HttpClientImpl$SelectorManager.handleEvent(HttpClientImpl.java:1402)\r\n\tat java.net.http/jdk.internal.net.http.HttpClientImpl$SelectorManager.lambda$run$3(HttpClientImpl.java:1347)\r\n\tat java.base/java.util.ArrayList.forEach(ArrayList.java:1511)\r\n\tat java.net.http/jdk.internal.net.http.HttpClientImpl$SelectorManager.run(HttpClientImpl.java:1347)\r\nCaused by: java.nio.channels.ClosedChannelException\r\n\tat java.base/sun.nio.ch.SocketChannelImpl.ensureOpen(SocketChannelImpl.java:195)\r\n\tat java.base/sun.nio.ch.SocketChannelImpl.beginConnect(SocketChannelImpl.java:760)\r\n\tat java.base/sun.nio.ch.SocketChannelImpl.connect(SocketChannelImpl.java:848)\r\n\tat java.net.http/jdk.internal.net.http.PlainHttpConnection.lambda$connectAsync$0(PlainHttpConnection.java:187)\r\n\tat java.base/java.security.AccessController.doPrivileged(AccessController.java:569)\r\n\tat java.net.http/jdk.internal.net.http.PlainHttpConnection.connectAsync(PlainHttpConnection.java:189)\r\n\t... 15 more\r\n","status":"FAILED","exception":{"type":"io.cucumber.core.exception.CucumberException","message":"Failed to instantiate class com.example.automation.configuration.Hooks"}},"timestamp":{"seconds":1770714960,"nanos":502679300}}},{"testCaseFinished":{"testCaseStartedId":"17a8f553-0320-4c55-bdc4-34fa008bc0c0","timestamp":{"seconds":1770714960,"nanos":506028300},"willBeRetried":false}},{"testCase":{"id":"aae5d870-cbde-46a9-954f-21cb4276f050","pickleId":"f24ee268-6347-4541-be6e-1e57f070e837","testSteps":[{"hookId":"9ea3fcae-e1f5-467f-ad70-988025ef79e0","id":"ad045904-1ee8-4929-bb3e-6f3d4c7fc845"},{"id":"bf5e0c9b-2402-4d6f-8943-eb9c945a8ae6","pickleStepId":"db931ed3-7f49-45a7-be1a-32311b60fa78","stepDefinitionIds":["8b3a8c6c-6277-4be9-a032-23cfcd1c58d9"],"stepMatchArgumentsLists":[{"stepMatchArguments":[]}]},{"id":"785ca5d9-384b-4c4c-b14d-a8a8e1588c7e","pickleStepId":"20f67c6e-2dd2-4fd4-a1b3-715c37649a29","stepDefinitionIds":["ca3df26f-a8cc-446d-abb8-8c42210782d3"],"stepMatchArgumentsLists":[{"stepMatchArguments":[{"group":{"children":[{"children":[{"children":[],"start":-1}],"start":20,"value":"locked_out_user"},{"children":[{"children":[],"start":-1}],"start":-1}],"start":19,"value":"\"locked_out_user\""},"parameterTypeName":"string"},{"group":{"children":[{"children":[{"children":[],"start":-1}],"start":57,"value":"secret_sauce"},{"children":[{"children":[],"start":-1}],"start":-1}],"start":56,"value":"\"secret_sauce\""},"parameterTypeName":"string"}]}]},{"id":"0b4150db-1645-4619-bd8f-4a54bc3f14be","pickleStepId":"f6a1f699-4db2-41fe-83a5-aa48adcea6b1","stepDefinitionIds":["580e6cd9-3d76-4a21-95a4-fcedc5160fe3"],"stepMatchArgumentsLists":[{"stepMatchArguments":[{"group":{"children":[{"children":[{"children":[],"start":-1}],"start":40,"value":"failed"},{"children":[{"children":[],"start":-1}],"start":-1}],"start":39,"value":"\"failed\""},"parameterTypeName":"string"}]}]},{"hookId":"67439102-098e-4f65-83e2-dcce9eb92852","id":"a24ea69d-5b72-4aa7-9d0f-3a281ba11274"}]}},{"testCaseStarted":{"attempt":0,"id":"76308e2a-3a95-4bc9-be3b-68e589c9bafa","testCaseId":"aae5d870-cbde-46a9-954f-21cb4276f050","workerId":"main","timestamp":{"seconds":1770714960,"nanos":510913100}}},{"testStepStarted":{"testCaseStartedId":"76308e2a-3a95-4bc9-be3b-68e589c9bafa","testStepId":"ad045904-1ee8-4929-bb3e-6f3d4c7fc845","timestamp":{"seconds":1770714960,"nanos":512027000}}}